2022-07-29 04:09:30.399  WARN 1 --- [l-1 housekeeper] com.zaxxer.hikari.pool.HikariPool        : HikariPool-1 - Thread starvation or clock leap detected (housekeeper delta=7h57m253ms762µs800ns).
2022-07-29 05:44:50.182  WARN 1 --- [l-1 housekeeper] com.zaxxer.hikari.pool.HikariPool        : HikariPool-1 - Thread starvation or clock leap detected (housekeeper delta=38m18s256ms27µs100ns).
2022-07-29 05:44:50.604  INFO 1 --- [onaws.com:27017] org.mongodb.driver.cluster               : Exception in monitor thread while connecting to server ec2-3-232-57-4.compute-1.amazonaws.com:27017

com.mongodb.MongoSocketException: ec2-3-232-57-4.compute-1.amazonaws.com: Name does not resolve
	at com.mongodb.ServerAddress.getSocketAddresses(ServerAddress.java:217)
	at com.mongodb.internal.connection.SocketStream.initializeSocket(SocketStream.java:75)
	at com.mongodb.internal.connection.SocketStream.open(SocketStream.java:65)
	at com.mongodb.internal.connection.InternalStreamConnection.open(InternalStreamConnection.java:180)
	at com.mongodb.internal.connection.DefaultServerMonitor$ServerMonitorRunnable.lookupServerDescription(DefaultServerMonitor.java:193)
	at com.mongodb.internal.connection.DefaultServerMonitor$ServerMonitorRunnable.run(DefaultServerMonitor.java:157)
	at java.base/java.lang.Thread.run(Thread.java:829)
Caused by: java.net.UnknownHostException: ec2-3-232-57-4.compute-1.amazonaws.com: Name does not resolve
	at java.base/java.net.Inet4AddressImpl.lookupAllHostAddr(Native Method)
	at java.base/java.net.InetAddress$PlatformNameService.lookupAllHostAddr(InetAddress.java:929)
	at java.base/java.net.InetAddress.getAddressesFromNameService(InetAddress.java:1529)
	at java.base/java.net.InetAddress$NameServiceAddresses.get(InetAddress.java:848)
	at java.base/java.net.InetAddress.getAllByName0(InetAddress.java:1519)
	at java.base/java.net.InetAddress.getAllByName(InetAddress.java:1378)
	at java.base/java.net.InetAddress.getAllByName(InetAddress.java:1306)
	at com.mongodb.ServerAddress.getSocketAddresses(ServerAddress.java:209)
	... 6 common frames omitted

2022-07-29 05:45:00.618  INFO 1 --- [onaws.com:27017] org.mongodb.driver.cluster               : Exception in monitor thread while connecting to server ec2-3-232-57-4.compute-1.amazonaws.com:27017

com.mongodb.MongoSocketException: ec2-3-232-57-4.compute-1.amazonaws.com
	at com.mongodb.ServerAddress.getSocketAddresses(ServerAddress.java:217)
	at com.mongodb.internal.connection.SocketStream.initializeSocket(SocketStream.java:75)
	at com.mongodb.internal.connection.SocketStream.open(SocketStream.java:65)
	at com.mongodb.internal.connection.InternalStreamConnection.open(InternalStreamConnection.java:180)
	at com.mongodb.internal.connection.DefaultServerMonitor$ServerMonitorRunnable.lookupServerDescription(DefaultServerMonitor.java:193)
	at com.mongodb.internal.connection.DefaultServerMonitor$ServerMonitorRunnable.run(DefaultServerMonitor.java:157)
	at java.base/java.lang.Thread.run(Thread.java:829)
Caused by: java.net.UnknownHostException: ec2-3-232-57-4.compute-1.amazonaws.com
	at java.base/java.net.InetAddress$CachedAddresses.get(InetAddress.java:797)
	at java.base/java.net.InetAddress.getAllByName0(InetAddress.java:1519)
	at java.base/java.net.InetAddress.getAllByName(InetAddress.java:1378)
	at java.base/java.net.InetAddress.getAllByName(InetAddress.java:1306)
	at com.mongodb.ServerAddress.getSocketAddresses(ServerAddress.java:209)
	... 6 common frames omitted

2022-07-29 05:45:40.758  INFO 1 --- [onaws.com:27017] org.mongodb.driver.cluster               : Exception in monitor thread while connecting to server ec2-3-232-57-4.compute-1.amazonaws.com:27017

com.mongodb.MongoSocketException: ec2-3-232-57-4.compute-1.amazonaws.com: Name does not resolve
	at com.mongodb.ServerAddress.getSocketAddresses(ServerAddress.java:217)
	at com.mongodb.internal.connection.SocketStream.initializeSocket(SocketStream.java:75)
	at com.mongodb.internal.connection.SocketStream.open(SocketStream.java:65)
	at com.mongodb.internal.connection.InternalStreamConnection.open(InternalStreamConnection.java:180)
	at com.mongodb.internal.connection.DefaultServerMonitor$ServerMonitorRunnable.lookupServerDescription(DefaultServerMonitor.java:193)
	at com.mongodb.internal.connection.DefaultServerMonitor$ServerMonitorRunnable.run(DefaultServerMonitor.java:157)
	at java.base/java.lang.Thread.run(Thread.java:829)
Caused by: java.net.UnknownHostException: ec2-3-232-57-4.compute-1.amazonaws.com: Name does not resolve
	at java.base/java.net.Inet4AddressImpl.lookupAllHostAddr(Native Method)
	at java.base/java.net.InetAddress$PlatformNameService.lookupAllHostAddr(InetAddress.java:929)
	at java.base/java.net.InetAddress.getAddressesFromNameService(InetAddress.java:1529)
	at java.base/java.net.InetAddress$NameServiceAddresses.get(InetAddress.java:848)
	at java.base/java.net.InetAddress.getAllByName0(InetAddress.java:1519)
	at java.base/java.net.InetAddress.getAllByName(InetAddress.java:1378)
	at java.base/java.net.InetAddress.getAllByName(InetAddress.java:1306)
	at com.mongodb.ServerAddress.getSocketAddresses(ServerAddress.java:209)
	... 6 common frames omitted

2022-07-29 05:45:56.120  INFO 1 --- [onaws.com:27017] org.mongodb.driver.cluster               : Exception in monitor thread while connecting to server ec2-3-232-57-4.compute-1.amazonaws.com:27017

com.mongodb.MongoSocketOpenException: Exception opening socket
	at com.mongodb.internal.connection.SocketStream.open(SocketStream.java:70)
	at com.mongodb.internal.connection.InternalStreamConnection.open(InternalStreamConnection.java:180)
	at com.mongodb.internal.connection.DefaultServerMonitor$ServerMonitorRunnable.lookupServerDescription(DefaultServerMonitor.java:193)
	at com.mongodb.internal.connection.DefaultServerMonitor$ServerMonitorRunnable.run(DefaultServerMonitor.java:157)
	at java.base/java.lang.Thread.run(Thread.java:829)
Caused by: java.net.ConnectException: Connection refused (Connection refused)
	at java.base/java.net.PlainSocketImpl.socketConnect(Native Method)
	at java.base/java.net.AbstractPlainSocketImpl.doConnect(AbstractPlainSocketImpl.java:412)
	at java.base/java.net.AbstractPlainSocketImpl.connectToAddress(AbstractPlainSocketImpl.java:255)
	at java.base/java.net.AbstractPlainSocketImpl.connect(AbstractPlainSocketImpl.java:237)
	at java.base/java.net.SocksSocketImpl.connect(SocksSocketImpl.java:392)
	at java.base/java.net.Socket.connect(Socket.java:615)
	at com.mongodb.internal.connection.SocketStreamHelper.initialize(SocketStreamHelper.java:107)
	at com.mongodb.internal.connection.SocketStream.initializeSocket(SocketStream.java:79)
	at com.mongodb.internal.connection.SocketStream.open(SocketStream.java:65)
	... 4 common frames omitted

2022-07-29 05:47:36.184  INFO 1 --- [onaws.com:27017] org.mongodb.driver.cluster               : Exception in monitor thread while connecting to server ec2-3-232-57-4.compute-1.amazonaws.com:27017

com.mongodb.MongoSocketException: ec2-3-232-57-4.compute-1.amazonaws.com: Name does not resolve
	at com.mongodb.ServerAddress.getSocketAddresses(ServerAddress.java:217)
	at com.mongodb.internal.connection.SocketStream.initializeSocket(SocketStream.java:75)
	at com.mongodb.internal.connection.SocketStream.open(SocketStream.java:65)
	at com.mongodb.internal.connection.InternalStreamConnection.open(InternalStreamConnection.java:180)
	at com.mongodb.internal.connection.DefaultServerMonitor$ServerMonitorRunnable.lookupServerDescription(DefaultServerMonitor.java:193)
	at com.mongodb.internal.connection.DefaultServerMonitor$ServerMonitorRunnable.run(DefaultServerMonitor.java:157)
	at java.base/java.lang.Thread.run(Thread.java:829)
Caused by: java.net.UnknownHostException: ec2-3-232-57-4.compute-1.amazonaws.com: Name does not resolve
	at java.base/java.net.Inet4AddressImpl.lookupAllHostAddr(Native Method)
	at java.base/java.net.InetAddress$PlatformNameService.lookupAllHostAddr(InetAddress.java:929)
	at java.base/java.net.InetAddress.getAddressesFromNameService(InetAddress.java:1529)
	at java.base/java.net.InetAddress$NameServiceAddresses.get(InetAddress.java:848)
	at java.base/java.net.InetAddress.getAllByName0(InetAddress.java:1519)
	at java.base/java.net.InetAddress.getAllByName(InetAddress.java:1378)
	at java.base/java.net.InetAddress.getAllByName(InetAddress.java:1306)
	at com.mongodb.ServerAddress.getSocketAddresses(ServerAddress.java:209)
	... 6 common frames omitted

2022-07-29 05:48:26.214  INFO 1 --- [onaws.com:27017] org.mongodb.driver.cluster               : Exception in monitor thread while connecting to server ec2-3-232-57-4.compute-1.amazonaws.com:27017

com.mongodb.MongoSocketOpenException: Exception opening socket
	at com.mongodb.internal.connection.SocketStream.open(SocketStream.java:70)
	at com.mongodb.internal.connection.InternalStreamConnection.open(InternalStreamConnection.java:180)
	at com.mongodb.internal.connection.DefaultServerMonitor$ServerMonitorRunnable.lookupServerDescription(DefaultServerMonitor.java:193)
	at com.mongodb.internal.connection.DefaultServerMonitor$ServerMonitorRunnable.run(DefaultServerMonitor.java:157)
	at java.base/java.lang.Thread.run(Thread.java:829)
Caused by: java.net.SocketTimeoutException: connect timed out
	at java.base/java.net.PlainSocketImpl.socketConnect(Native Method)
	at java.base/java.net.AbstractPlainSocketImpl.doConnect(AbstractPlainSocketImpl.java:412)
	at java.base/java.net.AbstractPlainSocketImpl.connectToAddress(AbstractPlainSocketImpl.java:255)
	at java.base/java.net.AbstractPlainSocketImpl.connect(AbstractPlainSocketImpl.java:237)
	at java.base/java.net.SocksSocketImpl.connect(SocksSocketImpl.java:392)
	at java.base/java.net.Socket.connect(Socket.java:615)
	at com.mongodb.internal.connection.SocketStreamHelper.initialize(SocketStreamHelper.java:107)
	at com.mongodb.internal.connection.SocketStream.initializeSocket(SocketStream.java:79)
	at com.mongodb.internal.connection.SocketStream.open(SocketStream.java:65)
	... 4 common frames omitted

2022-07-29 13:51:51.386  INFO 1 --- [onaws.com:27017] org.mongodb.driver.connection            : Opened connection [connectionId{localValue:27965, serverValue:6}] to ec2-3-232-57-4.compute-1.amazonaws.com:27017
2022-07-29 13:51:51.388  INFO 1 --- [onaws.com:27017] org.mongodb.driver.cluster               : Monitor thread successfully connected to server with description ServerDescription{address=ec2-3-232-57-4.compute-1.amazonaws.com:27017, type=STANDALONE, state=CONNECTED, ok=true, minWireVersion=0, maxWireVersion=13, maxDocumentSize=16777216, logicalSessionTimeoutMinutes=30, roundTripTimeNanos=233246900}
2022-07-29 13:51:54.075  INFO 1 --- [onaws.com:27017] org.mongodb.driver.connection            : Opened connection [connectionId{localValue:27966, serverValue:8}] to ec2-3-232-57-4.compute-1.amazonaws.com:27017
2022-07-29 14:39:02.520  INFO 1 --- [onaws.com:27017] org.mongodb.driver.cluster               : Exception in monitor thread while connecting to server ec2-3-232-57-4.compute-1.amazonaws.com:27017

com.mongodb.MongoSocketReadException: Prematurely reached end of stream
	at com.mongodb.internal.connection.SocketStream.read(SocketStream.java:112)
	at com.mongodb.internal.connection.SocketStream.read(SocketStream.java:135)
	at com.mongodb.internal.connection.InternalStreamConnection.receiveResponseBuffers(InternalStreamConnection.java:713)
	at com.mongodb.internal.connection.InternalStreamConnection.receiveMessageWithAdditionalTimeout(InternalStreamConnection.java:571)
	at com.mongodb.internal.connection.InternalStreamConnection.receiveCommandMessageResponse(InternalStreamConnection.java:410)
	at com.mongodb.internal.connection.InternalStreamConnection.receive(InternalStreamConnection.java:369)
	at com.mongodb.internal.connection.DefaultServerMonitor$ServerMonitorRunnable.lookupServerDescription(DefaultServerMonitor.java:221)
	at com.mongodb.internal.connection.DefaultServerMonitor$ServerMonitorRunnable.run(DefaultServerMonitor.java:157)
	at java.base/java.lang.Thread.run(Thread.java:829)

2022-07-29 14:39:02.980  INFO 1 --- [onaws.com:27017] org.mongodb.driver.connection            : Opened connection [connectionId{localValue:27967, serverValue:14}] to ec2-3-232-57-4.compute-1.amazonaws.com:27017
2022-07-29 14:39:02.981  INFO 1 --- [onaws.com:27017] org.mongodb.driver.cluster               : Monitor thread successfully connected to server with description ServerDescription{address=ec2-3-232-57-4.compute-1.amazonaws.com:27017, type=STANDALONE, state=CONNECTED, ok=true, minWireVersion=0, maxWireVersion=13, maxDocumentSize=16777216, logicalSessionTimeoutMinutes=30, roundTripTimeNanos=227724600}
2022-07-29 15:06:50.131  INFO 1 --- [ionShutdownHook] j.LocalContainerEntityManagerFactoryBean : Closing JPA EntityManagerFactory for persistence unit 'default'
2022-07-29 15:06:50.145  INFO 1 --- [ionShutdownHook] com.zaxxer.hikari.HikariDataSource       : HikariPool-1 - Shutdown initiated...
2022-07-29 15:06:50.170  INFO 1 --- [ionShutdownHook] com.zaxxer.hikari.HikariDataSource       : HikariPool-1 - Shutdown completed.
