2022-07-24 20:24:55.499  INFO 1 --- [           main] c.b.p.PaymentServiceApplication          : Starting PaymentServiceApplication v0.0.1-SNAPSHOT using Java 11.0.16 on f2f362f7ad3f with PID 1 (/app.jar started by root in /)
2022-07-24 20:24:55.516  INFO 1 --- [           main] c.b.p.PaymentServiceApplication          : No active profile set, falling back to 1 default profile: "default"
2022-07-24 20:25:03.746  INFO 1 --- [           main] .s.d.r.c.RepositoryConfigurationDelegate : Bootstrapping Spring Data MongoDB repositories in DEFAULT mode.
2022-07-24 20:25:04.508  INFO 1 --- [           main] .s.d.r.c.RepositoryConfigurationDelegate : Finished Spring Data repository scanning in 741 ms. Found 1 MongoDB repository interfaces.
2022-07-24 20:25:05.768  INFO 1 --- [           main] o.s.cloud.context.scope.GenericScope     : BeanFactory id=fc57e1a5-f103-35fe-bdc0-b4e5cd70a502
2022-07-24 20:25:08.526  INFO 1 --- [           main] o.s.b.w.embedded.tomcat.TomcatWebServer  : Tomcat initialized with port(s): 8086 (http)
2022-07-24 20:25:08.610  INFO 1 --- [           main] o.apache.catalina.core.StandardService   : Starting service [Tomcat]
2022-07-24 20:25:08.615  INFO 1 --- [           main] org.apache.catalina.core.StandardEngine  : Starting Servlet engine: [Apache Tomcat/9.0.63]
2022-07-24 20:25:08.872  INFO 1 --- [           main] o.a.c.c.C.[Tomcat].[localhost].[/]       : Initializing Spring embedded WebApplicationContext
2022-07-24 20:25:08.874  INFO 1 --- [           main] w.s.c.ServletWebServerApplicationContext : Root WebApplicationContext: initialization completed in 12984 ms
2022-07-24 20:25:10.740  INFO 1 --- [           main] org.mongodb.driver.client                : MongoClient with metadata {"driver": {"name": "mongo-java-driver|sync|spring-boot", "version": "4.6.0"}, "os": {"type": "Linux", "name": "Linux", "architecture": "amd64", "version": "5.4.72-microsoft-standard-WSL2"}, "platform": "Java/Azul Systems, Inc./11.0.16+8-LTS"} created with settings MongoClientSettings{readPreference=primary, writeConcern=WriteConcern{w=null, wTimeout=null ms, journal=null}, retryWrites=true, retryReads=true, readConcern=ReadConcern{level=null}, credential=null, streamFactoryFactory=null, commandListeners=[io.micrometer.core.instrument.binder.mongodb.MongoMetricsCommandListener@28d79cba], codecRegistry=ProvidersCodecRegistry{codecProviders=[ValueCodecProvider{}, BsonValueCodecProvider{}, DBRefCodecProvider{}, DBObjectCodecProvider{}, DocumentCodecProvider{}, IterableCodecProvider{}, MapCodecProvider{}, GeoJsonCodecProvider{}, GridFSFileCodecProvider{}, Jsr310CodecProvider{}, JsonObjectCodecProvider{}, BsonCodecProvider{}, EnumCodecProvider{}, com.mongodb.Jep395RecordCodecProvider@782168b7]}, clusterSettings={hosts=[ec2-3-232-57-4.compute-1.amazonaws.com:27017], srvServiceName=mongodb, mode=SINGLE, requiredClusterType=UNKNOWN, requiredReplicaSetName='null', serverSelector='null', clusterListeners='[]', serverSelectionTimeout='30000 ms', localThreshold='30000 ms'}, socketSettings=SocketSettings{connectTimeoutMS=10000, readTimeoutMS=0, receiveBufferSize=0, sendBufferSize=0}, heartbeatSocketSettings=SocketSettings{connectTimeoutMS=10000, readTimeoutMS=10000, receiveBufferSize=0, sendBufferSize=0}, connectionPoolSettings=ConnectionPoolSettings{maxSize=100, minSize=0, maxWaitTimeMS=120000, maxConnectionLifeTimeMS=0, maxConnectionIdleTimeMS=0, maintenanceInitialDelayMS=0, maintenanceFrequencyMS=60000, connectionPoolListeners=[io.micrometer.core.instrument.binder.mongodb.MongoMetricsConnectionPoolListener@29f0c4f2], maxConnecting=2}, serverSettings=ServerSettings{heartbeatFrequencyMS=10000, minHeartbeatFrequencyMS=500, serverListeners='[]', serverMonitorListeners='[]'}, sslSettings=SslSettings{enabled=false, invalidHostNameAllowed=false, context=null}, applicationName='null', compressorList=[], uuidRepresentation=JAVA_LEGACY, serverApi=null, autoEncryptionSettings=null, contextProvider=null}
2022-07-24 20:25:11.304  INFO 1 --- [onaws.com:27017] org.mongodb.driver.connection            : Opened connection [connectionId{localValue:2, serverValue:83}] to ec2-3-232-57-4.compute-1.amazonaws.com:27017
2022-07-24 20:25:11.305  INFO 1 --- [onaws.com:27017] org.mongodb.driver.connection            : Opened connection [connectionId{localValue:1, serverValue:84}] to ec2-3-232-57-4.compute-1.amazonaws.com:27017
2022-07-24 20:25:11.374  INFO 1 --- [onaws.com:27017] org.mongodb.driver.cluster               : Monitor thread successfully connected to server with description ServerDescription{address=ec2-3-232-57-4.compute-1.amazonaws.com:27017, type=STANDALONE, state=CONNECTED, ok=true, minWireVersion=0, maxWireVersion=13, maxDocumentSize=16777216, logicalSessionTimeoutMinutes=30, roundTripTimeNanos=336402400}
2022-07-24 20:25:12.597  INFO 1 --- [           main] o.c.s.w.s.ServerTracingAutoConfiguration : Creating FilterRegistrationBean bean with TracingFilter mapped to [], skip pattern is "/api-docs.*|/swagger.*|.*\.png|.*\.css|.*\.js|.*\.html|/favicon.ico|/hystrix.stream|/actuator/(beans|beans/.*|caches|caches/.*|health|health/.*|info|info/.*|conditions|conditions/.*|configprops|configprops/.*|env|env/.*|loggers|loggers/.*|heapdump|heapdump/.*|threaddump|threaddump/.*|prometheus|prometheus/.*|metrics|metrics/.*|scheduledtasks|scheduledtasks/.*|mappings|mappings/.*|refresh|refresh/.*|features|features/.*)"
2022-07-24 20:25:14.221  INFO 1 --- [           main] o.c.s.w.s.ServerTracingAutoConfiguration : Creating WebMvcConfigurer bean with class io.opentracing.contrib.spring.web.interceptor.TracingHandlerInterceptor
2022-07-24 20:25:14.665  INFO 1 --- [           main] c.b.paymentservice.aspect.LoggingAspect  : Entering CLASS_NAME:KafkaProducerConfiguration METHOD_NAME:kafkaTemplate with input parameters []
2022-07-24 20:25:14.731  INFO 1 --- [           main] c.b.paymentservice.aspect.LoggingAspect  : Entering CLASS_NAME:KafkaProducerConfiguration METHOD_NAME:producerFactory with input parameters []
2022-07-24 20:25:14.771  INFO 1 --- [           main] c.b.paymentservice.aspect.LoggingAspect  : Exiting CLASS_NAME:KafkaProducerConfiguration METHOD_NAME:producerFactory with return value [org.springframework.kafka.core.DefaultKafkaProducerFactory@5b22d8a1] and execution time of 0 minutes and 0 seconds
2022-07-24 20:25:14.930  INFO 1 --- [           main] c.b.paymentservice.aspect.LoggingAspect  : Exiting CLASS_NAME:KafkaProducerConfiguration METHOD_NAME:kafkaTemplate with return value [org.springframework.kafka.core.KafkaTemplate@188cbcde] and execution time of 0 minutes and 0 seconds
2022-07-24 20:25:15.196  INFO 1 --- [           main] c.b.paymentservice.aspect.LoggingAspect  : Entering CLASS_NAME:PasswordConfig METHOD_NAME:passwordEncoder with input parameters []
2022-07-24 20:25:15.207  INFO 1 --- [           main] c.b.paymentservice.aspect.LoggingAspect  : Exiting CLASS_NAME:PasswordConfig METHOD_NAME:passwordEncoder with return value [org.springframework.security.crypto.bcrypt.BCryptPasswordEncoder@6a094db2] and execution time of 0 minutes and 0 seconds
2022-07-24 20:25:15.390  INFO 1 --- [           main] c.b.paymentservice.aspect.LoggingAspect  : Entering CLASS_NAME:ApplicationSecurityConfiguration METHOD_NAME:daoAuthenticationProvider with input parameters []
2022-07-24 20:25:15.427  INFO 1 --- [           main] c.b.paymentservice.aspect.LoggingAspect  : Exiting CLASS_NAME:ApplicationSecurityConfiguration METHOD_NAME:daoAuthenticationProvider with return value [org.springframework.security.authentication.dao.DaoAuthenticationProvider@53e800f9] and execution time of 0 minutes and 0 seconds
2022-07-24 20:25:15.731  INFO 1 --- [           main] o.s.s.web.DefaultSecurityFilterChain     : Will secure any request with [org.springframework.security.web.session.DisableEncodeUrlFilter@671d1157, org.springframework.security.web.context.request.async.WebAsyncManagerIntegrationFilter@60c8a093, org.springframework.security.web.context.SecurityContextPersistenceFilter@715b886f, org.springframework.security.web.header.HeaderWriterFilter@437486cd, org.springframework.security.web.authentication.logout.LogoutFilter@242b6e1a, com.bookmyconsultation.paymentservice.security.JWTAuthenticationFilter@44cffc25, com.bookmyconsultation.paymentservice.security.JWTTokenVerifier@2a369e14, org.springframework.security.web.savedrequest.RequestCacheAwareFilter@1e253c9d, org.springframework.security.web.servletapi.SecurityContextHolderAwareRequestFilter@73844119, org.springframework.security.web.authentication.AnonymousAuthenticationFilter@25aeb5ac, org.springframework.security.web.session.SessionManagementFilter@518bfd90, org.springframework.security.web.access.ExceptionTranslationFilter@181b8c4b, org.springframework.security.web.access.intercept.FilterSecurityInterceptor@17fa1336]
2022-07-24 20:25:17.501  INFO 1 --- [           main] o.s.b.a.e.web.EndpointLinksResolver      : Exposing 16 endpoint(s) beneath base path '/actuator'
2022-07-24 20:25:17.646  INFO 1 --- [           main] o.s.b.w.embedded.tomcat.TomcatWebServer  : Tomcat started on port(s): 8086 (http) with context path ''
2022-07-24 20:25:17.671  INFO 1 --- [           main] c.b.p.PaymentServiceApplication          : Started PaymentServiceApplication in 25.85 seconds (JVM running for 29.209)
2022-07-24 20:25:27.197  INFO 1 --- [nio-8086-exec-1] o.a.c.c.C.[Tomcat].[localhost].[/]       : Initializing Spring DispatcherServlet 'dispatcherServlet'
2022-07-24 20:25:27.198  INFO 1 --- [nio-8086-exec-1] o.s.web.servlet.DispatcherServlet        : Initializing Servlet 'dispatcherServlet'
2022-07-24 20:25:27.202  INFO 1 --- [nio-8086-exec-1] o.s.web.servlet.DispatcherServlet        : Completed initialization in 3 ms
2022-07-24 20:25:27.236  INFO 1 --- [nio-8086-exec-1] c.b.p.security.JWTTokenVerifier          : Authorization header received: null
2022-07-24 20:25:42.126  INFO 1 --- [nio-8086-exec-2] c.b.p.security.JWTTokenVerifier          : Authorization header received: null
2022-07-24 20:25:57.122  INFO 1 --- [nio-8086-exec-3] c.b.p.security.JWTTokenVerifier          : Authorization header received: null
2022-07-24 20:26:12.123  INFO 1 --- [nio-8086-exec-4] c.b.p.security.JWTTokenVerifier          : Authorization header received: null
2022-07-24 20:26:27.121  INFO 1 --- [nio-8086-exec-5] c.b.p.security.JWTTokenVerifier          : Authorization header received: null
2022-07-24 20:26:42.122  INFO 1 --- [nio-8086-exec-6] c.b.p.security.JWTTokenVerifier          : Authorization header received: null
2022-07-24 20:26:57.120  INFO 1 --- [nio-8086-exec-7] c.b.p.security.JWTTokenVerifier          : Authorization header received: null
2022-07-24 20:27:12.121  INFO 1 --- [nio-8086-exec-8] c.b.p.security.JWTTokenVerifier          : Authorization header received: null
2022-07-24 20:27:27.121  INFO 1 --- [nio-8086-exec-9] c.b.p.security.JWTTokenVerifier          : Authorization header received: null
2022-07-24 20:27:42.122  INFO 1 --- [io-8086-exec-10] c.b.p.security.JWTTokenVerifier          : Authorization header received: null
2022-07-24 20:27:57.122  INFO 1 --- [nio-8086-exec-1] c.b.p.security.JWTTokenVerifier          : Authorization header received: null
2022-07-24 20:28:12.120  INFO 1 --- [nio-8086-exec-2] c.b.p.security.JWTTokenVerifier          : Authorization header received: null
2022-07-24 20:28:27.124  INFO 1 --- [nio-8086-exec-3] c.b.p.security.JWTTokenVerifier          : Authorization header received: null
2022-07-24 20:28:42.121  INFO 1 --- [nio-8086-exec-4] c.b.p.security.JWTTokenVerifier          : Authorization header received: null
2022-07-24 20:28:57.121  INFO 1 --- [nio-8086-exec-5] c.b.p.security.JWTTokenVerifier          : Authorization header received: null
2022-07-24 20:29:12.121  INFO 1 --- [nio-8086-exec-6] c.b.p.security.JWTTokenVerifier          : Authorization header received: null
2022-07-24 20:29:27.120  INFO 1 --- [nio-8086-exec-7] c.b.p.security.JWTTokenVerifier          : Authorization header received: null
2022-07-24 20:29:42.120  INFO 1 --- [nio-8086-exec-8] c.b.p.security.JWTTokenVerifier          : Authorization header received: null
2022-07-24 20:29:57.120  INFO 1 --- [nio-8086-exec-9] c.b.p.security.JWTTokenVerifier          : Authorization header received: null
2022-07-24 20:30:12.126  INFO 1 --- [io-8086-exec-10] c.b.p.security.JWTTokenVerifier          : Authorization header received: null
2022-07-24 20:30:27.126  INFO 1 --- [nio-8086-exec-1] c.b.p.security.JWTTokenVerifier          : Authorization header received: null
2022-07-24 20:30:42.121  INFO 1 --- [nio-8086-exec-2] c.b.p.security.JWTTokenVerifier          : Authorization header received: null
2022-07-24 20:30:57.122  INFO 1 --- [nio-8086-exec-3] c.b.p.security.JWTTokenVerifier          : Authorization header received: null
2022-07-24 20:31:12.121  INFO 1 --- [nio-8086-exec-4] c.b.p.security.JWTTokenVerifier          : Authorization header received: null
2022-07-24 20:31:27.121  INFO 1 --- [nio-8086-exec-5] c.b.p.security.JWTTokenVerifier          : Authorization header received: null
2022-07-24 20:31:42.120  INFO 1 --- [nio-8086-exec-6] c.b.p.security.JWTTokenVerifier          : Authorization header received: null
2022-07-24 20:31:57.120  INFO 1 --- [nio-8086-exec-7] c.b.p.security.JWTTokenVerifier          : Authorization header received: null
2022-07-24 20:32:12.124  INFO 1 --- [nio-8086-exec-8] c.b.p.security.JWTTokenVerifier          : Authorization header received: null
2022-07-24 20:32:27.120  INFO 1 --- [nio-8086-exec-9] c.b.p.security.JWTTokenVerifier          : Authorization header received: null
2022-07-24 20:32:42.121  INFO 1 --- [io-8086-exec-10] c.b.p.security.JWTTokenVerifier          : Authorization header received: null
2022-07-24 20:32:57.120  INFO 1 --- [nio-8086-exec-1] c.b.p.security.JWTTokenVerifier          : Authorization header received: null
2022-07-24 20:33:12.122  INFO 1 --- [nio-8086-exec-2] c.b.p.security.JWTTokenVerifier          : Authorization header received: null
2022-07-24 20:33:27.120  INFO 1 --- [nio-8086-exec-3] c.b.p.security.JWTTokenVerifier          : Authorization header received: null
2022-07-24 20:33:42.122  INFO 1 --- [nio-8086-exec-4] c.b.p.security.JWTTokenVerifier          : Authorization header received: null
2022-07-24 20:33:57.121  INFO 1 --- [nio-8086-exec-5] c.b.p.security.JWTTokenVerifier          : Authorization header received: null
2022-07-24 20:34:12.121  INFO 1 --- [nio-8086-exec-6] c.b.p.security.JWTTokenVerifier          : Authorization header received: null
2022-07-24 20:34:27.121  INFO 1 --- [nio-8086-exec-7] c.b.p.security.JWTTokenVerifier          : Authorization header received: null
2022-07-24 20:34:42.122  INFO 1 --- [nio-8086-exec-8] c.b.p.security.JWTTokenVerifier          : Authorization header received: null
2022-07-24 20:34:57.121  INFO 1 --- [nio-8086-exec-9] c.b.p.security.JWTTokenVerifier          : Authorization header received: null
2022-07-24 20:35:12.121  INFO 1 --- [io-8086-exec-10] c.b.p.security.JWTTokenVerifier          : Authorization header received: null
2022-07-24 20:35:27.121  INFO 1 --- [nio-8086-exec-1] c.b.p.security.JWTTokenVerifier          : Authorization header received: null
2022-07-24 20:35:42.120  INFO 1 --- [nio-8086-exec-2] c.b.p.security.JWTTokenVerifier          : Authorization header received: null
2022-07-24 20:35:57.120  INFO 1 --- [nio-8086-exec-3] c.b.p.security.JWTTokenVerifier          : Authorization header received: null
2022-07-24 20:36:12.122  INFO 1 --- [nio-8086-exec-4] c.b.p.security.JWTTokenVerifier          : Authorization header received: null
2022-07-24 20:36:27.122  INFO 1 --- [nio-8086-exec-5] c.b.p.security.JWTTokenVerifier          : Authorization header received: null
2022-07-24 20:36:42.121  INFO 1 --- [nio-8086-exec-6] c.b.p.security.JWTTokenVerifier          : Authorization header received: null
2022-07-24 20:36:57.122  INFO 1 --- [nio-8086-exec-7] c.b.p.security.JWTTokenVerifier          : Authorization header received: null
2022-07-24 20:37:12.121  INFO 1 --- [nio-8086-exec-8] c.b.p.security.JWTTokenVerifier          : Authorization header received: null
2022-07-24 20:37:27.121  INFO 1 --- [nio-8086-exec-9] c.b.p.security.JWTTokenVerifier          : Authorization header received: null
2022-07-24 20:37:42.120  INFO 1 --- [io-8086-exec-10] c.b.p.security.JWTTokenVerifier          : Authorization header received: null
2022-07-24 20:37:57.120  INFO 1 --- [nio-8086-exec-1] c.b.p.security.JWTTokenVerifier          : Authorization header received: null
2022-07-24 20:38:12.120  INFO 1 --- [nio-8086-exec-2] c.b.p.security.JWTTokenVerifier          : Authorization header received: null
2022-07-24 20:38:27.120  INFO 1 --- [nio-8086-exec-3] c.b.p.security.JWTTokenVerifier          : Authorization header received: null
2022-07-24 20:38:42.121  INFO 1 --- [nio-8086-exec-4] c.b.p.security.JWTTokenVerifier          : Authorization header received: null
2022-07-24 20:38:57.122  INFO 1 --- [nio-8086-exec-5] c.b.p.security.JWTTokenVerifier          : Authorization header received: null
2022-07-24 20:39:12.121  INFO 1 --- [nio-8086-exec-6] c.b.p.security.JWTTokenVerifier          : Authorization header received: null
2022-07-24 20:39:27.121  INFO 1 --- [nio-8086-exec-7] c.b.p.security.JWTTokenVerifier          : Authorization header received: null
2022-07-24 20:39:42.120  INFO 1 --- [nio-8086-exec-8] c.b.p.security.JWTTokenVerifier          : Authorization header received: null
2022-07-24 20:39:57.121  INFO 1 --- [nio-8086-exec-9] c.b.p.security.JWTTokenVerifier          : Authorization header received: null
2022-07-24 20:40:12.121  INFO 1 --- [io-8086-exec-10] c.b.p.security.JWTTokenVerifier          : Authorization header received: null
2022-07-24 20:40:27.122  INFO 1 --- [nio-8086-exec-1] c.b.p.security.JWTTokenVerifier          : Authorization header received: null
2022-07-24 20:40:42.120  INFO 1 --- [nio-8086-exec-2] c.b.p.security.JWTTokenVerifier          : Authorization header received: null
2022-07-24 20:40:57.121  INFO 1 --- [nio-8086-exec-3] c.b.p.security.JWTTokenVerifier          : Authorization header received: null
2022-07-24 20:41:12.121  INFO 1 --- [nio-8086-exec-4] c.b.p.security.JWTTokenVerifier          : Authorization header received: null
2022-07-24 20:41:27.121  INFO 1 --- [nio-8086-exec-5] c.b.p.security.JWTTokenVerifier          : Authorization header received: null
2022-07-24 20:41:42.122  INFO 1 --- [nio-8086-exec-6] c.b.p.security.JWTTokenVerifier          : Authorization header received: null
2022-07-24 20:41:57.122  INFO 1 --- [nio-8086-exec-7] c.b.p.security.JWTTokenVerifier          : Authorization header received: null
2022-07-24 20:42:12.123  INFO 1 --- [nio-8086-exec-8] c.b.p.security.JWTTokenVerifier          : Authorization header received: null
2022-07-24 20:42:27.122  INFO 1 --- [nio-8086-exec-9] c.b.p.security.JWTTokenVerifier          : Authorization header received: null
2022-07-24 20:42:42.120  INFO 1 --- [io-8086-exec-10] c.b.p.security.JWTTokenVerifier          : Authorization header received: null
2022-07-24 20:42:57.121  INFO 1 --- [nio-8086-exec-1] c.b.p.security.JWTTokenVerifier          : Authorization header received: null
2022-07-24 20:43:12.122  INFO 1 --- [nio-8086-exec-2] c.b.p.security.JWTTokenVerifier          : Authorization header received: null
2022-07-24 20:43:27.121  INFO 1 --- [nio-8086-exec-3] c.b.p.security.JWTTokenVerifier          : Authorization header received: null
2022-07-24 20:43:42.122  INFO 1 --- [nio-8086-exec-4] c.b.p.security.JWTTokenVerifier          : Authorization header received: null
2022-07-24 20:43:57.122  INFO 1 --- [nio-8086-exec-5] c.b.p.security.JWTTokenVerifier          : Authorization header received: null
2022-07-24 20:44:12.121  INFO 1 --- [nio-8086-exec-6] c.b.p.security.JWTTokenVerifier          : Authorization header received: null
2022-07-24 20:44:27.121  INFO 1 --- [nio-8086-exec-7] c.b.p.security.JWTTokenVerifier          : Authorization header received: null
2022-07-24 20:44:42.121  INFO 1 --- [nio-8086-exec-8] c.b.p.security.JWTTokenVerifier          : Authorization header received: null
2022-07-24 20:44:57.123  INFO 1 --- [nio-8086-exec-9] c.b.p.security.JWTTokenVerifier          : Authorization header received: null
2022-07-24 20:45:12.121  INFO 1 --- [io-8086-exec-10] c.b.p.security.JWTTokenVerifier          : Authorization header received: null
2022-07-24 20:45:27.120  INFO 1 --- [nio-8086-exec-1] c.b.p.security.JWTTokenVerifier          : Authorization header received: null
2022-07-24 20:45:42.120  INFO 1 --- [nio-8086-exec-2] c.b.p.security.JWTTokenVerifier          : Authorization header received: null
2022-07-24 20:45:57.120  INFO 1 --- [nio-8086-exec-3] c.b.p.security.JWTTokenVerifier          : Authorization header received: null
2022-07-24 20:46:12.123  INFO 1 --- [nio-8086-exec-4] c.b.p.security.JWTTokenVerifier          : Authorization header received: null
2022-07-24 20:46:27.120  INFO 1 --- [nio-8086-exec-5] c.b.p.security.JWTTokenVerifier          : Authorization header received: null
2022-07-24 20:46:42.122  INFO 1 --- [nio-8086-exec-6] c.b.p.security.JWTTokenVerifier          : Authorization header received: null
2022-07-24 20:46:57.122  INFO 1 --- [nio-8086-exec-7] c.b.p.security.JWTTokenVerifier          : Authorization header received: null
2022-07-24 20:47:12.122  INFO 1 --- [nio-8086-exec-8] c.b.p.security.JWTTokenVerifier          : Authorization header received: null
2022-07-24 20:47:27.120  INFO 1 --- [nio-8086-exec-9] c.b.p.security.JWTTokenVerifier          : Authorization header received: null
2022-07-24 20:47:42.121  INFO 1 --- [io-8086-exec-10] c.b.p.security.JWTTokenVerifier          : Authorization header received: null
2022-07-24 20:47:57.121  INFO 1 --- [nio-8086-exec-1] c.b.p.security.JWTTokenVerifier          : Authorization header received: null
2022-07-24 20:48:12.122  INFO 1 --- [nio-8086-exec-2] c.b.p.security.JWTTokenVerifier          : Authorization header received: null
2022-07-24 20:48:27.122  INFO 1 --- [nio-8086-exec-3] c.b.p.security.JWTTokenVerifier          : Authorization header received: null
2022-07-24 20:48:42.120  INFO 1 --- [nio-8086-exec-4] c.b.p.security.JWTTokenVerifier          : Authorization header received: null
2022-07-24 20:48:57.119  INFO 1 --- [nio-8086-exec-5] c.b.p.security.JWTTokenVerifier          : Authorization header received: null
2022-07-24 20:49:12.121  INFO 1 --- [nio-8086-exec-6] c.b.p.security.JWTTokenVerifier          : Authorization header received: null
2022-07-24 20:49:27.121  INFO 1 --- [nio-8086-exec-7] c.b.p.security.JWTTokenVerifier          : Authorization header received: null
2022-07-24 20:49:42.120  INFO 1 --- [nio-8086-exec-8] c.b.p.security.JWTTokenVerifier          : Authorization header received: null
2022-07-24 20:49:57.121  INFO 1 --- [nio-8086-exec-9] c.b.p.security.JWTTokenVerifier          : Authorization header received: null
2022-07-24 20:50:12.120  INFO 1 --- [io-8086-exec-10] c.b.p.security.JWTTokenVerifier          : Authorization header received: null
2022-07-24 20:50:42.126  INFO 1 --- [nio-8086-exec-1] c.b.p.security.JWTTokenVerifier          : Authorization header received: null
2022-07-24 20:50:42.127  INFO 1 --- [nio-8086-exec-2] c.b.p.security.JWTTokenVerifier          : Authorization header received: null
2022-07-24 20:50:57.123  INFO 1 --- [nio-8086-exec-3] c.b.p.security.JWTTokenVerifier          : Authorization header received: null
2022-07-24 20:51:12.121  INFO 1 --- [nio-8086-exec-4] c.b.p.security.JWTTokenVerifier          : Authorization header received: null
2022-07-24 20:51:27.122  INFO 1 --- [nio-8086-exec-5] c.b.p.security.JWTTokenVerifier          : Authorization header received: null
2022-07-24 20:51:42.120  INFO 1 --- [nio-8086-exec-6] c.b.p.security.JWTTokenVerifier          : Authorization header received: null
2022-07-24 20:51:57.120  INFO 1 --- [nio-8086-exec-7] c.b.p.security.JWTTokenVerifier          : Authorization header received: null
2022-07-24 20:52:12.122  INFO 1 --- [nio-8086-exec-8] c.b.p.security.JWTTokenVerifier          : Authorization header received: null
2022-07-24 20:52:27.121  INFO 1 --- [nio-8086-exec-9] c.b.p.security.JWTTokenVerifier          : Authorization header received: null
2022-07-24 20:52:42.121  INFO 1 --- [io-8086-exec-10] c.b.p.security.JWTTokenVerifier          : Authorization header received: null
2022-07-24 20:52:57.121  INFO 1 --- [nio-8086-exec-2] c.b.p.security.JWTTokenVerifier          : Authorization header received: null
2022-07-24 20:53:12.121  INFO 1 --- [nio-8086-exec-1] c.b.p.security.JWTTokenVerifier          : Authorization header received: null
2022-07-24 20:53:27.124  INFO 1 --- [nio-8086-exec-3] c.b.p.security.JWTTokenVerifier          : Authorization header received: null
2022-07-24 20:53:42.121  INFO 1 --- [nio-8086-exec-4] c.b.p.security.JWTTokenVerifier          : Authorization header received: null
2022-07-24 20:53:57.120  INFO 1 --- [nio-8086-exec-5] c.b.p.security.JWTTokenVerifier          : Authorization header received: null
2022-07-24 20:54:12.124  INFO 1 --- [nio-8086-exec-6] c.b.p.security.JWTTokenVerifier          : Authorization header received: null
2022-07-24 20:54:27.122  INFO 1 --- [nio-8086-exec-7] c.b.p.security.JWTTokenVerifier          : Authorization header received: null
2022-07-24 20:54:42.122  INFO 1 --- [nio-8086-exec-8] c.b.p.security.JWTTokenVerifier          : Authorization header received: null
2022-07-24 20:54:57.121  INFO 1 --- [nio-8086-exec-9] c.b.p.security.JWTTokenVerifier          : Authorization header received: null
2022-07-24 20:55:12.123  INFO 1 --- [io-8086-exec-10] c.b.p.security.JWTTokenVerifier          : Authorization header received: null
2022-07-24 20:55:27.121  INFO 1 --- [nio-8086-exec-2] c.b.p.security.JWTTokenVerifier          : Authorization header received: null
2022-07-24 20:55:42.121  INFO 1 --- [nio-8086-exec-1] c.b.p.security.JWTTokenVerifier          : Authorization header received: null
2022-07-24 20:55:57.120  INFO 1 --- [nio-8086-exec-3] c.b.p.security.JWTTokenVerifier          : Authorization header received: null
2022-07-24 20:56:12.121  INFO 1 --- [nio-8086-exec-4] c.b.p.security.JWTTokenVerifier          : Authorization header received: null
2022-07-24 20:56:27.122  INFO 1 --- [nio-8086-exec-5] c.b.p.security.JWTTokenVerifier          : Authorization header received: null
2022-07-24 20:56:42.122  INFO 1 --- [nio-8086-exec-6] c.b.p.security.JWTTokenVerifier          : Authorization header received: null
2022-07-24 20:56:57.123  INFO 1 --- [nio-8086-exec-7] c.b.p.security.JWTTokenVerifier          : Authorization header received: null
2022-07-24 20:57:12.123  INFO 1 --- [nio-8086-exec-8] c.b.p.security.JWTTokenVerifier          : Authorization header received: null
2022-07-24 20:57:27.120  INFO 1 --- [nio-8086-exec-9] c.b.p.security.JWTTokenVerifier          : Authorization header received: null
2022-07-24 20:57:42.120  INFO 1 --- [io-8086-exec-10] c.b.p.security.JWTTokenVerifier          : Authorization header received: null
2022-07-24 21:10:36.137  INFO 1 --- [           main] c.b.p.PaymentServiceApplication          : Starting PaymentServiceApplication v0.0.1-SNAPSHOT using Java 11.0.16 on 3c5b921b7f77 with PID 1 (/app.jar started by root in /)
2022-07-24 21:10:36.219  INFO 1 --- [           main] c.b.p.PaymentServiceApplication          : No active profile set, falling back to 1 default profile: "default"
2022-07-24 21:10:43.892  INFO 1 --- [           main] .s.d.r.c.RepositoryConfigurationDelegate : Bootstrapping Spring Data MongoDB repositories in DEFAULT mode.
2022-07-24 21:10:44.963  INFO 1 --- [           main] .s.d.r.c.RepositoryConfigurationDelegate : Finished Spring Data repository scanning in 1000 ms. Found 1 MongoDB repository interfaces.
2022-07-24 21:10:46.540  INFO 1 --- [           main] o.s.cloud.context.scope.GenericScope     : BeanFactory id=fc57e1a5-f103-35fe-bdc0-b4e5cd70a502
2022-07-24 21:10:51.928  INFO 1 --- [           main] o.s.b.w.embedded.tomcat.TomcatWebServer  : Tomcat initialized with port(s): 8086 (http)
2022-07-24 21:10:51.998  INFO 1 --- [           main] o.apache.catalina.core.StandardService   : Starting service [Tomcat]
2022-07-24 21:10:52.004  INFO 1 --- [           main] org.apache.catalina.core.StandardEngine  : Starting Servlet engine: [Apache Tomcat/9.0.63]
2022-07-24 21:10:52.801  INFO 1 --- [           main] o.a.c.c.C.[Tomcat].[localhost].[/]       : Initializing Spring embedded WebApplicationContext
2022-07-24 21:10:52.815  INFO 1 --- [           main] w.s.c.ServletWebServerApplicationContext : Root WebApplicationContext: initialization completed in 15995 ms
2022-07-24 21:10:56.717  INFO 1 --- [           main] org.mongodb.driver.client                : MongoClient with metadata {"driver": {"name": "mongo-java-driver|sync|spring-boot", "version": "4.6.0"}, "os": {"type": "Linux", "name": "Linux", "architecture": "amd64", "version": "5.4.72-microsoft-standard-WSL2"}, "platform": "Java/Azul Systems, Inc./11.0.16+8-LTS"} created with settings MongoClientSettings{readPreference=primary, writeConcern=WriteConcern{w=null, wTimeout=null ms, journal=null}, retryWrites=true, retryReads=true, readConcern=ReadConcern{level=null}, credential=null, streamFactoryFactory=null, commandListeners=[io.micrometer.core.instrument.binder.mongodb.MongoMetricsCommandListener@7435a578], codecRegistry=ProvidersCodecRegistry{codecProviders=[ValueCodecProvider{}, BsonValueCodecProvider{}, DBRefCodecProvider{}, DBObjectCodecProvider{}, DocumentCodecProvider{}, IterableCodecProvider{}, MapCodecProvider{}, GeoJsonCodecProvider{}, GridFSFileCodecProvider{}, Jsr310CodecProvider{}, JsonObjectCodecProvider{}, BsonCodecProvider{}, EnumCodecProvider{}, com.mongodb.Jep395RecordCodecProvider@6093d508]}, clusterSettings={hosts=[ec2-3-232-57-4.compute-1.amazonaws.com:27017], srvServiceName=mongodb, mode=SINGLE, requiredClusterType=UNKNOWN, requiredReplicaSetName='null', serverSelector='null', clusterListeners='[]', serverSelectionTimeout='30000 ms', localThreshold='30000 ms'}, socketSettings=SocketSettings{connectTimeoutMS=10000, readTimeoutMS=0, receiveBufferSize=0, sendBufferSize=0}, heartbeatSocketSettings=SocketSettings{connectTimeoutMS=10000, readTimeoutMS=10000, receiveBufferSize=0, sendBufferSize=0}, connectionPoolSettings=ConnectionPoolSettings{maxSize=100, minSize=0, maxWaitTimeMS=120000, maxConnectionLifeTimeMS=0, maxConnectionIdleTimeMS=0, maintenanceInitialDelayMS=0, maintenanceFrequencyMS=60000, connectionPoolListeners=[io.micrometer.core.instrument.binder.mongodb.MongoMetricsConnectionPoolListener@13047d7d], maxConnecting=2}, serverSettings=ServerSettings{heartbeatFrequencyMS=10000, minHeartbeatFrequencyMS=500, serverListeners='[]', serverMonitorListeners='[]'}, sslSettings=SslSettings{enabled=false, invalidHostNameAllowed=false, context=null}, applicationName='null', compressorList=[], uuidRepresentation=JAVA_LEGACY, serverApi=null, autoEncryptionSettings=null, contextProvider=null}
2022-07-24 21:10:57.300  INFO 1 --- [onaws.com:27017] org.mongodb.driver.connection            : Opened connection [connectionId{localValue:2, serverValue:93}] to ec2-3-232-57-4.compute-1.amazonaws.com:27017
2022-07-24 21:10:57.361  INFO 1 --- [onaws.com:27017] org.mongodb.driver.connection            : Opened connection [connectionId{localValue:1, serverValue:92}] to ec2-3-232-57-4.compute-1.amazonaws.com:27017
2022-07-24 21:10:57.514  INFO 1 --- [onaws.com:27017] org.mongodb.driver.cluster               : Monitor thread successfully connected to server with description ServerDescription{address=ec2-3-232-57-4.compute-1.amazonaws.com:27017, type=STANDALONE, state=CONNECTED, ok=true, minWireVersion=0, maxWireVersion=13, maxDocumentSize=16777216, logicalSessionTimeoutMinutes=30, roundTripTimeNanos=352239000}
2022-07-24 21:11:01.614  INFO 1 --- [           main] o.c.s.w.s.ServerTracingAutoConfiguration : Creating FilterRegistrationBean bean with TracingFilter mapped to [], skip pattern is "/api-docs.*|/swagger.*|.*\.png|.*\.css|.*\.js|.*\.html|/favicon.ico|/hystrix.stream|/actuator/(beans|beans/.*|caches|caches/.*|health|health/.*|info|info/.*|conditions|conditions/.*|configprops|configprops/.*|env|env/.*|loggers|loggers/.*|heapdump|heapdump/.*|threaddump|threaddump/.*|prometheus|prometheus/.*|metrics|metrics/.*|scheduledtasks|scheduledtasks/.*|mappings|mappings/.*|refresh|refresh/.*|features|features/.*)"
2022-07-24 21:11:05.253  INFO 1 --- [           main] o.c.s.w.s.ServerTracingAutoConfiguration : Creating WebMvcConfigurer bean with class io.opentracing.contrib.spring.web.interceptor.TracingHandlerInterceptor
2022-07-24 21:11:05.983  INFO 1 --- [           main] c.b.paymentservice.aspect.LoggingAspect  : Entering CLASS_NAME:KafkaProducerConfiguration METHOD_NAME:kafkaTemplate with input parameters []
2022-07-24 21:11:06.085  INFO 1 --- [           main] c.b.paymentservice.aspect.LoggingAspect  : Entering CLASS_NAME:KafkaProducerConfiguration METHOD_NAME:producerFactory with input parameters []
2022-07-24 21:11:06.180  INFO 1 --- [           main] c.b.paymentservice.aspect.LoggingAspect  : Exiting CLASS_NAME:KafkaProducerConfiguration METHOD_NAME:producerFactory with return value [org.springframework.kafka.core.DefaultKafkaProducerFactory@b16e202] and execution time of 0 minutes and 0 seconds
2022-07-24 21:11:06.353  INFO 1 --- [           main] c.b.paymentservice.aspect.LoggingAspect  : Exiting CLASS_NAME:KafkaProducerConfiguration METHOD_NAME:kafkaTemplate with return value [org.springframework.kafka.core.KafkaTemplate@65c33b92] and execution time of 0 minutes and 0 seconds
2022-07-24 21:11:06.864  INFO 1 --- [           main] c.b.paymentservice.aspect.LoggingAspect  : Entering CLASS_NAME:PasswordConfig METHOD_NAME:passwordEncoder with input parameters []
2022-07-24 21:11:06.884  INFO 1 --- [           main] c.b.paymentservice.aspect.LoggingAspect  : Exiting CLASS_NAME:PasswordConfig METHOD_NAME:passwordEncoder with return value [org.springframework.security.crypto.bcrypt.BCryptPasswordEncoder@146dcfe6] and execution time of 0 minutes and 0 seconds
2022-07-24 21:11:07.500  INFO 1 --- [           main] c.b.paymentservice.aspect.LoggingAspect  : Entering CLASS_NAME:ApplicationSecurityConfiguration METHOD_NAME:daoAuthenticationProvider with input parameters []
2022-07-24 21:11:07.865  INFO 1 --- [           main] c.b.paymentservice.aspect.LoggingAspect  : Exiting CLASS_NAME:ApplicationSecurityConfiguration METHOD_NAME:daoAuthenticationProvider with return value [org.springframework.security.authentication.dao.DaoAuthenticationProvider@7cbeac65] and execution time of 0 minutes and 0 seconds
2022-07-24 21:11:09.041  INFO 1 --- [           main] o.s.s.web.DefaultSecurityFilterChain     : Will secure any request with [org.springframework.security.web.session.DisableEncodeUrlFilter@38ed139b, org.springframework.security.web.context.request.async.WebAsyncManagerIntegrationFilter@a5272be, org.springframework.security.web.context.SecurityContextPersistenceFilter@39a87e72, org.springframework.security.web.header.HeaderWriterFilter@1687eb01, org.springframework.security.web.authentication.logout.LogoutFilter@1dc3502b, com.bookmyconsultation.paymentservice.security.JWTAuthenticationFilter@58ba5b30, com.bookmyconsultation.paymentservice.security.JWTTokenVerifier@4dba773d, org.springframework.security.web.savedrequest.RequestCacheAwareFilter@3a082ff4, org.springframework.security.web.servletapi.SecurityContextHolderAwareRequestFilter@237f7970, org.springframework.security.web.authentication.AnonymousAuthenticationFilter@1d9bd4da, org.springframework.security.web.session.SessionManagementFilter@2f897dab, org.springframework.security.web.access.ExceptionTranslationFilter@176996c3, org.springframework.security.web.access.intercept.FilterSecurityInterceptor@2f84acf7]
2022-07-24 21:11:15.512  INFO 1 --- [           main] o.s.b.a.e.web.EndpointLinksResolver      : Exposing 16 endpoint(s) beneath base path '/actuator'
2022-07-24 21:11:15.869  INFO 1 --- [           main] o.s.b.w.embedded.tomcat.TomcatWebServer  : Tomcat started on port(s): 8086 (http) with context path ''
2022-07-24 21:11:15.989  INFO 1 --- [           main] c.b.p.PaymentServiceApplication          : Started PaymentServiceApplication in 44.226 seconds (JVM running for 48.249)
2022-07-24 21:11:27.207  INFO 1 --- [nio-8086-exec-1] o.a.c.c.C.[Tomcat].[localhost].[/]       : Initializing Spring DispatcherServlet 'dispatcherServlet'
2022-07-24 21:11:27.208  INFO 1 --- [nio-8086-exec-1] o.s.web.servlet.DispatcherServlet        : Initializing Servlet 'dispatcherServlet'
2022-07-24 21:11:27.212  INFO 1 --- [nio-8086-exec-1] o.s.web.servlet.DispatcherServlet        : Completed initialization in 3 ms
2022-07-24 21:11:27.253  INFO 1 --- [nio-8086-exec-1] c.b.p.security.JWTTokenVerifier          : Authorization header received: null
2022-07-24 21:11:42.126  INFO 1 --- [nio-8086-exec-2] c.b.p.security.JWTTokenVerifier          : Authorization header received: null
2022-07-24 21:11:57.125  INFO 1 --- [nio-8086-exec-3] c.b.p.security.JWTTokenVerifier          : Authorization header received: null
2022-07-24 21:12:12.125  INFO 1 --- [nio-8086-exec-4] c.b.p.security.JWTTokenVerifier          : Authorization header received: null
2022-07-24 21:12:27.125  INFO 1 --- [nio-8086-exec-5] c.b.p.security.JWTTokenVerifier          : Authorization header received: null
2022-07-24 21:12:42.126  INFO 1 --- [nio-8086-exec-6] c.b.p.security.JWTTokenVerifier          : Authorization header received: null
2022-07-24 21:12:57.126  INFO 1 --- [nio-8086-exec-7] c.b.p.security.JWTTokenVerifier          : Authorization header received: null
2022-07-24 21:13:12.125  INFO 1 --- [nio-8086-exec-8] c.b.p.security.JWTTokenVerifier          : Authorization header received: null
2022-07-24 21:13:49.855  INFO 1 --- [           main] c.b.p.PaymentServiceApplication          : Starting PaymentServiceApplication v0.0.1-SNAPSHOT using Java 11.0.16 on 41603bee6ba6 with PID 1 (/app.jar started by root in /)
2022-07-24 21:13:49.906  INFO 1 --- [           main] c.b.p.PaymentServiceApplication          : No active profile set, falling back to 1 default profile: "default"
2022-07-24 21:13:59.252  INFO 1 --- [           main] .s.d.r.c.RepositoryConfigurationDelegate : Bootstrapping Spring Data MongoDB repositories in DEFAULT mode.
2022-07-24 21:13:59.987  INFO 1 --- [           main] .s.d.r.c.RepositoryConfigurationDelegate : Finished Spring Data repository scanning in 713 ms. Found 1 MongoDB repository interfaces.
2022-07-24 21:14:01.694  INFO 1 --- [           main] o.s.cloud.context.scope.GenericScope     : BeanFactory id=fc57e1a5-f103-35fe-bdc0-b4e5cd70a502
2022-07-24 21:14:06.301  INFO 1 --- [           main] o.s.b.w.embedded.tomcat.TomcatWebServer  : Tomcat initialized with port(s): 8086 (http)
2022-07-24 21:14:06.370  INFO 1 --- [           main] o.apache.catalina.core.StandardService   : Starting service [Tomcat]
2022-07-24 21:14:06.380  INFO 1 --- [           main] org.apache.catalina.core.StandardEngine  : Starting Servlet engine: [Apache Tomcat/9.0.63]
2022-07-24 21:14:06.936  INFO 1 --- [           main] o.a.c.c.C.[Tomcat].[localhost].[/]       : Initializing Spring embedded WebApplicationContext
2022-07-24 21:14:06.944  INFO 1 --- [           main] w.s.c.ServletWebServerApplicationContext : Root WebApplicationContext: initialization completed in 16417 ms
2022-07-24 21:14:10.432  INFO 1 --- [           main] org.mongodb.driver.client                : MongoClient with metadata {"driver": {"name": "mongo-java-driver|sync|spring-boot", "version": "4.6.0"}, "os": {"type": "Linux", "name": "Linux", "architecture": "amd64", "version": "5.4.72-microsoft-standard-WSL2"}, "platform": "Java/Azul Systems, Inc./11.0.16+8-LTS"} created with settings MongoClientSettings{readPreference=primary, writeConcern=WriteConcern{w=null, wTimeout=null ms, journal=null}, retryWrites=true, retryReads=true, readConcern=ReadConcern{level=null}, credential=null, streamFactoryFactory=null, commandListeners=[io.micrometer.core.instrument.binder.mongodb.MongoMetricsCommandListener@29f0c4f2], codecRegistry=ProvidersCodecRegistry{codecProviders=[ValueCodecProvider{}, BsonValueCodecProvider{}, DBRefCodecProvider{}, DBObjectCodecProvider{}, DocumentCodecProvider{}, IterableCodecProvider{}, MapCodecProvider{}, GeoJsonCodecProvider{}, GridFSFileCodecProvider{}, Jsr310CodecProvider{}, JsonObjectCodecProvider{}, BsonCodecProvider{}, EnumCodecProvider{}, com.mongodb.Jep395RecordCodecProvider@7435a578]}, clusterSettings={hosts=[ec2-3-232-57-4.compute-1.amazonaws.com:27017], srvServiceName=mongodb, mode=SINGLE, requiredClusterType=UNKNOWN, requiredReplicaSetName='null', serverSelector='null', clusterListeners='[]', serverSelectionTimeout='30000 ms', localThreshold='30000 ms'}, socketSettings=SocketSettings{connectTimeoutMS=10000, readTimeoutMS=0, receiveBufferSize=0, sendBufferSize=0}, heartbeatSocketSettings=SocketSettings{connectTimeoutMS=10000, readTimeoutMS=10000, receiveBufferSize=0, sendBufferSize=0}, connectionPoolSettings=ConnectionPoolSettings{maxSize=100, minSize=0, maxWaitTimeMS=120000, maxConnectionLifeTimeMS=0, maxConnectionIdleTimeMS=0, maintenanceInitialDelayMS=0, maintenanceFrequencyMS=60000, connectionPoolListeners=[io.micrometer.core.instrument.binder.mongodb.MongoMetricsConnectionPoolListener@6093d508], maxConnecting=2}, serverSettings=ServerSettings{heartbeatFrequencyMS=10000, minHeartbeatFrequencyMS=500, serverListeners='[]', serverMonitorListeners='[]'}, sslSettings=SslSettings{enabled=false, invalidHostNameAllowed=false, context=null}, applicationName='null', compressorList=[], uuidRepresentation=JAVA_LEGACY, serverApi=null, autoEncryptionSettings=null, contextProvider=null}
2022-07-24 21:14:11.043  INFO 1 --- [onaws.com:27017] org.mongodb.driver.connection            : Opened connection [connectionId{localValue:1, serverValue:102}] to ec2-3-232-57-4.compute-1.amazonaws.com:27017
2022-07-24 21:14:10.990  INFO 1 --- [onaws.com:27017] org.mongodb.driver.connection            : Opened connection [connectionId{localValue:2, serverValue:103}] to ec2-3-232-57-4.compute-1.amazonaws.com:27017
2022-07-24 21:14:11.101  INFO 1 --- [onaws.com:27017] org.mongodb.driver.cluster               : Monitor thread successfully connected to server with description ServerDescription{address=ec2-3-232-57-4.compute-1.amazonaws.com:27017, type=STANDALONE, state=CONNECTED, ok=true, minWireVersion=0, maxWireVersion=13, maxDocumentSize=16777216, logicalSessionTimeoutMinutes=30, roundTripTimeNanos=431595600}
2022-07-24 21:14:15.533  INFO 1 --- [           main] o.c.s.w.s.ServerTracingAutoConfiguration : Creating FilterRegistrationBean bean with TracingFilter mapped to [], skip pattern is "/api-docs.*|/swagger.*|.*\.png|.*\.css|.*\.js|.*\.html|/favicon.ico|/hystrix.stream|/actuator/(beans|beans/.*|caches|caches/.*|health|health/.*|info|info/.*|conditions|conditions/.*|configprops|configprops/.*|env|env/.*|loggers|loggers/.*|heapdump|heapdump/.*|threaddump|threaddump/.*|prometheus|prometheus/.*|metrics|metrics/.*|scheduledtasks|scheduledtasks/.*|mappings|mappings/.*|refresh|refresh/.*|features|features/.*)"
2022-07-24 21:14:18.526  INFO 1 --- [           main] o.c.s.w.s.ServerTracingAutoConfiguration : Creating WebMvcConfigurer bean with class io.opentracing.contrib.spring.web.interceptor.TracingHandlerInterceptor
2022-07-24 21:14:19.321  INFO 1 --- [           main] c.b.paymentservice.aspect.LoggingAspect  : Entering CLASS_NAME:KafkaProducerConfiguration METHOD_NAME:kafkaTemplate with input parameters []
2022-07-24 21:14:19.393  INFO 1 --- [           main] c.b.paymentservice.aspect.LoggingAspect  : Entering CLASS_NAME:KafkaProducerConfiguration METHOD_NAME:producerFactory with input parameters []
2022-07-24 21:14:19.494  INFO 1 --- [           main] c.b.paymentservice.aspect.LoggingAspect  : Exiting CLASS_NAME:KafkaProducerConfiguration METHOD_NAME:producerFactory with return value [org.springframework.kafka.core.DefaultKafkaProducerFactory@44b18fe4] and execution time of 0 minutes and 0 seconds
2022-07-24 21:14:19.653  INFO 1 --- [           main] c.b.paymentservice.aspect.LoggingAspect  : Exiting CLASS_NAME:KafkaProducerConfiguration METHOD_NAME:kafkaTemplate with return value [org.springframework.kafka.core.KafkaTemplate@113e13f9] and execution time of 0 minutes and 0 seconds
2022-07-24 21:14:20.365  INFO 1 --- [           main] c.b.paymentservice.aspect.LoggingAspect  : Entering CLASS_NAME:PasswordConfig METHOD_NAME:passwordEncoder with input parameters []
2022-07-24 21:14:20.398  INFO 1 --- [           main] c.b.paymentservice.aspect.LoggingAspect  : Exiting CLASS_NAME:PasswordConfig METHOD_NAME:passwordEncoder with return value [org.springframework.security.crypto.bcrypt.BCryptPasswordEncoder@2d9dff65] and execution time of 0 minutes and 0 seconds
2022-07-24 21:14:20.898  INFO 1 --- [           main] c.b.paymentservice.aspect.LoggingAspect  : Entering CLASS_NAME:ApplicationSecurityConfiguration METHOD_NAME:daoAuthenticationProvider with input parameters []
2022-07-24 21:14:21.159  INFO 1 --- [           main] c.b.paymentservice.aspect.LoggingAspect  : Exiting CLASS_NAME:ApplicationSecurityConfiguration METHOD_NAME:daoAuthenticationProvider with return value [org.springframework.security.authentication.dao.DaoAuthenticationProvider@6f94a5a5] and execution time of 0 minutes and 0 seconds
2022-07-24 21:14:22.442  INFO 1 --- [           main] o.s.s.web.DefaultSecurityFilterChain     : Will secure any request with [org.springframework.security.web.session.DisableEncodeUrlFilter@671d1157, org.springframework.security.web.context.request.async.WebAsyncManagerIntegrationFilter@60c8a093, org.springframework.security.web.context.SecurityContextPersistenceFilter@6573d2f7, org.springframework.security.web.header.HeaderWriterFilter@698fee9a, org.springframework.security.web.authentication.logout.LogoutFilter@242b6e1a, com.bookmyconsultation.paymentservice.security.JWTAuthenticationFilter@44cffc25, com.bookmyconsultation.paymentservice.security.JWTTokenVerifier@2a369e14, org.springframework.security.web.savedrequest.RequestCacheAwareFilter@181b8c4b, org.springframework.security.web.servletapi.SecurityContextHolderAwareRequestFilter@15b642b9, org.springframework.security.web.authentication.AnonymousAuthenticationFilter@25aeb5ac, org.springframework.security.web.session.SessionManagementFilter@7d44a19, org.springframework.security.web.access.ExceptionTranslationFilter@6caf7803, org.springframework.security.web.access.intercept.FilterSecurityInterceptor@17fa1336]
2022-07-24 21:14:28.608  INFO 1 --- [           main] o.s.b.a.e.web.EndpointLinksResolver      : Exposing 16 endpoint(s) beneath base path '/actuator'
2022-07-24 21:14:29.426  INFO 1 --- [           main] o.s.b.w.embedded.tomcat.TomcatWebServer  : Tomcat started on port(s): 8086 (http) with context path ''
2022-07-24 21:14:29.602  INFO 1 --- [           main] c.b.p.PaymentServiceApplication          : Started PaymentServiceApplication in 43.392 seconds (JVM running for 46.681)
2022-07-24 21:14:42.241  INFO 1 --- [nio-8086-exec-1] o.a.c.c.C.[Tomcat].[localhost].[/]       : Initializing Spring DispatcherServlet 'dispatcherServlet'
2022-07-24 21:14:42.242  INFO 1 --- [nio-8086-exec-1] o.s.web.servlet.DispatcherServlet        : Initializing Servlet 'dispatcherServlet'
2022-07-24 21:14:42.245  INFO 1 --- [nio-8086-exec-1] o.s.web.servlet.DispatcherServlet        : Completed initialization in 2 ms
2022-07-24 21:14:42.281  INFO 1 --- [nio-8086-exec-1] c.b.p.security.JWTTokenVerifier          : Authorization header received: null
2022-07-24 21:14:57.139  INFO 1 --- [nio-8086-exec-2] c.b.p.security.JWTTokenVerifier          : Authorization header received: null
2022-07-24 21:15:12.138  INFO 1 --- [nio-8086-exec-4] c.b.p.security.JWTTokenVerifier          : Authorization header received: null
2022-07-24 21:15:27.136  INFO 1 --- [nio-8086-exec-3] c.b.p.security.JWTTokenVerifier          : Authorization header received: null
2022-07-24 21:15:42.138  INFO 1 --- [nio-8086-exec-6] c.b.p.security.JWTTokenVerifier          : Authorization header received: null
2022-07-24 21:15:57.136  INFO 1 --- [nio-8086-exec-8] c.b.p.security.JWTTokenVerifier          : Authorization header received: null
