2022-07-24 20:24:32.775  INFO 1 --- [           main] c.b.userservice.UserServiceApplication   : Starting UserServiceApplication v0.0.1-SNAPSHOT using Java 11.0.16 on dd379177c02d with PID 1 (/app.jar started by root in /)
2022-07-24 20:24:32.786  INFO 1 --- [           main] c.b.userservice.UserServiceApplication   : No active profile set, falling back to 1 default profile: "default"
2022-07-24 20:24:40.190  INFO 1 --- [           main] .s.d.r.c.RepositoryConfigurationDelegate : Bootstrapping Spring Data MongoDB repositories in DEFAULT mode.
2022-07-24 20:24:40.816  INFO 1 --- [           main] .s.d.r.c.RepositoryConfigurationDelegate : Finished Spring Data repository scanning in 591 ms. Found 1 MongoDB repository interfaces.
2022-07-24 20:24:45.667  INFO 1 --- [           main] o.s.b.w.embedded.tomcat.TomcatWebServer  : Tomcat initialized with port(s): 8083 (http)
2022-07-24 20:24:45.746  INFO 1 --- [           main] o.apache.catalina.core.StandardService   : Starting service [Tomcat]
2022-07-24 20:24:45.765  INFO 1 --- [           main] org.apache.catalina.core.StandardEngine  : Starting Servlet engine: [Apache Tomcat/9.0.63]
2022-07-24 20:24:46.330  INFO 1 --- [           main] o.a.c.c.C.[Tomcat].[localhost].[/]       : Initializing Spring embedded WebApplicationContext
2022-07-24 20:24:46.354  INFO 1 --- [           main] w.s.c.ServletWebServerApplicationContext : Root WebApplicationContext: initialization completed in 13264 ms
2022-07-24 20:24:49.841  INFO 1 --- [           main] org.mongodb.driver.client                : MongoClient with metadata {"driver": {"name": "mongo-java-driver|sync|spring-boot", "version": "4.6.0"}, "os": {"type": "Linux", "name": "Linux", "architecture": "amd64", "version": "5.4.72-microsoft-standard-WSL2"}, "platform": "Java/Azul Systems, Inc./11.0.16+8-LTS"} created with settings MongoClientSettings{readPreference=primary, writeConcern=WriteConcern{w=null, wTimeout=null ms, journal=null}, retryWrites=true, retryReads=true, readConcern=ReadConcern{level=null}, credential=null, streamFactoryFactory=null, commandListeners=[io.micrometer.core.instrument.binder.mongodb.MongoMetricsCommandListener@3b569985], codecRegistry=ProvidersCodecRegistry{codecProviders=[ValueCodecProvider{}, BsonValueCodecProvider{}, DBRefCodecProvider{}, DBObjectCodecProvider{}, DocumentCodecProvider{}, IterableCodecProvider{}, MapCodecProvider{}, GeoJsonCodecProvider{}, GridFSFileCodecProvider{}, Jsr310CodecProvider{}, JsonObjectCodecProvider{}, BsonCodecProvider{}, EnumCodecProvider{}, com.mongodb.Jep395RecordCodecProvider@3a022576]}, clusterSettings={hosts=[ec2-3-232-57-4.compute-1.amazonaws.com:27017], srvServiceName=mongodb, mode=SINGLE, requiredClusterType=UNKNOWN, requiredReplicaSetName='null', serverSelector='null', clusterListeners='[]', serverSelectionTimeout='30000 ms', localThreshold='30000 ms'}, socketSettings=SocketSettings{connectTimeoutMS=10000, readTimeoutMS=0, receiveBufferSize=0, sendBufferSize=0}, heartbeatSocketSettings=SocketSettings{connectTimeoutMS=10000, readTimeoutMS=10000, receiveBufferSize=0, sendBufferSize=0}, connectionPoolSettings=ConnectionPoolSettings{maxSize=100, minSize=0, maxWaitTimeMS=120000, maxConnectionLifeTimeMS=0, maxConnectionIdleTimeMS=0, maintenanceInitialDelayMS=0, maintenanceFrequencyMS=60000, connectionPoolListeners=[io.micrometer.core.instrument.binder.mongodb.MongoMetricsConnectionPoolListener@2dbd803f], maxConnecting=2}, serverSettings=ServerSettings{heartbeatFrequencyMS=10000, minHeartbeatFrequencyMS=500, serverListeners='[]', serverMonitorListeners='[]'}, sslSettings=SslSettings{enabled=false, invalidHostNameAllowed=false, context=null}, applicationName='null', compressorList=[], uuidRepresentation=JAVA_LEGACY, serverApi=null, autoEncryptionSettings=null, contextProvider=null}
2022-07-24 20:24:50.465  INFO 1 --- [onaws.com:27017] org.mongodb.driver.connection            : Opened connection [connectionId{localValue:2, serverValue:75}] to ec2-3-232-57-4.compute-1.amazonaws.com:27017
2022-07-24 20:24:50.494  INFO 1 --- [onaws.com:27017] org.mongodb.driver.connection            : Opened connection [connectionId{localValue:1, serverValue:76}] to ec2-3-232-57-4.compute-1.amazonaws.com:27017
2022-07-24 20:24:50.487  WARN 1 --- [           main] o.s.data.convert.CustomConversions       : Registering converter from class java.time.LocalDateTime to class org.joda.time.LocalDateTime as reading converter although it doesn't convert from a store-supported type! You might want to check your annotation setup at the converter implementation.
2022-07-24 20:24:50.526  INFO 1 --- [onaws.com:27017] org.mongodb.driver.cluster               : Monitor thread successfully connected to server with description ServerDescription{address=ec2-3-232-57-4.compute-1.amazonaws.com:27017, type=STANDALONE, state=CONNECTED, ok=true, minWireVersion=0, maxWireVersion=13, maxDocumentSize=16777216, logicalSessionTimeoutMinutes=30, roundTripTimeNanos=355689500}
2022-07-24 20:24:51.893  WARN 1 --- [           main] o.s.data.convert.CustomConversions       : Registering converter from class java.time.LocalDateTime to class org.joda.time.LocalDateTime as reading converter although it doesn't convert from a store-supported type! You might want to check your annotation setup at the converter implementation.
2022-07-24 20:24:54.392  INFO 1 --- [           main] o.c.s.w.s.ServerTracingAutoConfiguration : Creating FilterRegistrationBean bean with TracingFilter mapped to [], skip pattern is "/api-docs.*|/swagger.*|.*\.png|.*\.css|.*\.js|.*\.html|/favicon.ico|/hystrix.stream|/actuator/(beans|beans/.*|caches|caches/.*|health|health/.*|info|info/.*|conditions|conditions/.*|configprops|configprops/.*|env|env/.*|loggers|loggers/.*|heapdump|heapdump/.*|threaddump|threaddump/.*|prometheus|prometheus/.*|metrics|metrics/.*|scheduledtasks|scheduledtasks/.*|mappings|mappings/.*)"
2022-07-24 20:24:56.052  INFO 1 --- [           main] c.b.userservice.aspect.LoggingAspect     : Entering CLASS_NAME:KafkaProducerConfiguration METHOD_NAME:kafkaTemplate with input parameters []
2022-07-24 20:24:56.184  INFO 1 --- [           main] c.b.userservice.aspect.LoggingAspect     : Entering CLASS_NAME:KafkaProducerConfiguration METHOD_NAME:producerFactory with input parameters []
2022-07-24 20:24:56.700  INFO 1 --- [           main] c.b.userservice.aspect.LoggingAspect     : Exiting CLASS_NAME:KafkaProducerConfiguration METHOD_NAME:producerFactory with return value [org.springframework.kafka.core.DefaultKafkaProducerFactory@64524dd] and execution time of 0 minutes and 0 seconds
2022-07-24 20:24:57.035  INFO 1 --- [           main] c.b.userservice.aspect.LoggingAspect     : Exiting CLASS_NAME:KafkaProducerConfiguration METHOD_NAME:kafkaTemplate with return value [org.springframework.kafka.core.KafkaTemplate@d8d9199] and execution time of 0 minutes and 0 seconds
2022-07-24 20:25:05.817  INFO 1 --- [           main] c.b.userservice.aspect.LoggingAspect     : Entering CLASS_NAME:PasswordConfig METHOD_NAME:passwordEncoder with input parameters []
2022-07-24 20:25:05.829  INFO 1 --- [           main] c.b.userservice.aspect.LoggingAspect     : Exiting CLASS_NAME:PasswordConfig METHOD_NAME:passwordEncoder with return value [org.springframework.security.crypto.bcrypt.BCryptPasswordEncoder@48e8c32a] and execution time of 0 minutes and 0 seconds
2022-07-24 20:25:06.137  INFO 1 --- [           main] o.c.s.w.s.ServerTracingAutoConfiguration : Creating WebMvcConfigurer bean with class io.opentracing.contrib.spring.web.interceptor.TracingHandlerInterceptor
2022-07-24 20:25:06.568  INFO 1 --- [           main] c.b.userservice.aspect.LoggingAspect     : Entering CLASS_NAME:ApplicationSecurityConfiguration METHOD_NAME:daoAuthenticationProvider with input parameters []
2022-07-24 20:25:06.767  INFO 1 --- [           main] c.b.userservice.aspect.LoggingAspect     : Exiting CLASS_NAME:ApplicationSecurityConfiguration METHOD_NAME:daoAuthenticationProvider with return value [org.springframework.security.authentication.dao.DaoAuthenticationProvider@34c70b5e] and execution time of 0 minutes and 0 seconds
2022-07-24 20:25:07.164  INFO 1 --- [           main] o.s.s.web.DefaultSecurityFilterChain     : Will secure any request with [org.springframework.security.web.session.DisableEncodeUrlFilter@6d091cad, org.springframework.security.web.context.request.async.WebAsyncManagerIntegrationFilter@7c663eaf, org.springframework.security.web.context.SecurityContextPersistenceFilter@6c479fdf, org.springframework.security.web.header.HeaderWriterFilter@6d33a66e, org.springframework.security.web.authentication.logout.LogoutFilter@36c2d629, com.bookmyconsultation.userservice.security.JWTAuthenticationFilter@3bb5ceb, com.bookmyconsultation.userservice.security.JWTTokenVerifier@1e692555, org.springframework.security.web.savedrequest.RequestCacheAwareFilter@19b206ee, org.springframework.security.web.servletapi.SecurityContextHolderAwareRequestFilter@670f2466, org.springframework.security.web.authentication.AnonymousAuthenticationFilter@3ba0ae41, org.springframework.security.web.session.SessionManagementFilter@5b20706, org.springframework.security.web.access.ExceptionTranslationFilter@44fdce3c, org.springframework.security.web.access.intercept.FilterSecurityInterceptor@3b95a6db]
2022-07-24 20:25:10.326  INFO 1 --- [           main] o.s.b.a.e.web.EndpointLinksResolver      : Exposing 14 endpoint(s) beneath base path '/actuator'
2022-07-24 20:25:10.712  INFO 1 --- [           main] o.s.b.w.embedded.tomcat.TomcatWebServer  : Tomcat started on port(s): 8083 (http) with context path ''
2022-07-24 20:25:10.817  INFO 1 --- [           main] c.b.userservice.UserServiceApplication   : Started UserServiceApplication in 41.512 seconds (JVM running for 44.446)
2022-07-24 20:25:18.764  INFO 1 --- [nio-8083-exec-1] o.a.c.c.C.[Tomcat].[localhost].[/]       : Initializing Spring DispatcherServlet 'dispatcherServlet'
2022-07-24 20:25:18.765  INFO 1 --- [nio-8083-exec-1] o.s.web.servlet.DispatcherServlet        : Initializing Servlet 'dispatcherServlet'
2022-07-24 20:25:18.768  INFO 1 --- [nio-8083-exec-1] o.s.web.servlet.DispatcherServlet        : Completed initialization in 2 ms
2022-07-24 20:25:18.869  INFO 1 --- [nio-8083-exec-1] c.b.u.security.JWTTokenVerifier          : Authorization header received: null
2022-07-24 20:25:33.603  INFO 1 --- [nio-8083-exec-2] c.b.u.security.JWTTokenVerifier          : Authorization header received: null
2022-07-24 20:25:48.604  INFO 1 --- [nio-8083-exec-3] c.b.u.security.JWTTokenVerifier          : Authorization header received: null
2022-07-24 20:26:03.604  INFO 1 --- [nio-8083-exec-4] c.b.u.security.JWTTokenVerifier          : Authorization header received: null
2022-07-24 20:26:18.605  INFO 1 --- [nio-8083-exec-5] c.b.u.security.JWTTokenVerifier          : Authorization header received: null
2022-07-24 20:26:33.604  INFO 1 --- [nio-8083-exec-6] c.b.u.security.JWTTokenVerifier          : Authorization header received: null
2022-07-24 20:26:48.605  INFO 1 --- [nio-8083-exec-7] c.b.u.security.JWTTokenVerifier          : Authorization header received: null
2022-07-24 20:27:03.605  INFO 1 --- [nio-8083-exec-8] c.b.u.security.JWTTokenVerifier          : Authorization header received: null
2022-07-24 20:27:18.602  INFO 1 --- [nio-8083-exec-9] c.b.u.security.JWTTokenVerifier          : Authorization header received: null
2022-07-24 20:27:33.604  INFO 1 --- [io-8083-exec-10] c.b.u.security.JWTTokenVerifier          : Authorization header received: null
2022-07-24 20:27:48.604  INFO 1 --- [nio-8083-exec-1] c.b.u.security.JWTTokenVerifier          : Authorization header received: null
2022-07-24 20:28:03.604  INFO 1 --- [nio-8083-exec-2] c.b.u.security.JWTTokenVerifier          : Authorization header received: null
2022-07-24 20:28:18.604  INFO 1 --- [nio-8083-exec-3] c.b.u.security.JWTTokenVerifier          : Authorization header received: null
2022-07-24 20:28:33.603  INFO 1 --- [nio-8083-exec-4] c.b.u.security.JWTTokenVerifier          : Authorization header received: null
2022-07-24 20:28:48.603  INFO 1 --- [nio-8083-exec-5] c.b.u.security.JWTTokenVerifier          : Authorization header received: null
2022-07-24 20:29:03.602  INFO 1 --- [nio-8083-exec-6] c.b.u.security.JWTTokenVerifier          : Authorization header received: null
2022-07-24 20:29:18.601  INFO 1 --- [nio-8083-exec-7] c.b.u.security.JWTTokenVerifier          : Authorization header received: null
2022-07-24 20:29:33.607  INFO 1 --- [nio-8083-exec-8] c.b.u.security.JWTTokenVerifier          : Authorization header received: null
2022-07-24 20:29:48.604  INFO 1 --- [nio-8083-exec-9] c.b.u.security.JWTTokenVerifier          : Authorization header received: null
2022-07-24 20:30:03.608  INFO 1 --- [io-8083-exec-10] c.b.u.security.JWTTokenVerifier          : Authorization header received: null
2022-07-24 20:30:18.609  INFO 1 --- [nio-8083-exec-1] c.b.u.security.JWTTokenVerifier          : Authorization header received: null
2022-07-24 20:30:33.603  INFO 1 --- [nio-8083-exec-2] c.b.u.security.JWTTokenVerifier          : Authorization header received: null
2022-07-24 20:30:48.603  INFO 1 --- [nio-8083-exec-3] c.b.u.security.JWTTokenVerifier          : Authorization header received: null
2022-07-24 20:31:03.603  INFO 1 --- [nio-8083-exec-4] c.b.u.security.JWTTokenVerifier          : Authorization header received: null
2022-07-24 20:31:18.603  INFO 1 --- [nio-8083-exec-5] c.b.u.security.JWTTokenVerifier          : Authorization header received: null
2022-07-24 20:31:33.604  INFO 1 --- [nio-8083-exec-6] c.b.u.security.JWTTokenVerifier          : Authorization header received: null
2022-07-24 20:31:48.603  INFO 1 --- [nio-8083-exec-7] c.b.u.security.JWTTokenVerifier          : Authorization header received: null
2022-07-24 20:32:03.603  INFO 1 --- [nio-8083-exec-8] c.b.u.security.JWTTokenVerifier          : Authorization header received: null
2022-07-24 20:32:18.603  INFO 1 --- [nio-8083-exec-9] c.b.u.security.JWTTokenVerifier          : Authorization header received: null
2022-07-24 20:32:33.603  INFO 1 --- [io-8083-exec-10] c.b.u.security.JWTTokenVerifier          : Authorization header received: null
2022-07-24 20:32:48.602  INFO 1 --- [nio-8083-exec-1] c.b.u.security.JWTTokenVerifier          : Authorization header received: null
2022-07-24 20:33:03.603  INFO 1 --- [nio-8083-exec-2] c.b.u.security.JWTTokenVerifier          : Authorization header received: null
2022-07-24 20:33:18.602  INFO 1 --- [nio-8083-exec-3] c.b.u.security.JWTTokenVerifier          : Authorization header received: null
2022-07-24 20:33:33.603  INFO 1 --- [nio-8083-exec-4] c.b.u.security.JWTTokenVerifier          : Authorization header received: null
2022-07-24 20:33:48.604  INFO 1 --- [nio-8083-exec-5] c.b.u.security.JWTTokenVerifier          : Authorization header received: null
2022-07-24 20:34:03.605  INFO 1 --- [nio-8083-exec-6] c.b.u.security.JWTTokenVerifier          : Authorization header received: null
2022-07-24 20:34:18.603  INFO 1 --- [nio-8083-exec-7] c.b.u.security.JWTTokenVerifier          : Authorization header received: null
2022-07-24 20:34:33.602  INFO 1 --- [nio-8083-exec-8] c.b.u.security.JWTTokenVerifier          : Authorization header received: null
2022-07-24 20:34:48.603  INFO 1 --- [nio-8083-exec-9] c.b.u.security.JWTTokenVerifier          : Authorization header received: null
2022-07-24 20:35:03.602  INFO 1 --- [io-8083-exec-10] c.b.u.security.JWTTokenVerifier          : Authorization header received: null
2022-07-24 20:35:18.604  INFO 1 --- [nio-8083-exec-1] c.b.u.security.JWTTokenVerifier          : Authorization header received: null
2022-07-24 20:35:33.601  INFO 1 --- [nio-8083-exec-2] c.b.u.security.JWTTokenVerifier          : Authorization header received: null
2022-07-24 20:35:48.603  INFO 1 --- [nio-8083-exec-3] c.b.u.security.JWTTokenVerifier          : Authorization header received: null
2022-07-24 20:36:03.605  INFO 1 --- [nio-8083-exec-4] c.b.u.security.JWTTokenVerifier          : Authorization header received: null
2022-07-24 20:36:18.604  INFO 1 --- [nio-8083-exec-5] c.b.u.security.JWTTokenVerifier          : Authorization header received: null
2022-07-24 20:36:33.602  INFO 1 --- [nio-8083-exec-6] c.b.u.security.JWTTokenVerifier          : Authorization header received: null
2022-07-24 20:36:48.603  INFO 1 --- [nio-8083-exec-7] c.b.u.security.JWTTokenVerifier          : Authorization header received: null
2022-07-24 20:37:03.603  INFO 1 --- [nio-8083-exec-8] c.b.u.security.JWTTokenVerifier          : Authorization header received: null
2022-07-24 20:37:18.603  INFO 1 --- [nio-8083-exec-9] c.b.u.security.JWTTokenVerifier          : Authorization header received: null
2022-07-24 20:37:33.602  INFO 1 --- [io-8083-exec-10] c.b.u.security.JWTTokenVerifier          : Authorization header received: null
2022-07-24 20:37:48.602  INFO 1 --- [nio-8083-exec-1] c.b.u.security.JWTTokenVerifier          : Authorization header received: null
2022-07-24 20:38:03.604  INFO 1 --- [nio-8083-exec-2] c.b.u.security.JWTTokenVerifier          : Authorization header received: null
2022-07-24 20:38:18.602  INFO 1 --- [nio-8083-exec-3] c.b.u.security.JWTTokenVerifier          : Authorization header received: null
2022-07-24 20:38:33.603  INFO 1 --- [nio-8083-exec-4] c.b.u.security.JWTTokenVerifier          : Authorization header received: null
2022-07-24 20:38:48.602  INFO 1 --- [nio-8083-exec-5] c.b.u.security.JWTTokenVerifier          : Authorization header received: null
2022-07-24 20:39:03.603  INFO 1 --- [nio-8083-exec-6] c.b.u.security.JWTTokenVerifier          : Authorization header received: null
2022-07-24 20:39:18.603  INFO 1 --- [nio-8083-exec-7] c.b.u.security.JWTTokenVerifier          : Authorization header received: null
2022-07-24 20:39:33.605  INFO 1 --- [nio-8083-exec-8] c.b.u.security.JWTTokenVerifier          : Authorization header received: null
2022-07-24 20:39:48.602  INFO 1 --- [nio-8083-exec-9] c.b.u.security.JWTTokenVerifier          : Authorization header received: null
2022-07-24 20:40:03.604  INFO 1 --- [io-8083-exec-10] c.b.u.security.JWTTokenVerifier          : Authorization header received: null
2022-07-24 20:40:18.605  INFO 1 --- [nio-8083-exec-1] c.b.u.security.JWTTokenVerifier          : Authorization header received: null
2022-07-24 20:40:33.603  INFO 1 --- [nio-8083-exec-2] c.b.u.security.JWTTokenVerifier          : Authorization header received: null
2022-07-24 20:40:48.602  INFO 1 --- [nio-8083-exec-3] c.b.u.security.JWTTokenVerifier          : Authorization header received: null
2022-07-24 20:41:03.603  INFO 1 --- [nio-8083-exec-4] c.b.u.security.JWTTokenVerifier          : Authorization header received: null
2022-07-24 20:41:18.603  INFO 1 --- [nio-8083-exec-5] c.b.u.security.JWTTokenVerifier          : Authorization header received: null
2022-07-24 20:41:33.602  INFO 1 --- [nio-8083-exec-6] c.b.u.security.JWTTokenVerifier          : Authorization header received: null
2022-07-24 20:41:48.604  INFO 1 --- [nio-8083-exec-7] c.b.u.security.JWTTokenVerifier          : Authorization header received: null
2022-07-24 20:42:03.605  INFO 1 --- [nio-8083-exec-8] c.b.u.security.JWTTokenVerifier          : Authorization header received: null
2022-07-24 20:42:18.605  INFO 1 --- [nio-8083-exec-9] c.b.u.security.JWTTokenVerifier          : Authorization header received: null
2022-07-24 20:42:33.602  INFO 1 --- [io-8083-exec-10] c.b.u.security.JWTTokenVerifier          : Authorization header received: null
2022-07-24 20:42:48.603  INFO 1 --- [nio-8083-exec-1] c.b.u.security.JWTTokenVerifier          : Authorization header received: null
2022-07-24 20:43:03.603  INFO 1 --- [nio-8083-exec-2] c.b.u.security.JWTTokenVerifier          : Authorization header received: null
2022-07-24 20:43:18.602  INFO 1 --- [nio-8083-exec-3] c.b.u.security.JWTTokenVerifier          : Authorization header received: null
2022-07-24 20:43:33.605  INFO 1 --- [nio-8083-exec-4] c.b.u.security.JWTTokenVerifier          : Authorization header received: null
2022-07-24 20:43:48.603  INFO 1 --- [nio-8083-exec-5] c.b.u.security.JWTTokenVerifier          : Authorization header received: null
2022-07-24 20:44:03.602  INFO 1 --- [nio-8083-exec-6] c.b.u.security.JWTTokenVerifier          : Authorization header received: null
2022-07-24 20:44:18.602  INFO 1 --- [nio-8083-exec-7] c.b.u.security.JWTTokenVerifier          : Authorization header received: null
2022-07-24 20:44:33.602  INFO 1 --- [nio-8083-exec-8] c.b.u.security.JWTTokenVerifier          : Authorization header received: null
2022-07-24 20:44:48.603  INFO 1 --- [nio-8083-exec-9] c.b.u.security.JWTTokenVerifier          : Authorization header received: null
2022-07-24 20:45:03.605  INFO 1 --- [io-8083-exec-10] c.b.u.security.JWTTokenVerifier          : Authorization header received: null
2022-07-24 20:45:18.602  INFO 1 --- [nio-8083-exec-1] c.b.u.security.JWTTokenVerifier          : Authorization header received: null
2022-07-24 20:45:33.604  INFO 1 --- [nio-8083-exec-2] c.b.u.security.JWTTokenVerifier          : Authorization header received: null
2022-07-24 20:45:48.603  INFO 1 --- [nio-8083-exec-3] c.b.u.security.JWTTokenVerifier          : Authorization header received: null
2022-07-24 20:46:03.605  INFO 1 --- [nio-8083-exec-4] c.b.u.security.JWTTokenVerifier          : Authorization header received: null
2022-07-24 20:46:18.603  INFO 1 --- [nio-8083-exec-5] c.b.u.security.JWTTokenVerifier          : Authorization header received: null
2022-07-24 20:46:33.605  INFO 1 --- [nio-8083-exec-6] c.b.u.security.JWTTokenVerifier          : Authorization header received: null
2022-07-24 20:46:48.606  INFO 1 --- [nio-8083-exec-7] c.b.u.security.JWTTokenVerifier          : Authorization header received: null
2022-07-24 20:47:03.604  INFO 1 --- [nio-8083-exec-8] c.b.u.security.JWTTokenVerifier          : Authorization header received: null
2022-07-24 20:47:18.603  INFO 1 --- [nio-8083-exec-9] c.b.u.security.JWTTokenVerifier          : Authorization header received: null
2022-07-24 20:47:33.602  INFO 1 --- [io-8083-exec-10] c.b.u.security.JWTTokenVerifier          : Authorization header received: null
2022-07-24 20:47:48.603  INFO 1 --- [nio-8083-exec-1] c.b.u.security.JWTTokenVerifier          : Authorization header received: null
2022-07-24 20:48:03.602  INFO 1 --- [nio-8083-exec-2] c.b.u.security.JWTTokenVerifier          : Authorization header received: null
2022-07-24 20:48:18.602  INFO 1 --- [nio-8083-exec-3] c.b.u.security.JWTTokenVerifier          : Authorization header received: null
2022-07-24 20:48:33.603  INFO 1 --- [nio-8083-exec-4] c.b.u.security.JWTTokenVerifier          : Authorization header received: null
2022-07-24 20:48:48.602  INFO 1 --- [nio-8083-exec-5] c.b.u.security.JWTTokenVerifier          : Authorization header received: null
2022-07-24 20:49:03.604  INFO 1 --- [nio-8083-exec-6] c.b.u.security.JWTTokenVerifier          : Authorization header received: null
2022-07-24 20:49:18.603  INFO 1 --- [nio-8083-exec-7] c.b.u.security.JWTTokenVerifier          : Authorization header received: null
2022-07-24 20:49:33.605  INFO 1 --- [nio-8083-exec-8] c.b.u.security.JWTTokenVerifier          : Authorization header received: null
2022-07-24 20:49:48.604  INFO 1 --- [nio-8083-exec-9] c.b.u.security.JWTTokenVerifier          : Authorization header received: null
2022-07-24 20:50:03.602  INFO 1 --- [io-8083-exec-10] c.b.u.security.JWTTokenVerifier          : Authorization header received: null
2022-07-24 20:50:18.609  INFO 1 --- [nio-8083-exec-1] c.b.u.security.JWTTokenVerifier          : Authorization header received: null
2022-07-24 20:50:33.605  INFO 1 --- [nio-8083-exec-2] c.b.u.security.JWTTokenVerifier          : Authorization header received: null
2022-07-24 20:50:48.603  INFO 1 --- [nio-8083-exec-3] c.b.u.security.JWTTokenVerifier          : Authorization header received: null
2022-07-24 20:51:03.603  INFO 1 --- [nio-8083-exec-4] c.b.u.security.JWTTokenVerifier          : Authorization header received: null
2022-07-24 20:51:18.603  INFO 1 --- [nio-8083-exec-5] c.b.u.security.JWTTokenVerifier          : Authorization header received: null
2022-07-24 20:51:33.603  INFO 1 --- [nio-8083-exec-6] c.b.u.security.JWTTokenVerifier          : Authorization header received: null
2022-07-24 20:51:48.604  INFO 1 --- [nio-8083-exec-7] c.b.u.security.JWTTokenVerifier          : Authorization header received: null
2022-07-24 20:52:03.602  INFO 1 --- [nio-8083-exec-8] c.b.u.security.JWTTokenVerifier          : Authorization header received: null
2022-07-24 20:52:18.603  INFO 1 --- [nio-8083-exec-9] c.b.u.security.JWTTokenVerifier          : Authorization header received: null
2022-07-24 20:52:33.603  INFO 1 --- [io-8083-exec-10] c.b.u.security.JWTTokenVerifier          : Authorization header received: null
2022-07-24 20:52:48.606  INFO 1 --- [nio-8083-exec-1] c.b.u.security.JWTTokenVerifier          : Authorization header received: null
2022-07-24 20:53:03.603  INFO 1 --- [nio-8083-exec-2] c.b.u.security.JWTTokenVerifier          : Authorization header received: null
2022-07-24 20:53:18.606  INFO 1 --- [nio-8083-exec-3] c.b.u.security.JWTTokenVerifier          : Authorization header received: null
2022-07-24 20:53:33.603  INFO 1 --- [nio-8083-exec-4] c.b.u.security.JWTTokenVerifier          : Authorization header received: null
2022-07-24 20:53:48.603  INFO 1 --- [nio-8083-exec-5] c.b.u.security.JWTTokenVerifier          : Authorization header received: null
2022-07-24 20:54:03.603  INFO 1 --- [nio-8083-exec-6] c.b.u.security.JWTTokenVerifier          : Authorization header received: null
2022-07-24 20:54:18.602  INFO 1 --- [nio-8083-exec-7] c.b.u.security.JWTTokenVerifier          : Authorization header received: null
2022-07-24 20:54:33.604  INFO 1 --- [nio-8083-exec-8] c.b.u.security.JWTTokenVerifier          : Authorization header received: null
2022-07-24 20:54:48.603  INFO 1 --- [nio-8083-exec-9] c.b.u.security.JWTTokenVerifier          : Authorization header received: null
2022-07-24 20:55:03.603  INFO 1 --- [io-8083-exec-10] c.b.u.security.JWTTokenVerifier          : Authorization header received: null
2022-07-24 20:55:18.603  INFO 1 --- [nio-8083-exec-1] c.b.u.security.JWTTokenVerifier          : Authorization header received: null
2022-07-24 20:55:33.604  INFO 1 --- [nio-8083-exec-2] c.b.u.security.JWTTokenVerifier          : Authorization header received: null
2022-07-24 20:55:48.603  INFO 1 --- [nio-8083-exec-3] c.b.u.security.JWTTokenVerifier          : Authorization header received: null
2022-07-24 20:56:03.603  INFO 1 --- [nio-8083-exec-4] c.b.u.security.JWTTokenVerifier          : Authorization header received: null
2022-07-24 20:56:18.603  INFO 1 --- [nio-8083-exec-5] c.b.u.security.JWTTokenVerifier          : Authorization header received: null
2022-07-24 20:56:33.603  INFO 1 --- [nio-8083-exec-6] c.b.u.security.JWTTokenVerifier          : Authorization header received: null
2022-07-24 20:56:48.604  INFO 1 --- [nio-8083-exec-7] c.b.u.security.JWTTokenVerifier          : Authorization header received: null
2022-07-24 20:57:03.605  INFO 1 --- [nio-8083-exec-8] c.b.u.security.JWTTokenVerifier          : Authorization header received: null
2022-07-24 20:57:18.603  INFO 1 --- [nio-8083-exec-9] c.b.u.security.JWTTokenVerifier          : Authorization header received: null
2022-07-24 20:57:33.602  INFO 1 --- [io-8083-exec-10] c.b.u.security.JWTTokenVerifier          : Authorization header received: null
2022-07-24 20:57:48.603  INFO 1 --- [nio-8083-exec-1] c.b.u.security.JWTTokenVerifier          : Authorization header received: null
2022-07-24 21:10:31.277  INFO 1 --- [           main] c.b.userservice.UserServiceApplication   : Starting UserServiceApplication v0.0.1-SNAPSHOT using Java 11.0.16 on dd379177c02d with PID 1 (/app.jar started by root in /)
2022-07-24 21:10:31.312  INFO 1 --- [           main] c.b.userservice.UserServiceApplication   : No active profile set, falling back to 1 default profile: "default"
2022-07-24 21:10:40.700  INFO 1 --- [           main] .s.d.r.c.RepositoryConfigurationDelegate : Bootstrapping Spring Data MongoDB repositories in DEFAULT mode.
2022-07-24 21:10:41.633  INFO 1 --- [           main] .s.d.r.c.RepositoryConfigurationDelegate : Finished Spring Data repository scanning in 917 ms. Found 1 MongoDB repository interfaces.
2022-07-24 21:10:47.588  INFO 1 --- [           main] o.s.b.w.embedded.tomcat.TomcatWebServer  : Tomcat initialized with port(s): 8083 (http)
2022-07-24 21:10:47.686  INFO 1 --- [           main] o.apache.catalina.core.StandardService   : Starting service [Tomcat]
2022-07-24 21:10:47.695  INFO 1 --- [           main] org.apache.catalina.core.StandardEngine  : Starting Servlet engine: [Apache Tomcat/9.0.63]
2022-07-24 21:10:48.122  INFO 1 --- [           main] o.a.c.c.C.[Tomcat].[localhost].[/]       : Initializing Spring embedded WebApplicationContext
2022-07-24 21:10:48.135  INFO 1 --- [           main] w.s.c.ServletWebServerApplicationContext : Root WebApplicationContext: initialization completed in 16244 ms
2022-07-24 21:10:51.843  INFO 1 --- [           main] org.mongodb.driver.client                : MongoClient with metadata {"driver": {"name": "mongo-java-driver|sync|spring-boot", "version": "4.6.0"}, "os": {"type": "Linux", "name": "Linux", "architecture": "amd64", "version": "5.4.72-microsoft-standard-WSL2"}, "platform": "Java/Azul Systems, Inc./11.0.16+8-LTS"} created with settings MongoClientSettings{readPreference=primary, writeConcern=WriteConcern{w=null, wTimeout=null ms, journal=null}, retryWrites=true, retryReads=true, readConcern=ReadConcern{level=null}, credential=null, streamFactoryFactory=null, commandListeners=[io.micrometer.core.instrument.binder.mongodb.MongoMetricsCommandListener@441cc260], codecRegistry=ProvidersCodecRegistry{codecProviders=[ValueCodecProvider{}, BsonValueCodecProvider{}, DBRefCodecProvider{}, DBObjectCodecProvider{}, DocumentCodecProvider{}, IterableCodecProvider{}, MapCodecProvider{}, GeoJsonCodecProvider{}, GridFSFileCodecProvider{}, Jsr310CodecProvider{}, JsonObjectCodecProvider{}, BsonCodecProvider{}, EnumCodecProvider{}, com.mongodb.Jep395RecordCodecProvider@73a00e09]}, clusterSettings={hosts=[ec2-3-232-57-4.compute-1.amazonaws.com:27017], srvServiceName=mongodb, mode=SINGLE, requiredClusterType=UNKNOWN, requiredReplicaSetName='null', serverSelector='null', clusterListeners='[]', serverSelectionTimeout='30000 ms', localThreshold='30000 ms'}, socketSettings=SocketSettings{connectTimeoutMS=10000, readTimeoutMS=0, receiveBufferSize=0, sendBufferSize=0}, heartbeatSocketSettings=SocketSettings{connectTimeoutMS=10000, readTimeoutMS=10000, receiveBufferSize=0, sendBufferSize=0}, connectionPoolSettings=ConnectionPoolSettings{maxSize=100, minSize=0, maxWaitTimeMS=120000, maxConnectionLifeTimeMS=0, maxConnectionIdleTimeMS=0, maintenanceInitialDelayMS=0, maintenanceFrequencyMS=60000, connectionPoolListeners=[io.micrometer.core.instrument.binder.mongodb.MongoMetricsConnectionPoolListener@26dcd8c0], maxConnecting=2}, serverSettings=ServerSettings{heartbeatFrequencyMS=10000, minHeartbeatFrequencyMS=500, serverListeners='[]', serverMonitorListeners='[]'}, sslSettings=SslSettings{enabled=false, invalidHostNameAllowed=false, context=null}, applicationName='null', compressorList=[], uuidRepresentation=JAVA_LEGACY, serverApi=null, autoEncryptionSettings=null, contextProvider=null}
2022-07-24 21:10:52.400  INFO 1 --- [onaws.com:27017] org.mongodb.driver.connection            : Opened connection [connectionId{localValue:1, serverValue:86}] to ec2-3-232-57-4.compute-1.amazonaws.com:27017
2022-07-24 21:10:52.430  INFO 1 --- [onaws.com:27017] org.mongodb.driver.cluster               : Monitor thread successfully connected to server with description ServerDescription{address=ec2-3-232-57-4.compute-1.amazonaws.com:27017, type=STANDALONE, state=CONNECTED, ok=true, minWireVersion=0, maxWireVersion=13, maxDocumentSize=16777216, logicalSessionTimeoutMinutes=30, roundTripTimeNanos=384812200}
2022-07-24 21:10:52.397  INFO 1 --- [onaws.com:27017] org.mongodb.driver.connection            : Opened connection [connectionId{localValue:2, serverValue:87}] to ec2-3-232-57-4.compute-1.amazonaws.com:27017
2022-07-24 21:10:52.938  WARN 1 --- [           main] o.s.data.convert.CustomConversions       : Registering converter from class java.time.LocalDateTime to class org.joda.time.LocalDateTime as reading converter although it doesn't convert from a store-supported type! You might want to check your annotation setup at the converter implementation.
2022-07-24 21:10:53.976  WARN 1 --- [           main] o.s.data.convert.CustomConversions       : Registering converter from class java.time.LocalDateTime to class org.joda.time.LocalDateTime as reading converter although it doesn't convert from a store-supported type! You might want to check your annotation setup at the converter implementation.
2022-07-24 21:10:56.721  INFO 1 --- [           main] o.c.s.w.s.ServerTracingAutoConfiguration : Creating FilterRegistrationBean bean with TracingFilter mapped to [], skip pattern is "/api-docs.*|/swagger.*|.*\.png|.*\.css|.*\.js|.*\.html|/favicon.ico|/hystrix.stream|/actuator/(beans|beans/.*|caches|caches/.*|health|health/.*|info|info/.*|conditions|conditions/.*|configprops|configprops/.*|env|env/.*|loggers|loggers/.*|heapdump|heapdump/.*|threaddump|threaddump/.*|prometheus|prometheus/.*|metrics|metrics/.*|scheduledtasks|scheduledtasks/.*|mappings|mappings/.*)"
2022-07-24 21:10:58.896  INFO 1 --- [           main] c.b.userservice.aspect.LoggingAspect     : Entering CLASS_NAME:KafkaProducerConfiguration METHOD_NAME:kafkaTemplate with input parameters []
2022-07-24 21:10:58.989  INFO 1 --- [           main] c.b.userservice.aspect.LoggingAspect     : Entering CLASS_NAME:KafkaProducerConfiguration METHOD_NAME:producerFactory with input parameters []
2022-07-24 21:10:59.107  INFO 1 --- [           main] c.b.userservice.aspect.LoggingAspect     : Exiting CLASS_NAME:KafkaProducerConfiguration METHOD_NAME:producerFactory with return value [org.springframework.kafka.core.DefaultKafkaProducerFactory@2cfa2c4f] and execution time of 0 minutes and 0 seconds
2022-07-24 21:10:59.695  INFO 1 --- [           main] c.b.userservice.aspect.LoggingAspect     : Exiting CLASS_NAME:KafkaProducerConfiguration METHOD_NAME:kafkaTemplate with return value [org.springframework.kafka.core.KafkaTemplate@35764bef] and execution time of 0 minutes and 0 seconds
2022-07-24 21:11:11.792  INFO 1 --- [           main] c.b.userservice.aspect.LoggingAspect     : Entering CLASS_NAME:PasswordConfig METHOD_NAME:passwordEncoder with input parameters []
2022-07-24 21:11:11.861  INFO 1 --- [           main] c.b.userservice.aspect.LoggingAspect     : Exiting CLASS_NAME:PasswordConfig METHOD_NAME:passwordEncoder with return value [org.springframework.security.crypto.bcrypt.BCryptPasswordEncoder@7978e022] and execution time of 0 minutes and 0 seconds
2022-07-24 21:11:12.503  INFO 1 --- [           main] o.c.s.w.s.ServerTracingAutoConfiguration : Creating WebMvcConfigurer bean with class io.opentracing.contrib.spring.web.interceptor.TracingHandlerInterceptor
2022-07-24 21:11:13.406  INFO 1 --- [           main] c.b.userservice.aspect.LoggingAspect     : Entering CLASS_NAME:ApplicationSecurityConfiguration METHOD_NAME:daoAuthenticationProvider with input parameters []
2022-07-24 21:11:13.579  INFO 1 --- [           main] c.b.userservice.aspect.LoggingAspect     : Exiting CLASS_NAME:ApplicationSecurityConfiguration METHOD_NAME:daoAuthenticationProvider with return value [org.springframework.security.authentication.dao.DaoAuthenticationProvider@688a2c09] and execution time of 0 minutes and 0 seconds
2022-07-24 21:11:14.198  INFO 1 --- [           main] o.s.s.web.DefaultSecurityFilterChain     : Will secure any request with [org.springframework.security.web.session.DisableEncodeUrlFilter@6c8dbf56, org.springframework.security.web.context.request.async.WebAsyncManagerIntegrationFilter@493b01ef, org.springframework.security.web.context.SecurityContextPersistenceFilter@67e25252, org.springframework.security.web.header.HeaderWriterFilter@72b43104, org.springframework.security.web.authentication.logout.LogoutFilter@64deb58f, com.bookmyconsultation.userservice.security.JWTAuthenticationFilter@36c2d629, com.bookmyconsultation.userservice.security.JWTTokenVerifier@55fee662, org.springframework.security.web.savedrequest.RequestCacheAwareFilter@21a9a705, org.springframework.security.web.servletapi.SecurityContextHolderAwareRequestFilter@7affc159, org.springframework.security.web.authentication.AnonymousAuthenticationFilter@54089484, org.springframework.security.web.session.SessionManagementFilter@4d0e54e0, org.springframework.security.web.access.ExceptionTranslationFilter@75b6dd5b, org.springframework.security.web.access.intercept.FilterSecurityInterceptor@6ebc9573]
2022-07-24 21:11:18.316  INFO 1 --- [           main] o.s.b.a.e.web.EndpointLinksResolver      : Exposing 14 endpoint(s) beneath base path '/actuator'
2022-07-24 21:11:18.757  INFO 1 --- [           main] o.s.b.w.embedded.tomcat.TomcatWebServer  : Tomcat started on port(s): 8083 (http) with context path ''
2022-07-24 21:11:18.913  INFO 1 --- [           main] c.b.userservice.UserServiceApplication   : Started UserServiceApplication in 52.099 seconds (JVM running for 55.152)
2022-07-24 21:11:19.431  INFO 1 --- [nio-8083-exec-1] o.a.c.c.C.[Tomcat].[localhost].[/]       : Initializing Spring DispatcherServlet 'dispatcherServlet'
2022-07-24 21:11:19.445  INFO 1 --- [nio-8083-exec-1] o.s.web.servlet.DispatcherServlet        : Initializing Servlet 'dispatcherServlet'
2022-07-24 21:11:19.459  INFO 1 --- [nio-8083-exec-1] o.s.web.servlet.DispatcherServlet        : Completed initialization in 13 ms
2022-07-24 21:11:19.596  INFO 1 --- [nio-8083-exec-1] c.b.u.security.JWTTokenVerifier          : Authorization header received: null
2022-07-24 21:11:33.605  INFO 1 --- [nio-8083-exec-2] c.b.u.security.JWTTokenVerifier          : Authorization header received: null
2022-07-24 21:11:48.604  INFO 1 --- [nio-8083-exec-3] c.b.u.security.JWTTokenVerifier          : Authorization header received: null
2022-07-24 21:12:03.605  INFO 1 --- [nio-8083-exec-4] c.b.u.security.JWTTokenVerifier          : Authorization header received: null
2022-07-24 21:12:18.604  INFO 1 --- [nio-8083-exec-5] c.b.u.security.JWTTokenVerifier          : Authorization header received: null
2022-07-24 21:12:33.605  INFO 1 --- [nio-8083-exec-6] c.b.u.security.JWTTokenVerifier          : Authorization header received: null
2022-07-24 21:12:48.607  INFO 1 --- [nio-8083-exec-7] c.b.u.security.JWTTokenVerifier          : Authorization header received: null
2022-07-24 21:13:03.603  INFO 1 --- [nio-8083-exec-8] c.b.u.security.JWTTokenVerifier          : Authorization header received: null
2022-07-24 21:13:45.599  INFO 1 --- [           main] c.b.userservice.UserServiceApplication   : Starting UserServiceApplication v0.0.1-SNAPSHOT using Java 11.0.16 on dd379177c02d with PID 1 (/app.jar started by root in /)
2022-07-24 21:13:45.643  INFO 1 --- [           main] c.b.userservice.UserServiceApplication   : No active profile set, falling back to 1 default profile: "default"
2022-07-24 21:13:55.653  INFO 1 --- [           main] .s.d.r.c.RepositoryConfigurationDelegate : Bootstrapping Spring Data MongoDB repositories in DEFAULT mode.
2022-07-24 21:13:56.508  INFO 1 --- [           main] .s.d.r.c.RepositoryConfigurationDelegate : Finished Spring Data repository scanning in 813 ms. Found 1 MongoDB repository interfaces.
2022-07-24 21:14:03.662  INFO 1 --- [           main] o.s.b.w.embedded.tomcat.TomcatWebServer  : Tomcat initialized with port(s): 8083 (http)
2022-07-24 21:14:03.760  INFO 1 --- [           main] o.apache.catalina.core.StandardService   : Starting service [Tomcat]
2022-07-24 21:14:03.773  INFO 1 --- [           main] org.apache.catalina.core.StandardEngine  : Starting Servlet engine: [Apache Tomcat/9.0.63]
2022-07-24 21:14:04.269  INFO 1 --- [           main] o.a.c.c.C.[Tomcat].[localhost].[/]       : Initializing Spring embedded WebApplicationContext
2022-07-24 21:14:04.271  INFO 1 --- [           main] w.s.c.ServletWebServerApplicationContext : Root WebApplicationContext: initialization completed in 18297 ms
2022-07-24 21:14:07.908  INFO 1 --- [           main] org.mongodb.driver.client                : MongoClient with metadata {"driver": {"name": "mongo-java-driver|sync|spring-boot", "version": "4.6.0"}, "os": {"type": "Linux", "name": "Linux", "architecture": "amd64", "version": "5.4.72-microsoft-standard-WSL2"}, "platform": "Java/Azul Systems, Inc./11.0.16+8-LTS"} created with settings MongoClientSettings{readPreference=primary, writeConcern=WriteConcern{w=null, wTimeout=null ms, journal=null}, retryWrites=true, retryReads=true, readConcern=ReadConcern{level=null}, credential=null, streamFactoryFactory=null, commandListeners=[io.micrometer.core.instrument.binder.mongodb.MongoMetricsCommandListener@3a627c80], codecRegistry=ProvidersCodecRegistry{codecProviders=[ValueCodecProvider{}, BsonValueCodecProvider{}, DBRefCodecProvider{}, DBObjectCodecProvider{}, DocumentCodecProvider{}, IterableCodecProvider{}, MapCodecProvider{}, GeoJsonCodecProvider{}, GridFSFileCodecProvider{}, Jsr310CodecProvider{}, JsonObjectCodecProvider{}, BsonCodecProvider{}, EnumCodecProvider{}, com.mongodb.Jep395RecordCodecProvider@49aa766b]}, clusterSettings={hosts=[ec2-3-232-57-4.compute-1.amazonaws.com:27017], srvServiceName=mongodb, mode=SINGLE, requiredClusterType=UNKNOWN, requiredReplicaSetName='null', serverSelector='null', clusterListeners='[]', serverSelectionTimeout='30000 ms', localThreshold='30000 ms'}, socketSettings=SocketSettings{connectTimeoutMS=10000, readTimeoutMS=0, receiveBufferSize=0, sendBufferSize=0}, heartbeatSocketSettings=SocketSettings{connectTimeoutMS=10000, readTimeoutMS=10000, receiveBufferSize=0, sendBufferSize=0}, connectionPoolSettings=ConnectionPoolSettings{maxSize=100, minSize=0, maxWaitTimeMS=120000, maxConnectionLifeTimeMS=0, maxConnectionIdleTimeMS=0, maintenanceInitialDelayMS=0, maintenanceFrequencyMS=60000, connectionPoolListeners=[io.micrometer.core.instrument.binder.mongodb.MongoMetricsConnectionPoolListener@963176], maxConnecting=2}, serverSettings=ServerSettings{heartbeatFrequencyMS=10000, minHeartbeatFrequencyMS=500, serverListeners='[]', serverMonitorListeners='[]'}, sslSettings=SslSettings{enabled=false, invalidHostNameAllowed=false, context=null}, applicationName='null', compressorList=[], uuidRepresentation=JAVA_LEGACY, serverApi=null, autoEncryptionSettings=null, contextProvider=null}
2022-07-24 21:14:08.743  INFO 1 --- [onaws.com:27017] org.mongodb.driver.connection            : Opened connection [connectionId{localValue:2, serverValue:100}] to ec2-3-232-57-4.compute-1.amazonaws.com:27017
2022-07-24 21:14:08.737  INFO 1 --- [onaws.com:27017] org.mongodb.driver.connection            : Opened connection [connectionId{localValue:1, serverValue:101}] to ec2-3-232-57-4.compute-1.amazonaws.com:27017
2022-07-24 21:14:08.848  INFO 1 --- [onaws.com:27017] org.mongodb.driver.cluster               : Monitor thread successfully connected to server with description ServerDescription{address=ec2-3-232-57-4.compute-1.amazonaws.com:27017, type=STANDALONE, state=CONNECTED, ok=true, minWireVersion=0, maxWireVersion=13, maxDocumentSize=16777216, logicalSessionTimeoutMinutes=30, roundTripTimeNanos=468256800}
2022-07-24 21:14:09.516  WARN 1 --- [           main] o.s.data.convert.CustomConversions       : Registering converter from class java.time.LocalDateTime to class org.joda.time.LocalDateTime as reading converter although it doesn't convert from a store-supported type! You might want to check your annotation setup at the converter implementation.
2022-07-24 21:14:10.786  WARN 1 --- [           main] o.s.data.convert.CustomConversions       : Registering converter from class java.time.LocalDateTime to class org.joda.time.LocalDateTime as reading converter although it doesn't convert from a store-supported type! You might want to check your annotation setup at the converter implementation.
2022-07-24 21:14:13.708  INFO 1 --- [           main] o.c.s.w.s.ServerTracingAutoConfiguration : Creating FilterRegistrationBean bean with TracingFilter mapped to [], skip pattern is "/api-docs.*|/swagger.*|.*\.png|.*\.css|.*\.js|.*\.html|/favicon.ico|/hystrix.stream|/actuator/(beans|beans/.*|caches|caches/.*|health|health/.*|info|info/.*|conditions|conditions/.*|configprops|configprops/.*|env|env/.*|loggers|loggers/.*|heapdump|heapdump/.*|threaddump|threaddump/.*|prometheus|prometheus/.*|metrics|metrics/.*|scheduledtasks|scheduledtasks/.*|mappings|mappings/.*)"
2022-07-24 21:14:15.644  INFO 1 --- [           main] c.b.userservice.aspect.LoggingAspect     : Entering CLASS_NAME:KafkaProducerConfiguration METHOD_NAME:kafkaTemplate with input parameters []
2022-07-24 21:14:15.742  INFO 1 --- [           main] c.b.userservice.aspect.LoggingAspect     : Entering CLASS_NAME:KafkaProducerConfiguration METHOD_NAME:producerFactory with input parameters []
2022-07-24 21:14:15.813  INFO 1 --- [           main] c.b.userservice.aspect.LoggingAspect     : Exiting CLASS_NAME:KafkaProducerConfiguration METHOD_NAME:producerFactory with return value [org.springframework.kafka.core.DefaultKafkaProducerFactory@34f392be] and execution time of 0 minutes and 0 seconds
2022-07-24 21:14:16.044  INFO 1 --- [           main] c.b.userservice.aspect.LoggingAspect     : Exiting CLASS_NAME:KafkaProducerConfiguration METHOD_NAME:kafkaTemplate with return value [org.springframework.kafka.core.KafkaTemplate@e9dc4d0] and execution time of 0 minutes and 0 seconds
2022-07-24 21:14:26.029  INFO 1 --- [           main] c.b.userservice.aspect.LoggingAspect     : Entering CLASS_NAME:PasswordConfig METHOD_NAME:passwordEncoder with input parameters []
2022-07-24 21:14:26.069  INFO 1 --- [           main] c.b.userservice.aspect.LoggingAspect     : Exiting CLASS_NAME:PasswordConfig METHOD_NAME:passwordEncoder with return value [org.springframework.security.crypto.bcrypt.BCryptPasswordEncoder@3c8a7e38] and execution time of 0 minutes and 0 seconds
2022-07-24 21:14:26.567  INFO 1 --- [           main] o.c.s.w.s.ServerTracingAutoConfiguration : Creating WebMvcConfigurer bean with class io.opentracing.contrib.spring.web.interceptor.TracingHandlerInterceptor
2022-07-24 21:14:26.880  INFO 1 --- [           main] c.b.userservice.aspect.LoggingAspect     : Entering CLASS_NAME:ApplicationSecurityConfiguration METHOD_NAME:daoAuthenticationProvider with input parameters []
2022-07-24 21:14:26.970  INFO 1 --- [           main] c.b.userservice.aspect.LoggingAspect     : Exiting CLASS_NAME:ApplicationSecurityConfiguration METHOD_NAME:daoAuthenticationProvider with return value [org.springframework.security.authentication.dao.DaoAuthenticationProvider@949c598] and execution time of 0 minutes and 0 seconds
2022-07-24 21:14:27.786  INFO 1 --- [           main] o.s.s.web.DefaultSecurityFilterChain     : Will secure any request with [org.springframework.security.web.session.DisableEncodeUrlFilter@6e03db1f, org.springframework.security.web.context.request.async.WebAsyncManagerIntegrationFilter@bfec2f9, org.springframework.security.web.context.SecurityContextPersistenceFilter@75b6dd5b, org.springframework.security.web.header.HeaderWriterFilter@56dd6efa, org.springframework.security.web.authentication.logout.LogoutFilter@4eb9f2af, com.bookmyconsultation.userservice.security.JWTAuthenticationFilter@708eb310, com.bookmyconsultation.userservice.security.JWTTokenVerifier@6ebc9573, org.springframework.security.web.savedrequest.RequestCacheAwareFilter@72b43104, org.springframework.security.web.servletapi.SecurityContextHolderAwareRequestFilter@32f96bba, org.springframework.security.web.authentication.AnonymousAuthenticationFilter@1e977098, org.springframework.security.web.session.SessionManagementFilter@d2e6b0b, org.springframework.security.web.access.ExceptionTranslationFilter@267cde2e, org.springframework.security.web.access.intercept.FilterSecurityInterceptor@19b206ee]
2022-07-24 21:14:31.588  INFO 1 --- [           main] o.s.b.a.e.web.EndpointLinksResolver      : Exposing 14 endpoint(s) beneath base path '/actuator'
2022-07-24 21:14:31.748  INFO 1 --- [           main] o.s.b.w.embedded.tomcat.TomcatWebServer  : Tomcat started on port(s): 8083 (http) with context path ''
2022-07-24 21:14:31.793  INFO 1 --- [           main] c.b.userservice.UserServiceApplication   : Started UserServiceApplication in 50.547 seconds (JVM running for 53.202)
2022-07-24 21:14:33.817  INFO 1 --- [nio-8083-exec-1] o.a.c.c.C.[Tomcat].[localhost].[/]       : Initializing Spring DispatcherServlet 'dispatcherServlet'
2022-07-24 21:14:33.819  INFO 1 --- [nio-8083-exec-1] o.s.web.servlet.DispatcherServlet        : Initializing Servlet 'dispatcherServlet'
2022-07-24 21:14:33.822  INFO 1 --- [nio-8083-exec-1] o.s.web.servlet.DispatcherServlet        : Completed initialization in 3 ms
2022-07-24 21:14:33.912  INFO 1 --- [nio-8083-exec-1] c.b.u.security.JWTTokenVerifier          : Authorization header received: null
2022-07-24 21:14:48.605  INFO 1 --- [nio-8083-exec-2] c.b.u.security.JWTTokenVerifier          : Authorization header received: null
2022-07-24 21:15:03.603  INFO 1 --- [nio-8083-exec-3] c.b.u.security.JWTTokenVerifier          : Authorization header received: null
2022-07-24 21:15:18.605  INFO 1 --- [nio-8083-exec-4] c.b.u.security.JWTTokenVerifier          : Authorization header received: null
2022-07-24 21:15:33.605  INFO 1 --- [nio-8083-exec-5] c.b.u.security.JWTTokenVerifier          : Authorization header received: null
2022-07-24 21:15:48.604  INFO 1 --- [nio-8083-exec-6] c.b.u.security.JWTTokenVerifier          : Authorization header received: null
2022-07-24 21:16:03.603  INFO 1 --- [nio-8083-exec-7] c.b.u.security.JWTTokenVerifier          : Authorization header received: null
