2022-07-25 10:04:11.173  INFO 1 --- [           main] c.b.a.AppointmentServiceApplication      : Starting AppointmentServiceApplication v0.0.1-SNAPSHOT using Java 11.0.16 on 9233fe9b1b75 with PID 1 (/app.jar started by root in /)
2022-07-25 10:04:11.331  INFO 1 --- [           main] c.b.a.AppointmentServiceApplication      : No active profile set, falling back to 1 default profile: "default"
2022-07-25 10:04:22.338  INFO 1 --- [           main] .s.d.r.c.RepositoryConfigurationDelegate : Multiple Spring Data modules found, entering strict repository configuration mode!
2022-07-25 10:04:22.378  INFO 1 --- [           main] .s.d.r.c.RepositoryConfigurationDelegate : Bootstrapping Spring Data JPA repositories in DEFAULT mode.
2022-07-25 10:04:23.640  INFO 1 --- [           main] .RepositoryConfigurationExtensionSupport : Spring Data JPA - Could not safely identify store assignment for repository candidate interface com.bookmyconsultation.appointmentservice.repository.PrescriptionRepository. If you want this repository to be a JPA repository, consider annotating your entities with one of these annotations: javax.persistence.Entity, javax.persistence.MappedSuperclass (preferred), or consider extending one of the following types with your repository: org.springframework.data.jpa.repository.JpaRepository.
2022-07-25 10:04:23.717  INFO 1 --- [           main] .s.d.r.c.RepositoryConfigurationDelegate : Finished Spring Data repository scanning in 1239 ms. Found 2 JPA repository interfaces.
2022-07-25 10:04:23.757  INFO 1 --- [           main] .s.d.r.c.RepositoryConfigurationDelegate : Multiple Spring Data modules found, entering strict repository configuration mode!
2022-07-25 10:04:23.780  INFO 1 --- [           main] .s.d.r.c.RepositoryConfigurationDelegate : Bootstrapping Spring Data MongoDB repositories in DEFAULT mode.
2022-07-25 10:04:23.810  INFO 1 --- [           main] .RepositoryConfigurationExtensionSupport : Spring Data MongoDB - Could not safely identify store assignment for repository candidate interface com.bookmyconsultation.appointmentservice.repository.AvailabilityRepository. If you want this repository to be a MongoDB repository, consider annotating your entities with one of these annotations: org.springframework.data.mongodb.core.mapping.Document (preferred), or consider extending one of the following types with your repository: org.springframework.data.mongodb.repository.MongoRepository.
2022-07-25 10:04:23.818  INFO 1 --- [           main] .RepositoryConfigurationExtensionSupport : Spring Data MongoDB - Could not safely identify store assignment for repository candidate interface com.bookmyconsultation.appointmentservice.repository.AppointmentRepository. If you want this repository to be a MongoDB repository, consider annotating your entities with one of these annotations: org.springframework.data.mongodb.core.mapping.Document (preferred), or consider extending one of the following types with your repository: org.springframework.data.mongodb.repository.MongoRepository.
2022-07-25 10:04:23.838  INFO 1 --- [           main] .s.d.r.c.RepositoryConfigurationDelegate : Finished Spring Data repository scanning in 57 ms. Found 1 MongoDB repository interfaces.
2022-07-25 10:04:25.924  INFO 1 --- [           main] o.s.cloud.context.scope.GenericScope     : BeanFactory id=b68415a3-d8e8-3f81-9eb3-9b40099ce61d
2022-07-25 10:04:31.699  INFO 1 --- [           main] o.s.b.w.embedded.tomcat.TomcatWebServer  : Tomcat initialized with port(s): 8082 (http)
2022-07-25 10:04:31.809  INFO 1 --- [           main] o.apache.catalina.core.StandardService   : Starting service [Tomcat]
2022-07-25 10:04:31.841  INFO 1 --- [           main] org.apache.catalina.core.StandardEngine  : Starting Servlet engine: [Apache Tomcat/9.0.63]
2022-07-25 10:04:32.294  INFO 1 --- [           main] o.a.c.c.C.[Tomcat].[localhost].[/]       : Initializing Spring embedded WebApplicationContext
2022-07-25 10:04:32.295  INFO 1 --- [           main] w.s.c.ServletWebServerApplicationContext : Root WebApplicationContext: initialization completed in 20311 ms
2022-07-25 10:04:37.627  INFO 1 --- [           main] org.mongodb.driver.client                : MongoClient with metadata {"driver": {"name": "mongo-java-driver|sync|spring-boot", "version": "4.6.0"}, "os": {"type": "Linux", "name": "Linux", "architecture": "amd64", "version": "5.4.72-microsoft-standard-WSL2"}, "platform": "Java/Azul Systems, Inc./11.0.16+8-LTS"} created with settings MongoClientSettings{readPreference=primary, writeConcern=WriteConcern{w=null, wTimeout=null ms, journal=null}, retryWrites=true, retryReads=true, readConcern=ReadConcern{level=null}, credential=null, streamFactoryFactory=null, commandListeners=[io.micrometer.core.instrument.binder.mongodb.MongoMetricsCommandListener@7cab1508], codecRegistry=ProvidersCodecRegistry{codecProviders=[ValueCodecProvider{}, BsonValueCodecProvider{}, DBRefCodecProvider{}, DBObjectCodecProvider{}, DocumentCodecProvider{}, IterableCodecProvider{}, MapCodecProvider{}, GeoJsonCodecProvider{}, GridFSFileCodecProvider{}, Jsr310CodecProvider{}, JsonObjectCodecProvider{}, BsonCodecProvider{}, EnumCodecProvider{}, com.mongodb.Jep395RecordCodecProvider@4078695f]}, clusterSettings={hosts=[ec2-3-232-57-4.compute-1.amazonaws.com:27017], srvServiceName=mongodb, mode=SINGLE, requiredClusterType=UNKNOWN, requiredReplicaSetName='null', serverSelector='null', clusterListeners='[]', serverSelectionTimeout='30000 ms', localThreshold='30000 ms'}, socketSettings=SocketSettings{connectTimeoutMS=10000, readTimeoutMS=0, receiveBufferSize=0, sendBufferSize=0}, heartbeatSocketSettings=SocketSettings{connectTimeoutMS=10000, readTimeoutMS=10000, receiveBufferSize=0, sendBufferSize=0}, connectionPoolSettings=ConnectionPoolSettings{maxSize=100, minSize=0, maxWaitTimeMS=120000, maxConnectionLifeTimeMS=0, maxConnectionIdleTimeMS=0, maintenanceInitialDelayMS=0, maintenanceFrequencyMS=60000, connectionPoolListeners=[io.micrometer.core.instrument.binder.mongodb.MongoMetricsConnectionPoolListener@37c2eacb], maxConnecting=2}, serverSettings=ServerSettings{heartbeatFrequencyMS=10000, minHeartbeatFrequencyMS=500, serverListeners='[]', serverMonitorListeners='[]'}, sslSettings=SslSettings{enabled=false, invalidHostNameAllowed=false, context=null}, applicationName='null', compressorList=[], uuidRepresentation=JAVA_LEGACY, serverApi=null, autoEncryptionSettings=null, contextProvider=null}
2022-07-25 10:04:38.498  INFO 1 --- [onaws.com:27017] org.mongodb.driver.connection            : Opened connection [connectionId{localValue:1, serverValue:9}] to ec2-3-232-57-4.compute-1.amazonaws.com:27017
2022-07-25 10:04:38.524  INFO 1 --- [onaws.com:27017] org.mongodb.driver.connection            : Opened connection [connectionId{localValue:2, serverValue:10}] to ec2-3-232-57-4.compute-1.amazonaws.com:27017
2022-07-25 10:04:38.568  INFO 1 --- [onaws.com:27017] org.mongodb.driver.cluster               : Monitor thread successfully connected to server with description ServerDescription{address=ec2-3-232-57-4.compute-1.amazonaws.com:27017, type=STANDALONE, state=CONNECTED, ok=true, minWireVersion=0, maxWireVersion=13, maxDocumentSize=16777216, logicalSessionTimeoutMinutes=30, roundTripTimeNanos=713645400}
2022-07-25 10:04:43.196  INFO 1 --- [           main] o.c.s.w.s.ServerTracingAutoConfiguration : Creating FilterRegistrationBean bean with TracingFilter mapped to [], skip pattern is "/api-docs.*|/swagger.*|.*\.png|.*\.css|.*\.js|.*\.html|/favicon.ico|/hystrix.stream|/actuator/(beans|beans/.*|caches|caches/.*|health|health/.*|info|info/.*|conditions|conditions/.*|configprops|configprops/.*|env|env/.*|loggers|loggers/.*|heapdump|heapdump/.*|threaddump|threaddump/.*|prometheus|prometheus/.*|metrics|metrics/.*|scheduledtasks|scheduledtasks/.*|mappings|mappings/.*|refresh|refresh/.*|features|features/.*)"
2022-07-25 10:04:45.793  INFO 1 --- [           main] o.hibernate.jpa.internal.util.LogHelper  : HHH000204: Processing PersistenceUnitInfo [name: default]
2022-07-25 10:04:47.110  INFO 1 --- [           main] org.hibernate.Version                    : HHH000412: Hibernate ORM core version 5.6.9.Final
2022-07-25 10:04:48.851  INFO 1 --- [           main] o.hibernate.annotations.common.Version   : HCANN000001: Hibernate Commons Annotations {5.1.2.Final}
2022-07-25 10:04:49.886  INFO 1 --- [           main] com.zaxxer.hikari.HikariDataSource       : HikariPool-1 - Starting...
2022-07-25 10:04:54.517  INFO 1 --- [           main] com.zaxxer.hikari.HikariDataSource       : HikariPool-1 - Start completed.
2022-07-25 10:04:54.668  INFO 1 --- [           main] org.hibernate.dialect.Dialect            : HHH000400: Using dialect: org.hibernate.dialect.MySQL8Dialect
2022-07-25 10:04:57.422  INFO 1 --- [           main] o.h.e.t.j.p.i.JtaPlatformInitiator       : HHH000490: Using JtaPlatform implementation: [org.hibernate.engine.transaction.jta.platform.internal.NoJtaPlatform]
2022-07-25 10:04:57.466  INFO 1 --- [           main] j.LocalContainerEntityManagerFactoryBean : Initialized JPA EntityManagerFactory for persistence unit 'default'
2022-07-25 10:04:59.931  INFO 1 --- [           main] o.c.s.w.s.ServerTracingAutoConfiguration : Creating WebMvcConfigurer bean with class io.opentracing.contrib.spring.web.interceptor.TracingHandlerInterceptor
2022-07-25 10:04:59.947  WARN 1 --- [           main] JpaBaseConfiguration$JpaWebConfiguration : spring.jpa.open-in-view is enabled by default. Therefore, database queries may be performed during view rendering. Explicitly configure spring.jpa.open-in-view to disable this warning
2022-07-25 10:05:00.337  INFO 1 --- [           main] c.b.a.aspect.LoggingAspect               : Entering CLASS_NAME:KafkaProducerConfiguration METHOD_NAME:kafkaTemplate with input parameters []
2022-07-25 10:05:00.360  INFO 1 --- [           main] c.b.a.aspect.LoggingAspect               : Entering CLASS_NAME:KafkaProducerConfiguration METHOD_NAME:producerFactory with input parameters []
2022-07-25 10:05:00.439  INFO 1 --- [           main] c.b.a.aspect.LoggingAspect               : Exiting CLASS_NAME:KafkaProducerConfiguration METHOD_NAME:producerFactory with return value [org.springframework.kafka.core.DefaultKafkaProducerFactory@5122e4bf] and execution time of 0 minutes and 0 seconds
2022-07-25 10:05:00.636  INFO 1 --- [           main] c.b.a.aspect.LoggingAspect               : Exiting CLASS_NAME:KafkaProducerConfiguration METHOD_NAME:kafkaTemplate with return value [org.springframework.kafka.core.KafkaTemplate@7f0766ef] and execution time of 0 minutes and 0 seconds
2022-07-25 10:05:01.331  INFO 1 --- [           main] c.b.a.aspect.LoggingAspect               : Entering CLASS_NAME:PasswordConfig METHOD_NAME:passwordEncoder with input parameters []
2022-07-25 10:05:01.367  INFO 1 --- [           main] c.b.a.aspect.LoggingAspect               : Exiting CLASS_NAME:PasswordConfig METHOD_NAME:passwordEncoder with return value [org.springframework.security.crypto.bcrypt.BCryptPasswordEncoder@259287ac] and execution time of 0 minutes and 0 seconds
2022-07-25 10:05:01.714  INFO 1 --- [           main] c.b.a.aspect.LoggingAspect               : Entering CLASS_NAME:ApplicationSecurityConfiguration METHOD_NAME:daoAuthenticationProvider with input parameters []
2022-07-25 10:05:01.807  INFO 1 --- [           main] c.b.a.aspect.LoggingAspect               : Exiting CLASS_NAME:ApplicationSecurityConfiguration METHOD_NAME:daoAuthenticationProvider with return value [org.springframework.security.authentication.dao.DaoAuthenticationProvider@2edb2f8b] and execution time of 0 minutes and 0 seconds
2022-07-25 10:05:02.111  INFO 1 --- [           main] o.s.s.web.DefaultSecurityFilterChain     : Will secure any request with [org.springframework.security.web.session.DisableEncodeUrlFilter@7b8aebd0, org.springframework.security.web.context.request.async.WebAsyncManagerIntegrationFilter@55222ee9, org.springframework.security.web.context.SecurityContextPersistenceFilter@10131289, org.springframework.security.web.header.HeaderWriterFilter@7f4e5a39, org.springframework.security.web.authentication.logout.LogoutFilter@3a38e4dc, com.bookmyconsultation.appointmentservice.security.JWTAuthenticationFilter@3181d4de, com.bookmyconsultation.appointmentservice.security.JWTTokenVerifier@4f64d9cb, org.springframework.security.web.savedrequest.RequestCacheAwareFilter@69feb4d9, org.springframework.security.web.servletapi.SecurityContextHolderAwareRequestFilter@2cc75b25, org.springframework.security.web.authentication.AnonymousAuthenticationFilter@639c7f9c, org.springframework.security.web.session.SessionManagementFilter@30159886, org.springframework.security.web.access.ExceptionTranslationFilter@38c761e9, org.springframework.security.web.access.intercept.FilterSecurityInterceptor@60b616c8]
2022-07-25 10:05:04.615  INFO 1 --- [           main] o.s.b.a.e.web.EndpointLinksResolver      : Exposing 16 endpoint(s) beneath base path '/actuator'
2022-07-25 10:05:04.747  INFO 1 --- [           main] o.s.b.w.embedded.tomcat.TomcatWebServer  : Tomcat started on port(s): 8082 (http) with context path ''
2022-07-25 10:05:04.780  INFO 1 --- [           main] c.b.a.AppointmentServiceApplication      : Started AppointmentServiceApplication in 58.666 seconds (JVM running for 63.246)
2022-07-25 10:05:12.228  INFO 1 --- [nio-8082-exec-1] o.a.c.c.C.[Tomcat].[localhost].[/]       : Initializing Spring DispatcherServlet 'dispatcherServlet'
2022-07-25 10:05:12.229  INFO 1 --- [nio-8082-exec-1] o.s.web.servlet.DispatcherServlet        : Initializing Servlet 'dispatcherServlet'
2022-07-25 10:05:12.233  INFO 1 --- [nio-8082-exec-1] o.s.web.servlet.DispatcherServlet        : Completed initialization in 4 ms
2022-07-25 11:54:17.967  INFO 1 --- [ionShutdownHook] j.LocalContainerEntityManagerFactoryBean : Closing JPA EntityManagerFactory for persistence unit 'default'
2022-07-25 11:54:17.985  INFO 1 --- [ionShutdownHook] com.zaxxer.hikari.HikariDataSource       : HikariPool-1 - Shutdown initiated...
2022-07-25 11:54:18.016  INFO 1 --- [ionShutdownHook] com.zaxxer.hikari.HikariDataSource       : HikariPool-1 - Shutdown completed.
2022-07-25 12:02:12.214  INFO 1 --- [           main] c.b.a.AppointmentServiceApplication      : Starting AppointmentServiceApplication v0.0.1-SNAPSHOT using Java 11.0.16 on 9233fe9b1b75 with PID 1 (/app.jar started by root in /)
2022-07-25 12:02:12.243  INFO 1 --- [           main] c.b.a.AppointmentServiceApplication      : No active profile set, falling back to 1 default profile: "default"
2022-07-25 12:02:21.537  INFO 1 --- [           main] .s.d.r.c.RepositoryConfigurationDelegate : Multiple Spring Data modules found, entering strict repository configuration mode!
2022-07-25 12:02:21.565  INFO 1 --- [           main] .s.d.r.c.RepositoryConfigurationDelegate : Bootstrapping Spring Data JPA repositories in DEFAULT mode.
2022-07-25 12:02:23.143  INFO 1 --- [           main] .RepositoryConfigurationExtensionSupport : Spring Data JPA - Could not safely identify store assignment for repository candidate interface com.bookmyconsultation.appointmentservice.repository.PrescriptionRepository. If you want this repository to be a JPA repository, consider annotating your entities with one of these annotations: javax.persistence.Entity, javax.persistence.MappedSuperclass (preferred), or consider extending one of the following types with your repository: org.springframework.data.jpa.repository.JpaRepository.
2022-07-25 12:02:23.233  INFO 1 --- [           main] .s.d.r.c.RepositoryConfigurationDelegate : Finished Spring Data repository scanning in 1579 ms. Found 2 JPA repository interfaces.
2022-07-25 12:02:23.273  INFO 1 --- [           main] .s.d.r.c.RepositoryConfigurationDelegate : Multiple Spring Data modules found, entering strict repository configuration mode!
2022-07-25 12:02:23.277  INFO 1 --- [           main] .s.d.r.c.RepositoryConfigurationDelegate : Bootstrapping Spring Data MongoDB repositories in DEFAULT mode.
2022-07-25 12:02:23.300  INFO 1 --- [           main] .RepositoryConfigurationExtensionSupport : Spring Data MongoDB - Could not safely identify store assignment for repository candidate interface com.bookmyconsultation.appointmentservice.repository.AvailabilityRepository. If you want this repository to be a MongoDB repository, consider annotating your entities with one of these annotations: org.springframework.data.mongodb.core.mapping.Document (preferred), or consider extending one of the following types with your repository: org.springframework.data.mongodb.repository.MongoRepository.
2022-07-25 12:02:23.334  INFO 1 --- [           main] .RepositoryConfigurationExtensionSupport : Spring Data MongoDB - Could not safely identify store assignment for repository candidate interface com.bookmyconsultation.appointmentservice.repository.AppointmentRepository. If you want this repository to be a MongoDB repository, consider annotating your entities with one of these annotations: org.springframework.data.mongodb.core.mapping.Document (preferred), or consider extending one of the following types with your repository: org.springframework.data.mongodb.repository.MongoRepository.
2022-07-25 12:02:23.358  INFO 1 --- [           main] .s.d.r.c.RepositoryConfigurationDelegate : Finished Spring Data repository scanning in 78 ms. Found 1 MongoDB repository interfaces.
2022-07-25 12:02:26.174  INFO 1 --- [           main] o.s.cloud.context.scope.GenericScope     : BeanFactory id=b68415a3-d8e8-3f81-9eb3-9b40099ce61d
2022-07-25 12:02:32.782  INFO 1 --- [           main] o.s.b.w.embedded.tomcat.TomcatWebServer  : Tomcat initialized with port(s): 8082 (http)
2022-07-25 12:02:32.851  INFO 1 --- [           main] o.apache.catalina.core.StandardService   : Starting service [Tomcat]
2022-07-25 12:02:32.872  INFO 1 --- [           main] org.apache.catalina.core.StandardEngine  : Starting Servlet engine: [Apache Tomcat/9.0.63]
2022-07-25 12:02:33.317  INFO 1 --- [           main] o.a.c.c.C.[Tomcat].[localhost].[/]       : Initializing Spring embedded WebApplicationContext
2022-07-25 12:02:33.323  INFO 1 --- [           main] w.s.c.ServletWebServerApplicationContext : Root WebApplicationContext: initialization completed in 20551 ms
2022-07-25 12:02:38.535  INFO 1 --- [           main] org.mongodb.driver.client                : MongoClient with metadata {"driver": {"name": "mongo-java-driver|sync|spring-boot", "version": "4.6.0"}, "os": {"type": "Linux", "name": "Linux", "architecture": "amd64", "version": "5.4.72-microsoft-standard-WSL2"}, "platform": "Java/Azul Systems, Inc./11.0.16+8-LTS"} created with settings MongoClientSettings{readPreference=primary, writeConcern=WriteConcern{w=null, wTimeout=null ms, journal=null}, retryWrites=true, retryReads=true, readConcern=ReadConcern{level=null}, credential=null, streamFactoryFactory=null, commandListeners=[io.micrometer.core.instrument.binder.mongodb.MongoMetricsCommandListener@7ec25216], codecRegistry=ProvidersCodecRegistry{codecProviders=[ValueCodecProvider{}, BsonValueCodecProvider{}, DBRefCodecProvider{}, DBObjectCodecProvider{}, DocumentCodecProvider{}, IterableCodecProvider{}, MapCodecProvider{}, GeoJsonCodecProvider{}, GridFSFileCodecProvider{}, Jsr310CodecProvider{}, JsonObjectCodecProvider{}, BsonCodecProvider{}, EnumCodecProvider{}, com.mongodb.Jep395RecordCodecProvider@12db3386]}, clusterSettings={hosts=[ec2-3-232-57-4.compute-1.amazonaws.com:27017], srvServiceName=mongodb, mode=SINGLE, requiredClusterType=UNKNOWN, requiredReplicaSetName='null', serverSelector='null', clusterListeners='[]', serverSelectionTimeout='30000 ms', localThreshold='30000 ms'}, socketSettings=SocketSettings{connectTimeoutMS=10000, readTimeoutMS=0, receiveBufferSize=0, sendBufferSize=0}, heartbeatSocketSettings=SocketSettings{connectTimeoutMS=10000, readTimeoutMS=10000, receiveBufferSize=0, sendBufferSize=0}, connectionPoolSettings=ConnectionPoolSettings{maxSize=100, minSize=0, maxWaitTimeMS=120000, maxConnectionLifeTimeMS=0, maxConnectionIdleTimeMS=0, maintenanceInitialDelayMS=0, maintenanceFrequencyMS=60000, connectionPoolListeners=[io.micrometer.core.instrument.binder.mongodb.MongoMetricsConnectionPoolListener@5a8ba37c], maxConnecting=2}, serverSettings=ServerSettings{heartbeatFrequencyMS=10000, minHeartbeatFrequencyMS=500, serverListeners='[]', serverMonitorListeners='[]'}, sslSettings=SslSettings{enabled=false, invalidHostNameAllowed=false, context=null}, applicationName='null', compressorList=[], uuidRepresentation=JAVA_LEGACY, serverApi=null, autoEncryptionSettings=null, contextProvider=null}
2022-07-25 12:02:39.098  INFO 1 --- [onaws.com:27017] org.mongodb.driver.connection            : Opened connection [connectionId{localValue:2, serverValue:19}] to ec2-3-232-57-4.compute-1.amazonaws.com:27017
2022-07-25 12:02:39.172  INFO 1 --- [onaws.com:27017] org.mongodb.driver.cluster               : Monitor thread successfully connected to server with description ServerDescription{address=ec2-3-232-57-4.compute-1.amazonaws.com:27017, type=STANDALONE, state=CONNECTED, ok=true, minWireVersion=0, maxWireVersion=13, maxDocumentSize=16777216, logicalSessionTimeoutMinutes=30, roundTripTimeNanos=455552400}
2022-07-25 12:02:39.926  INFO 1 --- [onaws.com:27017] org.mongodb.driver.connection            : Opened connection [connectionId{localValue:1, serverValue:20}] to ec2-3-232-57-4.compute-1.amazonaws.com:27017
2022-07-25 12:02:43.308  INFO 1 --- [           main] o.c.s.w.s.ServerTracingAutoConfiguration : Creating FilterRegistrationBean bean with TracingFilter mapped to [], skip pattern is "/api-docs.*|/swagger.*|.*\.png|.*\.css|.*\.js|.*\.html|/favicon.ico|/hystrix.stream|/actuator/(beans|beans/.*|caches|caches/.*|health|health/.*|info|info/.*|conditions|conditions/.*|configprops|configprops/.*|env|env/.*|loggers|loggers/.*|heapdump|heapdump/.*|threaddump|threaddump/.*|prometheus|prometheus/.*|metrics|metrics/.*|scheduledtasks|scheduledtasks/.*|mappings|mappings/.*|refresh|refresh/.*|features|features/.*)"
2022-07-25 12:02:44.965  INFO 1 --- [           main] o.hibernate.jpa.internal.util.LogHelper  : HHH000204: Processing PersistenceUnitInfo [name: default]
2022-07-25 12:02:45.822  INFO 1 --- [           main] org.hibernate.Version                    : HHH000412: Hibernate ORM core version 5.6.9.Final
2022-07-25 12:02:46.991  INFO 1 --- [           main] o.hibernate.annotations.common.Version   : HCANN000001: Hibernate Commons Annotations {5.1.2.Final}
2022-07-25 12:02:47.699  INFO 1 --- [           main] com.zaxxer.hikari.HikariDataSource       : HikariPool-1 - Starting...
2022-07-25 12:02:52.327  INFO 1 --- [           main] com.zaxxer.hikari.HikariDataSource       : HikariPool-1 - Start completed.
2022-07-25 12:02:52.526  INFO 1 --- [           main] org.hibernate.dialect.Dialect            : HHH000400: Using dialect: org.hibernate.dialect.MySQL8Dialect
2022-07-25 12:02:54.742  INFO 1 --- [           main] o.h.e.t.j.p.i.JtaPlatformInitiator       : HHH000490: Using JtaPlatform implementation: [org.hibernate.engine.transaction.jta.platform.internal.NoJtaPlatform]
2022-07-25 12:02:54.767  INFO 1 --- [           main] j.LocalContainerEntityManagerFactoryBean : Initialized JPA EntityManagerFactory for persistence unit 'default'
2022-07-25 12:02:56.804  INFO 1 --- [           main] o.c.s.w.s.ServerTracingAutoConfiguration : Creating WebMvcConfigurer bean with class io.opentracing.contrib.spring.web.interceptor.TracingHandlerInterceptor
2022-07-25 12:02:56.815  WARN 1 --- [           main] JpaBaseConfiguration$JpaWebConfiguration : spring.jpa.open-in-view is enabled by default. Therefore, database queries may be performed during view rendering. Explicitly configure spring.jpa.open-in-view to disable this warning
2022-07-25 12:02:57.108  INFO 1 --- [           main] c.b.a.aspect.LoggingAspect               : Entering CLASS_NAME:KafkaProducerConfiguration METHOD_NAME:kafkaTemplate with input parameters []
2022-07-25 12:02:57.133  INFO 1 --- [           main] c.b.a.aspect.LoggingAspect               : Entering CLASS_NAME:KafkaProducerConfiguration METHOD_NAME:producerFactory with input parameters []
2022-07-25 12:02:57.161  INFO 1 --- [           main] c.b.a.aspect.LoggingAspect               : Exiting CLASS_NAME:KafkaProducerConfiguration METHOD_NAME:producerFactory with return value [org.springframework.kafka.core.DefaultKafkaProducerFactory@76a362a4] and execution time of 0 minutes and 0 seconds
2022-07-25 12:02:57.245  INFO 1 --- [           main] c.b.a.aspect.LoggingAspect               : Exiting CLASS_NAME:KafkaProducerConfiguration METHOD_NAME:kafkaTemplate with return value [org.springframework.kafka.core.KafkaTemplate@ca7e37f] and execution time of 0 minutes and 0 seconds
2022-07-25 12:02:57.793  INFO 1 --- [           main] c.b.a.aspect.LoggingAspect               : Entering CLASS_NAME:PasswordConfig METHOD_NAME:passwordEncoder with input parameters []
2022-07-25 12:02:57.802  INFO 1 --- [           main] c.b.a.aspect.LoggingAspect               : Exiting CLASS_NAME:PasswordConfig METHOD_NAME:passwordEncoder with return value [org.springframework.security.crypto.bcrypt.BCryptPasswordEncoder@70091872] and execution time of 0 minutes and 0 seconds
2022-07-25 12:02:57.972  INFO 1 --- [           main] c.b.a.aspect.LoggingAspect               : Entering CLASS_NAME:ApplicationSecurityConfiguration METHOD_NAME:daoAuthenticationProvider with input parameters []
2022-07-25 12:02:58.019  INFO 1 --- [           main] c.b.a.aspect.LoggingAspect               : Exiting CLASS_NAME:ApplicationSecurityConfiguration METHOD_NAME:daoAuthenticationProvider with return value [org.springframework.security.authentication.dao.DaoAuthenticationProvider@3e38c472] and execution time of 0 minutes and 0 seconds
2022-07-25 12:02:58.283  INFO 1 --- [           main] o.s.s.web.DefaultSecurityFilterChain     : Will secure any request with [org.springframework.security.web.session.DisableEncodeUrlFilter@71567f33, org.springframework.security.web.context.request.async.WebAsyncManagerIntegrationFilter@71369e1a, org.springframework.security.web.context.SecurityContextPersistenceFilter@10fb4575, org.springframework.security.web.header.HeaderWriterFilter@64a1116a, org.springframework.security.web.authentication.logout.LogoutFilter@448cdb47, com.bookmyconsultation.appointmentservice.security.JWTAuthenticationFilter@3cf55e0c, com.bookmyconsultation.appointmentservice.security.JWTTokenVerifier@ee96866, org.springframework.security.web.savedrequest.RequestCacheAwareFilter@3ccb12d, org.springframework.security.web.servletapi.SecurityContextHolderAwareRequestFilter@119d4443, org.springframework.security.web.authentication.AnonymousAuthenticationFilter@4c04216f, org.springframework.security.web.session.SessionManagementFilter@19eea77c, org.springframework.security.web.access.ExceptionTranslationFilter@10131289, org.springframework.security.web.access.intercept.FilterSecurityInterceptor@4f64d9cb]
2022-07-25 12:03:00.081  INFO 1 --- [           main] o.s.b.a.e.web.EndpointLinksResolver      : Exposing 16 endpoint(s) beneath base path '/actuator'
2022-07-25 12:03:00.210  INFO 1 --- [           main] o.s.b.w.embedded.tomcat.TomcatWebServer  : Tomcat started on port(s): 8082 (http) with context path ''
2022-07-25 12:03:00.237  INFO 1 --- [           main] c.b.a.AppointmentServiceApplication      : Started AppointmentServiceApplication in 52.463 seconds (JVM running for 57.175)
2022-07-25 12:03:12.229  INFO 1 --- [nio-8082-exec-1] o.a.c.c.C.[Tomcat].[localhost].[/]       : Initializing Spring DispatcherServlet 'dispatcherServlet'
2022-07-25 12:03:12.230  INFO 1 --- [nio-8082-exec-1] o.s.web.servlet.DispatcherServlet        : Initializing Servlet 'dispatcherServlet'
2022-07-25 12:03:12.233  INFO 1 --- [nio-8082-exec-1] o.s.web.servlet.DispatcherServlet        : Completed initialization in 2 ms
2022-07-25 12:05:36.586  INFO 1 --- [ionShutdownHook] j.LocalContainerEntityManagerFactoryBean : Closing JPA EntityManagerFactory for persistence unit 'default'
2022-07-25 12:05:36.603  INFO 1 --- [ionShutdownHook] com.zaxxer.hikari.HikariDataSource       : HikariPool-1 - Shutdown initiated...
2022-07-25 12:05:38.940  INFO 1 --- [ionShutdownHook] com.zaxxer.hikari.HikariDataSource       : HikariPool-1 - Shutdown completed.
2022-07-25 19:49:10.539  INFO 1 --- [           main] c.b.a.AppointmentServiceApplication      : Starting AppointmentServiceApplication v0.0.1-SNAPSHOT using Java 11.0.16 on 9233fe9b1b75 with PID 1 (/app.jar started by root in /)
2022-07-25 19:49:10.580  INFO 1 --- [           main] c.b.a.AppointmentServiceApplication      : No active profile set, falling back to 1 default profile: "default"
2022-07-25 19:49:19.763  INFO 1 --- [           main] .s.d.r.c.RepositoryConfigurationDelegate : Multiple Spring Data modules found, entering strict repository configuration mode!
2022-07-25 19:49:19.782  INFO 1 --- [           main] .s.d.r.c.RepositoryConfigurationDelegate : Bootstrapping Spring Data JPA repositories in DEFAULT mode.
2022-07-25 19:49:20.982  INFO 1 --- [           main] .RepositoryConfigurationExtensionSupport : Spring Data JPA - Could not safely identify store assignment for repository candidate interface com.bookmyconsultation.appointmentservice.repository.PrescriptionRepository. If you want this repository to be a JPA repository, consider annotating your entities with one of these annotations: javax.persistence.Entity, javax.persistence.MappedSuperclass (preferred), or consider extending one of the following types with your repository: org.springframework.data.jpa.repository.JpaRepository.
2022-07-25 19:49:21.112  INFO 1 --- [           main] .s.d.r.c.RepositoryConfigurationDelegate : Finished Spring Data repository scanning in 1186 ms. Found 2 JPA repository interfaces.
2022-07-25 19:49:21.151  INFO 1 --- [           main] .s.d.r.c.RepositoryConfigurationDelegate : Multiple Spring Data modules found, entering strict repository configuration mode!
2022-07-25 19:49:21.161  INFO 1 --- [           main] .s.d.r.c.RepositoryConfigurationDelegate : Bootstrapping Spring Data MongoDB repositories in DEFAULT mode.
2022-07-25 19:49:21.187  INFO 1 --- [           main] .RepositoryConfigurationExtensionSupport : Spring Data MongoDB - Could not safely identify store assignment for repository candidate interface com.bookmyconsultation.appointmentservice.repository.AvailabilityRepository. If you want this repository to be a MongoDB repository, consider annotating your entities with one of these annotations: org.springframework.data.mongodb.core.mapping.Document (preferred), or consider extending one of the following types with your repository: org.springframework.data.mongodb.repository.MongoRepository.
2022-07-25 19:49:21.234  INFO 1 --- [           main] .RepositoryConfigurationExtensionSupport : Spring Data MongoDB - Could not safely identify store assignment for repository candidate interface com.bookmyconsultation.appointmentservice.repository.AppointmentRepository. If you want this repository to be a MongoDB repository, consider annotating your entities with one of these annotations: org.springframework.data.mongodb.core.mapping.Document (preferred), or consider extending one of the following types with your repository: org.springframework.data.mongodb.repository.MongoRepository.
2022-07-25 19:49:21.274  INFO 1 --- [           main] .s.d.r.c.RepositoryConfigurationDelegate : Finished Spring Data repository scanning in 108 ms. Found 1 MongoDB repository interfaces.
2022-07-25 19:49:23.076  INFO 1 --- [           main] o.s.cloud.context.scope.GenericScope     : BeanFactory id=b68415a3-d8e8-3f81-9eb3-9b40099ce61d
2022-07-25 19:49:28.144  INFO 1 --- [           main] o.s.b.w.embedded.tomcat.TomcatWebServer  : Tomcat initialized with port(s): 8082 (http)
2022-07-25 19:49:28.232  INFO 1 --- [           main] o.apache.catalina.core.StandardService   : Starting service [Tomcat]
2022-07-25 19:49:28.253  INFO 1 --- [           main] org.apache.catalina.core.StandardEngine  : Starting Servlet engine: [Apache Tomcat/9.0.63]
2022-07-25 19:49:28.652  INFO 1 --- [           main] o.a.c.c.C.[Tomcat].[localhost].[/]       : Initializing Spring embedded WebApplicationContext
2022-07-25 19:49:28.658  INFO 1 --- [           main] w.s.c.ServletWebServerApplicationContext : Root WebApplicationContext: initialization completed in 17710 ms
2022-07-25 19:49:32.685  INFO 1 --- [           main] org.mongodb.driver.client                : MongoClient with metadata {"driver": {"name": "mongo-java-driver|sync|spring-boot", "version": "4.6.0"}, "os": {"type": "Linux", "name": "Linux", "architecture": "amd64", "version": "5.4.72-microsoft-standard-WSL2"}, "platform": "Java/Azul Systems, Inc./11.0.16+8-LTS"} created with settings MongoClientSettings{readPreference=primary, writeConcern=WriteConcern{w=null, wTimeout=null ms, journal=null}, retryWrites=true, retryReads=true, readConcern=ReadConcern{level=null}, credential=null, streamFactoryFactory=null, commandListeners=[io.micrometer.core.instrument.binder.mongodb.MongoMetricsCommandListener@2f5c1332], codecRegistry=ProvidersCodecRegistry{codecProviders=[ValueCodecProvider{}, BsonValueCodecProvider{}, DBRefCodecProvider{}, DBObjectCodecProvider{}, DocumentCodecProvider{}, IterableCodecProvider{}, MapCodecProvider{}, GeoJsonCodecProvider{}, GridFSFileCodecProvider{}, Jsr310CodecProvider{}, JsonObjectCodecProvider{}, BsonCodecProvider{}, EnumCodecProvider{}, com.mongodb.Jep395RecordCodecProvider@4078695f]}, clusterSettings={hosts=[ec2-3-232-57-4.compute-1.amazonaws.com:27017], srvServiceName=mongodb, mode=SINGLE, requiredClusterType=UNKNOWN, requiredReplicaSetName='null', serverSelector='null', clusterListeners='[]', serverSelectionTimeout='30000 ms', localThreshold='30000 ms'}, socketSettings=SocketSettings{connectTimeoutMS=10000, readTimeoutMS=0, receiveBufferSize=0, sendBufferSize=0}, heartbeatSocketSettings=SocketSettings{connectTimeoutMS=10000, readTimeoutMS=10000, receiveBufferSize=0, sendBufferSize=0}, connectionPoolSettings=ConnectionPoolSettings{maxSize=100, minSize=0, maxWaitTimeMS=120000, maxConnectionLifeTimeMS=0, maxConnectionIdleTimeMS=0, maintenanceInitialDelayMS=0, maintenanceFrequencyMS=60000, connectionPoolListeners=[io.micrometer.core.instrument.binder.mongodb.MongoMetricsConnectionPoolListener@55ecbafe], maxConnecting=2}, serverSettings=ServerSettings{heartbeatFrequencyMS=10000, minHeartbeatFrequencyMS=500, serverListeners='[]', serverMonitorListeners='[]'}, sslSettings=SslSettings{enabled=false, invalidHostNameAllowed=false, context=null}, applicationName='null', compressorList=[], uuidRepresentation=JAVA_LEGACY, serverApi=null, autoEncryptionSettings=null, contextProvider=null}
2022-07-25 19:49:33.293  INFO 1 --- [onaws.com:27017] org.mongodb.driver.connection            : Opened connection [connectionId{localValue:2, serverValue:31}] to ec2-3-232-57-4.compute-1.amazonaws.com:27017
2022-07-25 19:49:33.293  INFO 1 --- [onaws.com:27017] org.mongodb.driver.connection            : Opened connection [connectionId{localValue:1, serverValue:30}] to ec2-3-232-57-4.compute-1.amazonaws.com:27017
2022-07-25 19:49:33.347  INFO 1 --- [onaws.com:27017] org.mongodb.driver.cluster               : Monitor thread successfully connected to server with description ServerDescription{address=ec2-3-232-57-4.compute-1.amazonaws.com:27017, type=STANDALONE, state=CONNECTED, ok=true, minWireVersion=0, maxWireVersion=13, maxDocumentSize=16777216, logicalSessionTimeoutMinutes=30, roundTripTimeNanos=493707800}
2022-07-25 19:49:37.186  INFO 1 --- [           main] o.c.s.w.s.ServerTracingAutoConfiguration : Creating FilterRegistrationBean bean with TracingFilter mapped to [], skip pattern is "/api-docs.*|/swagger.*|.*\.png|.*\.css|.*\.js|.*\.html|/favicon.ico|/hystrix.stream|/actuator/(beans|beans/.*|caches|caches/.*|health|health/.*|info|info/.*|conditions|conditions/.*|configprops|configprops/.*|env|env/.*|loggers|loggers/.*|heapdump|heapdump/.*|threaddump|threaddump/.*|prometheus|prometheus/.*|metrics|metrics/.*|scheduledtasks|scheduledtasks/.*|mappings|mappings/.*|refresh|refresh/.*|features|features/.*)"
2022-07-25 19:49:38.734  INFO 1 --- [           main] o.hibernate.jpa.internal.util.LogHelper  : HHH000204: Processing PersistenceUnitInfo [name: default]
2022-07-25 19:49:39.335  INFO 1 --- [           main] org.hibernate.Version                    : HHH000412: Hibernate ORM core version 5.6.9.Final
2022-07-25 19:49:40.915  INFO 1 --- [           main] o.hibernate.annotations.common.Version   : HCANN000001: Hibernate Commons Annotations {5.1.2.Final}
2022-07-25 19:49:41.884  INFO 1 --- [           main] com.zaxxer.hikari.HikariDataSource       : HikariPool-1 - Starting...
2022-07-25 19:49:46.833  INFO 1 --- [           main] com.zaxxer.hikari.HikariDataSource       : HikariPool-1 - Start completed.
2022-07-25 19:49:47.059  INFO 1 --- [           main] org.hibernate.dialect.Dialect            : HHH000400: Using dialect: org.hibernate.dialect.MySQL8Dialect
2022-07-25 19:49:50.165  INFO 1 --- [           main] o.h.e.t.j.p.i.JtaPlatformInitiator       : HHH000490: Using JtaPlatform implementation: [org.hibernate.engine.transaction.jta.platform.internal.NoJtaPlatform]
2022-07-25 19:49:50.196  INFO 1 --- [           main] j.LocalContainerEntityManagerFactoryBean : Initialized JPA EntityManagerFactory for persistence unit 'default'
2022-07-25 19:49:51.649  INFO 1 --- [           main] o.c.s.w.s.ServerTracingAutoConfiguration : Creating WebMvcConfigurer bean with class io.opentracing.contrib.spring.web.interceptor.TracingHandlerInterceptor
2022-07-25 19:49:51.658  WARN 1 --- [           main] JpaBaseConfiguration$JpaWebConfiguration : spring.jpa.open-in-view is enabled by default. Therefore, database queries may be performed during view rendering. Explicitly configure spring.jpa.open-in-view to disable this warning
2022-07-25 19:49:51.897  INFO 1 --- [           main] c.b.a.aspect.LoggingAspect               : Entering CLASS_NAME:KafkaProducerConfiguration METHOD_NAME:kafkaTemplate with input parameters []
2022-07-25 19:49:51.914  INFO 1 --- [           main] c.b.a.aspect.LoggingAspect               : Entering CLASS_NAME:KafkaProducerConfiguration METHOD_NAME:producerFactory with input parameters []
2022-07-25 19:49:51.933  INFO 1 --- [           main] c.b.a.aspect.LoggingAspect               : Exiting CLASS_NAME:KafkaProducerConfiguration METHOD_NAME:producerFactory with return value [org.springframework.kafka.core.DefaultKafkaProducerFactory@70c29356] and execution time of 0 minutes and 0 seconds
2022-07-25 19:49:51.985  INFO 1 --- [           main] c.b.a.aspect.LoggingAspect               : Exiting CLASS_NAME:KafkaProducerConfiguration METHOD_NAME:kafkaTemplate with return value [org.springframework.kafka.core.KafkaTemplate@4c4c7d6c] and execution time of 0 minutes and 0 seconds
2022-07-25 19:49:52.418  INFO 1 --- [           main] c.b.a.aspect.LoggingAspect               : Entering CLASS_NAME:PasswordConfig METHOD_NAME:passwordEncoder with input parameters []
2022-07-25 19:49:52.429  INFO 1 --- [           main] c.b.a.aspect.LoggingAspect               : Exiting CLASS_NAME:PasswordConfig METHOD_NAME:passwordEncoder with return value [org.springframework.security.crypto.bcrypt.BCryptPasswordEncoder@10e9a5fe] and execution time of 0 minutes and 0 seconds
2022-07-25 19:49:52.585  INFO 1 --- [           main] c.b.a.aspect.LoggingAspect               : Entering CLASS_NAME:ApplicationSecurityConfiguration METHOD_NAME:daoAuthenticationProvider with input parameters []
2022-07-25 19:49:52.621  INFO 1 --- [           main] c.b.a.aspect.LoggingAspect               : Exiting CLASS_NAME:ApplicationSecurityConfiguration METHOD_NAME:daoAuthenticationProvider with return value [org.springframework.security.authentication.dao.DaoAuthenticationProvider@57e03347] and execution time of 0 minutes and 0 seconds
2022-07-25 19:49:52.823  INFO 1 --- [           main] o.s.s.web.DefaultSecurityFilterChain     : Will secure any request with [org.springframework.security.web.session.DisableEncodeUrlFilter@2bdab835, org.springframework.security.web.context.request.async.WebAsyncManagerIntegrationFilter@7b8aebd0, org.springframework.security.web.context.SecurityContextPersistenceFilter@50f4b83d, org.springframework.security.web.header.HeaderWriterFilter@1cee2e10, org.springframework.security.web.authentication.logout.LogoutFilter@7d47dfed, com.bookmyconsultation.appointmentservice.security.JWTAuthenticationFilter@55222ee9, com.bookmyconsultation.appointmentservice.security.JWTTokenVerifier@3181d4de, org.springframework.security.web.savedrequest.RequestCacheAwareFilter@23648d2d, org.springframework.security.web.servletapi.SecurityContextHolderAwareRequestFilter@2bcda694, org.springframework.security.web.authentication.AnonymousAuthenticationFilter@4f64d9cb, org.springframework.security.web.session.SessionManagementFilter@33de7f3d, org.springframework.security.web.access.ExceptionTranslationFilter@2dac2e1b, org.springframework.security.web.access.intercept.FilterSecurityInterceptor@4cae66a8]
2022-07-25 19:49:54.150  INFO 1 --- [           main] o.s.b.a.e.web.EndpointLinksResolver      : Exposing 16 endpoint(s) beneath base path '/actuator'
2022-07-25 19:49:54.255  INFO 1 --- [           main] o.s.b.w.embedded.tomcat.TomcatWebServer  : Tomcat started on port(s): 8082 (http) with context path ''
2022-07-25 19:49:54.275  INFO 1 --- [           main] c.b.a.AppointmentServiceApplication      : Started AppointmentServiceApplication in 47.923 seconds (JVM running for 51.124)
2022-07-25 19:49:57.281  INFO 1 --- [nio-8082-exec-1] o.a.c.c.C.[Tomcat].[localhost].[/]       : Initializing Spring DispatcherServlet 'dispatcherServlet'
2022-07-25 19:49:57.283  INFO 1 --- [nio-8082-exec-1] o.s.web.servlet.DispatcherServlet        : Initializing Servlet 'dispatcherServlet'
2022-07-25 19:49:57.290  INFO 1 --- [nio-8082-exec-1] o.s.web.servlet.DispatcherServlet        : Completed initialization in 6 ms
2022-07-25 20:06:41.307  INFO 1 --- [ionShutdownHook] j.LocalContainerEntityManagerFactoryBean : Closing JPA EntityManagerFactory for persistence unit 'default'
2022-07-25 20:06:41.327  INFO 1 --- [ionShutdownHook] com.zaxxer.hikari.HikariDataSource       : HikariPool-1 - Shutdown initiated...
2022-07-25 20:06:41.368  INFO 1 --- [ionShutdownHook] com.zaxxer.hikari.HikariDataSource       : HikariPool-1 - Shutdown completed.
2022-07-25 20:07:36.798  INFO 1 --- [           main] c.b.a.AppointmentServiceApplication      : Starting AppointmentServiceApplication v0.0.1-SNAPSHOT using Java 11.0.16 on 9233fe9b1b75 with PID 1 (/app.jar started by root in /)
2022-07-25 20:07:36.844  INFO 1 --- [           main] c.b.a.AppointmentServiceApplication      : No active profile set, falling back to 1 default profile: "default"
2022-07-25 20:07:46.642  INFO 1 --- [           main] .s.d.r.c.RepositoryConfigurationDelegate : Multiple Spring Data modules found, entering strict repository configuration mode!
2022-07-25 20:07:46.709  INFO 1 --- [           main] .s.d.r.c.RepositoryConfigurationDelegate : Bootstrapping Spring Data JPA repositories in DEFAULT mode.
2022-07-25 20:07:48.489  INFO 1 --- [           main] .RepositoryConfigurationExtensionSupport : Spring Data JPA - Could not safely identify store assignment for repository candidate interface com.bookmyconsultation.appointmentservice.repository.PrescriptionRepository. If you want this repository to be a JPA repository, consider annotating your entities with one of these annotations: javax.persistence.Entity, javax.persistence.MappedSuperclass (preferred), or consider extending one of the following types with your repository: org.springframework.data.jpa.repository.JpaRepository.
2022-07-25 20:07:48.570  INFO 1 --- [           main] .s.d.r.c.RepositoryConfigurationDelegate : Finished Spring Data repository scanning in 1789 ms. Found 2 JPA repository interfaces.
2022-07-25 20:07:48.630  INFO 1 --- [           main] .s.d.r.c.RepositoryConfigurationDelegate : Multiple Spring Data modules found, entering strict repository configuration mode!
2022-07-25 20:07:48.654  INFO 1 --- [           main] .s.d.r.c.RepositoryConfigurationDelegate : Bootstrapping Spring Data MongoDB repositories in DEFAULT mode.
2022-07-25 20:07:48.696  INFO 1 --- [           main] .RepositoryConfigurationExtensionSupport : Spring Data MongoDB - Could not safely identify store assignment for repository candidate interface com.bookmyconsultation.appointmentservice.repository.AvailabilityRepository. If you want this repository to be a MongoDB repository, consider annotating your entities with one of these annotations: org.springframework.data.mongodb.core.mapping.Document (preferred), or consider extending one of the following types with your repository: org.springframework.data.mongodb.repository.MongoRepository.
2022-07-25 20:07:48.717  INFO 1 --- [           main] .RepositoryConfigurationExtensionSupport : Spring Data MongoDB - Could not safely identify store assignment for repository candidate interface com.bookmyconsultation.appointmentservice.repository.AppointmentRepository. If you want this repository to be a MongoDB repository, consider annotating your entities with one of these annotations: org.springframework.data.mongodb.core.mapping.Document (preferred), or consider extending one of the following types with your repository: org.springframework.data.mongodb.repository.MongoRepository.
2022-07-25 20:07:48.728  INFO 1 --- [           main] .s.d.r.c.RepositoryConfigurationDelegate : Finished Spring Data repository scanning in 71 ms. Found 1 MongoDB repository interfaces.
2022-07-25 20:07:50.608  INFO 1 --- [           main] o.s.cloud.context.scope.GenericScope     : BeanFactory id=b68415a3-d8e8-3f81-9eb3-9b40099ce61d
2022-07-25 20:07:56.728  INFO 1 --- [           main] o.s.b.w.embedded.tomcat.TomcatWebServer  : Tomcat initialized with port(s): 8082 (http)
2022-07-25 20:07:56.856  INFO 1 --- [           main] o.apache.catalina.core.StandardService   : Starting service [Tomcat]
2022-07-25 20:07:56.868  INFO 1 --- [           main] org.apache.catalina.core.StandardEngine  : Starting Servlet engine: [Apache Tomcat/9.0.63]
2022-07-25 20:07:57.536  INFO 1 --- [           main] o.a.c.c.C.[Tomcat].[localhost].[/]       : Initializing Spring embedded WebApplicationContext
2022-07-25 20:07:57.553  INFO 1 --- [           main] w.s.c.ServletWebServerApplicationContext : Root WebApplicationContext: initialization completed in 20200 ms
2022-07-25 20:08:02.163  INFO 1 --- [           main] org.mongodb.driver.client                : MongoClient with metadata {"driver": {"name": "mongo-java-driver|sync|spring-boot", "version": "4.6.0"}, "os": {"type": "Linux", "name": "Linux", "architecture": "amd64", "version": "5.4.72-microsoft-standard-WSL2"}, "platform": "Java/Azul Systems, Inc./11.0.16+8-LTS"} created with settings MongoClientSettings{readPreference=primary, writeConcern=WriteConcern{w=null, wTimeout=null ms, journal=null}, retryWrites=true, retryReads=true, readConcern=ReadConcern{level=null}, credential=null, streamFactoryFactory=null, commandListeners=[io.micrometer.core.instrument.binder.mongodb.MongoMetricsCommandListener@57b75756], codecRegistry=ProvidersCodecRegistry{codecProviders=[ValueCodecProvider{}, BsonValueCodecProvider{}, DBRefCodecProvider{}, DBObjectCodecProvider{}, DocumentCodecProvider{}, IterableCodecProvider{}, MapCodecProvider{}, GeoJsonCodecProvider{}, GridFSFileCodecProvider{}, Jsr310CodecProvider{}, JsonObjectCodecProvider{}, BsonCodecProvider{}, EnumCodecProvider{}, com.mongodb.Jep395RecordCodecProvider@41f35f7c]}, clusterSettings={hosts=[ec2-3-232-57-4.compute-1.amazonaws.com:27017], srvServiceName=mongodb, mode=SINGLE, requiredClusterType=UNKNOWN, requiredReplicaSetName='null', serverSelector='null', clusterListeners='[]', serverSelectionTimeout='30000 ms', localThreshold='30000 ms'}, socketSettings=SocketSettings{connectTimeoutMS=10000, readTimeoutMS=0, receiveBufferSize=0, sendBufferSize=0}, heartbeatSocketSettings=SocketSettings{connectTimeoutMS=10000, readTimeoutMS=10000, receiveBufferSize=0, sendBufferSize=0}, connectionPoolSettings=ConnectionPoolSettings{maxSize=100, minSize=0, maxWaitTimeMS=120000, maxConnectionLifeTimeMS=0, maxConnectionIdleTimeMS=0, maintenanceInitialDelayMS=0, maintenanceFrequencyMS=60000, connectionPoolListeners=[io.micrometer.core.instrument.binder.mongodb.MongoMetricsConnectionPoolListener@3cbcd8f3], maxConnecting=2}, serverSettings=ServerSettings{heartbeatFrequencyMS=10000, minHeartbeatFrequencyMS=500, serverListeners='[]', serverMonitorListeners='[]'}, sslSettings=SslSettings{enabled=false, invalidHostNameAllowed=false, context=null}, applicationName='null', compressorList=[], uuidRepresentation=JAVA_LEGACY, serverApi=null, autoEncryptionSettings=null, contextProvider=null}
2022-07-25 20:08:02.733  INFO 1 --- [onaws.com:27017] org.mongodb.driver.connection            : Opened connection [connectionId{localValue:1, serverValue:41}] to ec2-3-232-57-4.compute-1.amazonaws.com:27017
2022-07-25 20:08:02.732  INFO 1 --- [onaws.com:27017] org.mongodb.driver.connection            : Opened connection [connectionId{localValue:2, serverValue:42}] to ec2-3-232-57-4.compute-1.amazonaws.com:27017
2022-07-25 20:08:02.969  INFO 1 --- [onaws.com:27017] org.mongodb.driver.cluster               : Monitor thread successfully connected to server with description ServerDescription{address=ec2-3-232-57-4.compute-1.amazonaws.com:27017, type=STANDALONE, state=CONNECTED, ok=true, minWireVersion=0, maxWireVersion=13, maxDocumentSize=16777216, logicalSessionTimeoutMinutes=30, roundTripTimeNanos=508497100}
2022-07-25 20:08:11.955  INFO 1 --- [           main] o.c.s.w.s.ServerTracingAutoConfiguration : Creating FilterRegistrationBean bean with TracingFilter mapped to [], skip pattern is "/api-docs.*|/swagger.*|.*\.png|.*\.css|.*\.js|.*\.html|/favicon.ico|/hystrix.stream|/actuator/(beans|beans/.*|caches|caches/.*|health|health/.*|info|info/.*|conditions|conditions/.*|configprops|configprops/.*|env|env/.*|loggers|loggers/.*|heapdump|heapdump/.*|threaddump|threaddump/.*|prometheus|prometheus/.*|metrics|metrics/.*|scheduledtasks|scheduledtasks/.*|mappings|mappings/.*|refresh|refresh/.*|features|features/.*)"
2022-07-25 20:08:14.767  INFO 1 --- [           main] o.hibernate.jpa.internal.util.LogHelper  : HHH000204: Processing PersistenceUnitInfo [name: default]
2022-07-25 20:08:16.084  INFO 1 --- [           main] org.hibernate.Version                    : HHH000412: Hibernate ORM core version 5.6.9.Final
2022-07-25 20:08:18.488  INFO 1 --- [           main] o.hibernate.annotations.common.Version   : HCANN000001: Hibernate Commons Annotations {5.1.2.Final}
2022-07-25 20:08:19.610  INFO 1 --- [           main] com.zaxxer.hikari.HikariDataSource       : HikariPool-1 - Starting...
2022-07-25 20:08:25.310  INFO 1 --- [           main] com.zaxxer.hikari.HikariDataSource       : HikariPool-1 - Start completed.
2022-07-25 20:08:25.457  INFO 1 --- [           main] org.hibernate.dialect.Dialect            : HHH000400: Using dialect: org.hibernate.dialect.MySQL8Dialect
2022-07-25 20:08:27.878  INFO 1 --- [           main] o.h.e.t.j.p.i.JtaPlatformInitiator       : HHH000490: Using JtaPlatform implementation: [org.hibernate.engine.transaction.jta.platform.internal.NoJtaPlatform]
2022-07-25 20:08:27.909  INFO 1 --- [           main] j.LocalContainerEntityManagerFactoryBean : Initialized JPA EntityManagerFactory for persistence unit 'default'
2022-07-25 20:08:29.741  INFO 1 --- [           main] o.c.s.w.s.ServerTracingAutoConfiguration : Creating WebMvcConfigurer bean with class io.opentracing.contrib.spring.web.interceptor.TracingHandlerInterceptor
2022-07-25 20:08:29.758  WARN 1 --- [           main] JpaBaseConfiguration$JpaWebConfiguration : spring.jpa.open-in-view is enabled by default. Therefore, database queries may be performed during view rendering. Explicitly configure spring.jpa.open-in-view to disable this warning
2022-07-25 20:08:30.078  INFO 1 --- [           main] c.b.a.aspect.LoggingAspect               : Entering CLASS_NAME:KafkaProducerConfiguration METHOD_NAME:kafkaTemplate with input parameters []
2022-07-25 20:08:30.098  INFO 1 --- [           main] c.b.a.aspect.LoggingAspect               : Entering CLASS_NAME:KafkaProducerConfiguration METHOD_NAME:producerFactory with input parameters []
2022-07-25 20:08:30.117  INFO 1 --- [           main] c.b.a.aspect.LoggingAspect               : Exiting CLASS_NAME:KafkaProducerConfiguration METHOD_NAME:producerFactory with return value [org.springframework.kafka.core.DefaultKafkaProducerFactory@4fb57fb3] and execution time of 0 minutes and 0 seconds
2022-07-25 20:08:30.186  INFO 1 --- [           main] c.b.a.aspect.LoggingAspect               : Exiting CLASS_NAME:KafkaProducerConfiguration METHOD_NAME:kafkaTemplate with return value [org.springframework.kafka.core.KafkaTemplate@20cff21e] and execution time of 0 minutes and 0 seconds
2022-07-25 20:08:30.595  INFO 1 --- [           main] c.b.a.aspect.LoggingAspect               : Entering CLASS_NAME:PasswordConfig METHOD_NAME:passwordEncoder with input parameters []
2022-07-25 20:08:30.647  INFO 1 --- [           main] c.b.a.aspect.LoggingAspect               : Exiting CLASS_NAME:PasswordConfig METHOD_NAME:passwordEncoder with return value [org.springframework.security.crypto.bcrypt.BCryptPasswordEncoder@8f2e3e6] and execution time of 0 minutes and 0 seconds
2022-07-25 20:08:30.795  INFO 1 --- [           main] c.b.a.aspect.LoggingAspect               : Entering CLASS_NAME:ApplicationSecurityConfiguration METHOD_NAME:daoAuthenticationProvider with input parameters []
2022-07-25 20:08:30.848  INFO 1 --- [           main] c.b.a.aspect.LoggingAspect               : Exiting CLASS_NAME:ApplicationSecurityConfiguration METHOD_NAME:daoAuthenticationProvider with return value [org.springframework.security.authentication.dao.DaoAuthenticationProvider@150d6eaf] and execution time of 0 minutes and 0 seconds
2022-07-25 20:08:31.077  INFO 1 --- [           main] o.s.s.web.DefaultSecurityFilterChain     : Will secure any request with [org.springframework.security.web.session.DisableEncodeUrlFilter@3855d9b2, org.springframework.security.web.context.request.async.WebAsyncManagerIntegrationFilter@39f42d0e, org.springframework.security.web.context.SecurityContextPersistenceFilter@1544ded3, org.springframework.security.web.header.HeaderWriterFilter@37c1cfa, org.springframework.security.web.authentication.logout.LogoutFilter@721bf7ad, com.bookmyconsultation.appointmentservice.security.JWTAuthenticationFilter@47a3d56a, com.bookmyconsultation.appointmentservice.security.JWTTokenVerifier@3a209918, org.springframework.security.web.savedrequest.RequestCacheAwareFilter@7e0f9528, org.springframework.security.web.servletapi.SecurityContextHolderAwareRequestFilter@448cdb47, org.springframework.security.web.authentication.AnonymousAuthenticationFilter@2cae5fa7, org.springframework.security.web.session.SessionManagementFilter@2cc75b25, org.springframework.security.web.access.ExceptionTranslationFilter@23648d2d, org.springframework.security.web.access.intercept.FilterSecurityInterceptor@1f949ab9]
2022-07-25 20:08:32.564  INFO 1 --- [           main] o.s.b.a.e.web.EndpointLinksResolver      : Exposing 16 endpoint(s) beneath base path '/actuator'
2022-07-25 20:08:32.758  INFO 1 --- [           main] o.s.b.w.embedded.tomcat.TomcatWebServer  : Tomcat started on port(s): 8082 (http) with context path ''
2022-07-25 20:08:32.788  INFO 1 --- [           main] c.b.a.AppointmentServiceApplication      : Started AppointmentServiceApplication in 60.064 seconds (JVM running for 63.259)
2022-07-25 20:08:42.257  INFO 1 --- [nio-8082-exec-1] o.a.c.c.C.[Tomcat].[localhost].[/]       : Initializing Spring DispatcherServlet 'dispatcherServlet'
2022-07-25 20:08:42.259  INFO 1 --- [nio-8082-exec-1] o.s.web.servlet.DispatcherServlet        : Initializing Servlet 'dispatcherServlet'
2022-07-25 20:08:42.266  INFO 1 --- [nio-8082-exec-1] o.s.web.servlet.DispatcherServlet        : Completed initialization in 6 ms
2022-07-25 20:10:03.141  INFO 1 --- [ionShutdownHook] j.LocalContainerEntityManagerFactoryBean : Closing JPA EntityManagerFactory for persistence unit 'default'
2022-07-25 20:10:03.157  INFO 1 --- [ionShutdownHook] com.zaxxer.hikari.HikariDataSource       : HikariPool-1 - Shutdown initiated...
2022-07-25 20:10:05.446  INFO 1 --- [ionShutdownHook] com.zaxxer.hikari.HikariDataSource       : HikariPool-1 - Shutdown completed.
2022-07-25 20:15:09.679  INFO 1 --- [           main] c.b.a.AppointmentServiceApplication      : Starting AppointmentServiceApplication v0.0.1-SNAPSHOT using Java 11.0.16 on 9233fe9b1b75 with PID 1 (/app.jar started by root in /)
2022-07-25 20:15:09.703  INFO 1 --- [           main] c.b.a.AppointmentServiceApplication      : No active profile set, falling back to 1 default profile: "default"
2022-07-25 20:15:18.354  INFO 1 --- [           main] .s.d.r.c.RepositoryConfigurationDelegate : Multiple Spring Data modules found, entering strict repository configuration mode!
2022-07-25 20:15:18.406  INFO 1 --- [           main] .s.d.r.c.RepositoryConfigurationDelegate : Bootstrapping Spring Data JPA repositories in DEFAULT mode.
2022-07-25 20:15:19.423  INFO 1 --- [           main] .RepositoryConfigurationExtensionSupport : Spring Data JPA - Could not safely identify store assignment for repository candidate interface com.bookmyconsultation.appointmentservice.repository.PrescriptionRepository. If you want this repository to be a JPA repository, consider annotating your entities with one of these annotations: javax.persistence.Entity, javax.persistence.MappedSuperclass (preferred), or consider extending one of the following types with your repository: org.springframework.data.jpa.repository.JpaRepository.
2022-07-25 20:15:19.520  INFO 1 --- [           main] .s.d.r.c.RepositoryConfigurationDelegate : Finished Spring Data repository scanning in 979 ms. Found 2 JPA repository interfaces.
2022-07-25 20:15:19.560  INFO 1 --- [           main] .s.d.r.c.RepositoryConfigurationDelegate : Multiple Spring Data modules found, entering strict repository configuration mode!
2022-07-25 20:15:19.562  INFO 1 --- [           main] .s.d.r.c.RepositoryConfigurationDelegate : Bootstrapping Spring Data MongoDB repositories in DEFAULT mode.
2022-07-25 20:15:19.592  INFO 1 --- [           main] .RepositoryConfigurationExtensionSupport : Spring Data MongoDB - Could not safely identify store assignment for repository candidate interface com.bookmyconsultation.appointmentservice.repository.AvailabilityRepository. If you want this repository to be a MongoDB repository, consider annotating your entities with one of these annotations: org.springframework.data.mongodb.core.mapping.Document (preferred), or consider extending one of the following types with your repository: org.springframework.data.mongodb.repository.MongoRepository.
2022-07-25 20:15:19.601  INFO 1 --- [           main] .RepositoryConfigurationExtensionSupport : Spring Data MongoDB - Could not safely identify store assignment for repository candidate interface com.bookmyconsultation.appointmentservice.repository.AppointmentRepository. If you want this repository to be a MongoDB repository, consider annotating your entities with one of these annotations: org.springframework.data.mongodb.core.mapping.Document (preferred), or consider extending one of the following types with your repository: org.springframework.data.mongodb.repository.MongoRepository.
2022-07-25 20:15:19.611  INFO 1 --- [           main] .s.d.r.c.RepositoryConfigurationDelegate : Finished Spring Data repository scanning in 44 ms. Found 1 MongoDB repository interfaces.
2022-07-25 20:15:21.405  INFO 1 --- [           main] o.s.cloud.context.scope.GenericScope     : BeanFactory id=b68415a3-d8e8-3f81-9eb3-9b40099ce61d
2022-07-25 20:15:27.101  INFO 1 --- [           main] o.s.b.w.embedded.tomcat.TomcatWebServer  : Tomcat initialized with port(s): 8082 (http)
2022-07-25 20:15:27.276  INFO 1 --- [           main] o.apache.catalina.core.StandardService   : Starting service [Tomcat]
2022-07-25 20:15:27.284  INFO 1 --- [           main] org.apache.catalina.core.StandardEngine  : Starting Servlet engine: [Apache Tomcat/9.0.63]
2022-07-25 20:15:27.910  INFO 1 --- [           main] o.a.c.c.C.[Tomcat].[localhost].[/]       : Initializing Spring embedded WebApplicationContext
2022-07-25 20:15:27.922  INFO 1 --- [           main] w.s.c.ServletWebServerApplicationContext : Root WebApplicationContext: initialization completed in 17834 ms
2022-07-25 20:15:32.626  INFO 1 --- [           main] org.mongodb.driver.client                : MongoClient with metadata {"driver": {"name": "mongo-java-driver|sync|spring-boot", "version": "4.6.0"}, "os": {"type": "Linux", "name": "Linux", "architecture": "amd64", "version": "5.4.72-microsoft-standard-WSL2"}, "platform": "Java/Azul Systems, Inc./11.0.16+8-LTS"} created with settings MongoClientSettings{readPreference=primary, writeConcern=WriteConcern{w=null, wTimeout=null ms, journal=null}, retryWrites=true, retryReads=true, readConcern=ReadConcern{level=null}, credential=null, streamFactoryFactory=null, commandListeners=[io.micrometer.core.instrument.binder.mongodb.MongoMetricsCommandListener@4930539b], codecRegistry=ProvidersCodecRegistry{codecProviders=[ValueCodecProvider{}, BsonValueCodecProvider{}, DBRefCodecProvider{}, DBObjectCodecProvider{}, DocumentCodecProvider{}, IterableCodecProvider{}, MapCodecProvider{}, GeoJsonCodecProvider{}, GridFSFileCodecProvider{}, Jsr310CodecProvider{}, JsonObjectCodecProvider{}, BsonCodecProvider{}, EnumCodecProvider{}, com.mongodb.Jep395RecordCodecProvider@41f35f7c]}, clusterSettings={hosts=[ec2-3-232-57-4.compute-1.amazonaws.com:27017], srvServiceName=mongodb, mode=SINGLE, requiredClusterType=UNKNOWN, requiredReplicaSetName='null', serverSelector='null', clusterListeners='[]', serverSelectionTimeout='30000 ms', localThreshold='30000 ms'}, socketSettings=SocketSettings{connectTimeoutMS=10000, readTimeoutMS=0, receiveBufferSize=0, sendBufferSize=0}, heartbeatSocketSettings=SocketSettings{connectTimeoutMS=10000, readTimeoutMS=10000, receiveBufferSize=0, sendBufferSize=0}, connectionPoolSettings=ConnectionPoolSettings{maxSize=100, minSize=0, maxWaitTimeMS=120000, maxConnectionLifeTimeMS=0, maxConnectionIdleTimeMS=0, maintenanceInitialDelayMS=0, maintenanceFrequencyMS=60000, connectionPoolListeners=[io.micrometer.core.instrument.binder.mongodb.MongoMetricsConnectionPoolListener@352e787a], maxConnecting=2}, serverSettings=ServerSettings{heartbeatFrequencyMS=10000, minHeartbeatFrequencyMS=500, serverListeners='[]', serverMonitorListeners='[]'}, sslSettings=SslSettings{enabled=false, invalidHostNameAllowed=false, context=null}, applicationName='null', compressorList=[], uuidRepresentation=JAVA_LEGACY, serverApi=null, autoEncryptionSettings=null, contextProvider=null}
2022-07-25 20:15:33.216  INFO 1 --- [onaws.com:27017] org.mongodb.driver.connection            : Opened connection [connectionId{localValue:2, serverValue:53}] to ec2-3-232-57-4.compute-1.amazonaws.com:27017
2022-07-25 20:15:33.223  INFO 1 --- [onaws.com:27017] org.mongodb.driver.cluster               : Monitor thread successfully connected to server with description ServerDescription{address=ec2-3-232-57-4.compute-1.amazonaws.com:27017, type=STANDALONE, state=CONNECTED, ok=true, minWireVersion=0, maxWireVersion=13, maxDocumentSize=16777216, logicalSessionTimeoutMinutes=30, roundTripTimeNanos=355727000}
2022-07-25 20:15:33.281  INFO 1 --- [onaws.com:27017] org.mongodb.driver.connection            : Opened connection [connectionId{localValue:1, serverValue:52}] to ec2-3-232-57-4.compute-1.amazonaws.com:27017
2022-07-25 20:15:36.644  INFO 1 --- [           main] o.c.s.w.s.ServerTracingAutoConfiguration : Creating FilterRegistrationBean bean with TracingFilter mapped to [], skip pattern is "/api-docs.*|/swagger.*|.*\.png|.*\.css|.*\.js|.*\.html|/favicon.ico|/hystrix.stream|/actuator/(beans|beans/.*|caches|caches/.*|health|health/.*|info|info/.*|conditions|conditions/.*|configprops|configprops/.*|env|env/.*|loggers|loggers/.*|heapdump|heapdump/.*|threaddump|threaddump/.*|prometheus|prometheus/.*|metrics|metrics/.*|scheduledtasks|scheduledtasks/.*|mappings|mappings/.*|refresh|refresh/.*|features|features/.*)"
2022-07-25 20:15:38.170  INFO 1 --- [           main] o.hibernate.jpa.internal.util.LogHelper  : HHH000204: Processing PersistenceUnitInfo [name: default]
2022-07-25 20:15:38.990  INFO 1 --- [           main] org.hibernate.Version                    : HHH000412: Hibernate ORM core version 5.6.9.Final
2022-07-25 20:15:40.511  INFO 1 --- [           main] o.hibernate.annotations.common.Version   : HCANN000001: Hibernate Commons Annotations {5.1.2.Final}
2022-07-25 20:15:41.540  INFO 1 --- [           main] com.zaxxer.hikari.HikariDataSource       : HikariPool-1 - Starting...
2022-07-25 20:15:46.274  INFO 1 --- [           main] com.zaxxer.hikari.HikariDataSource       : HikariPool-1 - Start completed.
2022-07-25 20:15:46.428  INFO 1 --- [           main] org.hibernate.dialect.Dialect            : HHH000400: Using dialect: org.hibernate.dialect.MySQL8Dialect
2022-07-25 20:15:48.888  INFO 1 --- [           main] o.h.e.t.j.p.i.JtaPlatformInitiator       : HHH000490: Using JtaPlatform implementation: [org.hibernate.engine.transaction.jta.platform.internal.NoJtaPlatform]
2022-07-25 20:15:48.941  INFO 1 --- [           main] j.LocalContainerEntityManagerFactoryBean : Initialized JPA EntityManagerFactory for persistence unit 'default'
2022-07-25 20:15:51.081  INFO 1 --- [           main] o.c.s.w.s.ServerTracingAutoConfiguration : Creating WebMvcConfigurer bean with class io.opentracing.contrib.spring.web.interceptor.TracingHandlerInterceptor
2022-07-25 20:15:51.089  WARN 1 --- [           main] JpaBaseConfiguration$JpaWebConfiguration : spring.jpa.open-in-view is enabled by default. Therefore, database queries may be performed during view rendering. Explicitly configure spring.jpa.open-in-view to disable this warning
2022-07-25 20:15:51.309  INFO 1 --- [           main] c.b.a.aspect.LoggingAspect               : Entering CLASS_NAME:KafkaProducerConfiguration METHOD_NAME:kafkaTemplate with input parameters []
2022-07-25 20:15:51.326  INFO 1 --- [           main] c.b.a.aspect.LoggingAspect               : Entering CLASS_NAME:KafkaProducerConfiguration METHOD_NAME:producerFactory with input parameters []
2022-07-25 20:15:51.345  INFO 1 --- [           main] c.b.a.aspect.LoggingAspect               : Exiting CLASS_NAME:KafkaProducerConfiguration METHOD_NAME:producerFactory with return value [org.springframework.kafka.core.DefaultKafkaProducerFactory@58a7dc4] and execution time of 0 minutes and 0 seconds
2022-07-25 20:15:51.401  INFO 1 --- [           main] c.b.a.aspect.LoggingAspect               : Exiting CLASS_NAME:KafkaProducerConfiguration METHOD_NAME:kafkaTemplate with return value [org.springframework.kafka.core.KafkaTemplate@6f3bd37f] and execution time of 0 minutes and 0 seconds
2022-07-25 20:15:51.813  INFO 1 --- [           main] c.b.a.aspect.LoggingAspect               : Entering CLASS_NAME:PasswordConfig METHOD_NAME:passwordEncoder with input parameters []
2022-07-25 20:15:51.822  INFO 1 --- [           main] c.b.a.aspect.LoggingAspect               : Exiting CLASS_NAME:PasswordConfig METHOD_NAME:passwordEncoder with return value [org.springframework.security.crypto.bcrypt.BCryptPasswordEncoder@61a87366] and execution time of 0 minutes and 0 seconds
2022-07-25 20:15:51.963  INFO 1 --- [           main] c.b.a.aspect.LoggingAspect               : Entering CLASS_NAME:ApplicationSecurityConfiguration METHOD_NAME:daoAuthenticationProvider with input parameters []
2022-07-25 20:15:51.996  INFO 1 --- [           main] c.b.a.aspect.LoggingAspect               : Exiting CLASS_NAME:ApplicationSecurityConfiguration METHOD_NAME:daoAuthenticationProvider with return value [org.springframework.security.authentication.dao.DaoAuthenticationProvider@21dea711] and execution time of 0 minutes and 0 seconds
2022-07-25 20:15:52.164  INFO 1 --- [           main] o.s.s.web.DefaultSecurityFilterChain     : Will secure any request with [org.springframework.security.web.session.DisableEncodeUrlFilter@3181d4de, org.springframework.security.web.context.request.async.WebAsyncManagerIntegrationFilter@4f64d9cb, org.springframework.security.web.context.SecurityContextPersistenceFilter@64a1116a, org.springframework.security.web.header.HeaderWriterFilter@30159886, org.springframework.security.web.authentication.logout.LogoutFilter@401788d5, com.bookmyconsultation.appointmentservice.security.JWTAuthenticationFilter@639c7f9c, com.bookmyconsultation.appointmentservice.security.JWTTokenVerifier@270d5060, org.springframework.security.web.savedrequest.RequestCacheAwareFilter@2bcda694, org.springframework.security.web.servletapi.SecurityContextHolderAwareRequestFilter@537b3b2e, org.springframework.security.web.authentication.AnonymousAuthenticationFilter@1815577b, org.springframework.security.web.session.SessionManagementFilter@50f4b83d, org.springframework.security.web.access.ExceptionTranslationFilter@7f4e5a39, org.springframework.security.web.access.intercept.FilterSecurityInterceptor@147e0734]
2022-07-25 20:15:53.415  INFO 1 --- [           main] o.s.b.a.e.web.EndpointLinksResolver      : Exposing 16 endpoint(s) beneath base path '/actuator'
2022-07-25 20:15:53.567  INFO 1 --- [           main] o.s.b.w.embedded.tomcat.TomcatWebServer  : Tomcat started on port(s): 8082 (http) with context path ''
2022-07-25 20:15:53.602  INFO 1 --- [           main] c.b.a.AppointmentServiceApplication      : Started AppointmentServiceApplication in 47.998 seconds (JVM running for 51.84)
2022-07-25 20:15:57.266  INFO 1 --- [nio-8082-exec-1] o.a.c.c.C.[Tomcat].[localhost].[/]       : Initializing Spring DispatcherServlet 'dispatcherServlet'
2022-07-25 20:15:57.267  INFO 1 --- [nio-8082-exec-1] o.s.web.servlet.DispatcherServlet        : Initializing Servlet 'dispatcherServlet'
2022-07-25 20:15:57.271  INFO 1 --- [nio-8082-exec-1] o.s.web.servlet.DispatcherServlet        : Completed initialization in 3 ms
2022-07-25 22:30:21.270  INFO 1 --- [onaws.com:27017] org.mongodb.driver.cluster               : Exception in monitor thread while connecting to server ec2-3-232-57-4.compute-1.amazonaws.com:27017

com.mongodb.MongoNodeIsRecoveringException: Command failed with error 11600 (InterruptedAtShutdown): 'interrupted at shutdown' on server ec2-3-232-57-4.compute-1.amazonaws.com:27017. The full response is {"ok": 0.0, "errmsg": "interrupted at shutdown", "code": 11600, "codeName": "InterruptedAtShutdown"}
	at com.mongodb.internal.connection.ProtocolHelper.createSpecialException(ProtocolHelper.java:266)
	at com.mongodb.internal.connection.ProtocolHelper.getCommandFailureException(ProtocolHelper.java:194)
	at com.mongodb.internal.connection.InternalStreamConnection.receiveCommandMessageResponse(InternalStreamConnection.java:413)
	at com.mongodb.internal.connection.InternalStreamConnection.receive(InternalStreamConnection.java:369)
	at com.mongodb.internal.connection.DefaultServerMonitor$ServerMonitorRunnable.lookupServerDescription(DefaultServerMonitor.java:221)
	at com.mongodb.internal.connection.DefaultServerMonitor$ServerMonitorRunnable.run(DefaultServerMonitor.java:157)
	at java.base/java.lang.Thread.run(Thread.java:829)

2022-07-25 22:30:41.317  INFO 1 --- [onaws.com:27017] org.mongodb.driver.cluster               : Exception in monitor thread while connecting to server ec2-3-232-57-4.compute-1.amazonaws.com:27017

com.mongodb.MongoSocketOpenException: Exception opening socket
	at com.mongodb.internal.connection.SocketStream.open(SocketStream.java:70)
	at com.mongodb.internal.connection.InternalStreamConnection.open(InternalStreamConnection.java:180)
	at com.mongodb.internal.connection.DefaultServerMonitor$ServerMonitorRunnable.lookupServerDescription(DefaultServerMonitor.java:193)
	at com.mongodb.internal.connection.DefaultServerMonitor$ServerMonitorRunnable.run(DefaultServerMonitor.java:157)
	at java.base/java.lang.Thread.run(Thread.java:829)
Caused by: java.net.SocketTimeoutException: connect timed out
	at java.base/java.net.PlainSocketImpl.socketConnect(Native Method)
	at java.base/java.net.AbstractPlainSocketImpl.doConnect(AbstractPlainSocketImpl.java:412)
	at java.base/java.net.AbstractPlainSocketImpl.connectToAddress(AbstractPlainSocketImpl.java:255)
	at java.base/java.net.AbstractPlainSocketImpl.connect(AbstractPlainSocketImpl.java:237)
	at java.base/java.net.SocksSocketImpl.connect(SocksSocketImpl.java:392)
	at java.base/java.net.Socket.connect(Socket.java:615)
	at com.mongodb.internal.connection.SocketStreamHelper.initialize(SocketStreamHelper.java:107)
	at com.mongodb.internal.connection.SocketStream.initializeSocket(SocketStream.java:79)
	at com.mongodb.internal.connection.SocketStream.open(SocketStream.java:65)
	... 4 common frames omitted

